mode: set
maand/data/allocation_state.go:10.53,12.2 1 1
maand/data/allocation_state.go:15.73,17.16 2 1
maand/data/allocation_state.go:17.16,19.3 1 0
maand/data/allocation_state.go:20.2,20.18 1 1
maand/data/allocation_state.go:20.18,22.3 1 0
maand/data/allocation_state.go:23.2,24.16 2 1
maand/data/allocation_state.go:24.16,26.3 1 0
maand/data/allocation_state.go:27.2,27.27 1 1
maand/data/allocation_state.go:32.87,34.2 1 1
maand/data/allocation_version.go:14.73,17.16 3 1
maand/data/allocation_version.go:17.16,19.3 1 0
maand/data/allocation_version.go:20.2,20.12 1 1
maand/data/allocation_version.go:24.74,27.16 3 1
maand/data/allocation_version.go:27.16,28.27 1 1
maand/data/allocation_version.go:28.27,30.4 1 1
maand/data/allocation_version.go:31.3,31.39 1 0
maand/data/allocation_version.go:33.2,33.48 1 1
maand/data/allocation_version.go:38.87,48.16 3 1
maand/data/allocation_version.go:48.16,50.3 1 0
maand/data/allocation_version.go:51.2,51.15 1 1
maand/data/allocation_version.go:51.15,53.3 1 1
maand/data/allocation_version.go:55.2,56.18 2 1
maand/data/allocation_version.go:56.18,58.46 2 1
maand/data/allocation_version.go:58.46,60.4 1 0
maand/data/allocation_version.go:61.3,61.38 1 1
maand/data/allocation_version.go:63.2,63.38 1 1
maand/data/allocation_version.go:63.38,65.3 1 0
maand/data/allocation_version.go:66.2,66.21 1 1
maand/data/allocation_version.go:70.77,80.16 3 1
maand/data/allocation_version.go:80.16,82.3 1 0
maand/data/allocation_version.go:83.2,83.15 1 1
maand/data/allocation_version.go:83.15,85.3 1 1
maand/data/allocation_version.go:87.2,88.18 2 1
maand/data/allocation_version.go:88.18,90.46 2 1
maand/data/allocation_version.go:90.46,92.4 1 0
maand/data/allocation_version.go:93.3,93.38 1 1
maand/data/allocation_version.go:95.2,95.38 1 1
maand/data/allocation_version.go:95.38,97.3 1 0
maand/data/allocation_version.go:98.2,98.21 1 1
maand/data/allocation_version.go:102.84,104.16 2 1
maand/data/allocation_version.go:104.16,106.3 1 0
maand/data/allocation_version.go:107.2,109.16 3 1
maand/data/allocation_version.go:109.16,111.3 1 0
maand/data/allocation_version.go:112.2,112.60 1 1
maand/data/allocations_meta.go:14.65,16.16 2 1
maand/data/allocations_meta.go:16.16,18.3 1 1
maand/data/allocations_meta.go:20.2,21.56 2 1
maand/data/allocations_meta.go:21.56,23.3 1 0
maand/data/allocations_meta.go:24.2,24.19 1 1
maand/data/bucket_meta.go:16.50,19.35 3 1
maand/data/bucket_meta.go:19.35,21.3 1 0
maand/data/bucket_meta.go:22.2,22.16 1 1
maand/data/bucket_meta.go:22.16,24.3 1 0
maand/data/bucket_meta.go:25.2,25.28 1 1
maand/data/bucket_meta.go:29.60,31.16 2 1
maand/data/bucket_meta.go:31.16,33.3 1 0
maand/data/bucket_meta.go:34.2,34.12 1 1
maand/data/bucket_meta.go:37.46,40.16 3 1
maand/data/bucket_meta.go:40.16,42.3 1 0
maand/data/bucket_meta.go:43.2,43.22 1 1
maand/data/bucket_meta.go:46.50,49.16 3 1
maand/data/bucket_meta.go:49.16,51.3 1 0
maand/data/bucket_meta.go:52.2,52.23 1 1
maand/data/bucket_meta.go:55.58,57.16 2 1
maand/data/bucket_meta.go:57.16,59.3 1 0
maand/data/bucket_meta.go:60.2,60.12 1 1
maand/data/bucket_meta.go:63.51,66.16 3 1
maand/data/bucket_meta.go:66.16,68.3 1 0
maand/data/bucket_meta.go:69.2,69.20 1 1
maand/data/bucket_meta.go:73.48,78.2 1 1
maand/data/bucket_meta.go:81.50,86.2 1 1
maand/data/bucket_meta.go:89.43,92.2 2 1
maand/data/bucket_meta.go:94.57,107.2 1 1
maand/data/bucket_meta.go:110.75,116.16 2 1
maand/data/bucket_meta.go:116.16,118.3 1 0
maand/data/bucket_meta.go:119.2,119.15 1 1
maand/data/bucket_meta.go:119.15,121.3 1 1
maand/data/bucket_meta.go:123.2,124.18 2 1
maand/data/bucket_meta.go:124.18,126.49 2 1
maand/data/bucket_meta.go:126.49,128.4 1 0
maand/data/bucket_meta.go:129.3,133.4 1 1
maand/data/bucket_meta.go:135.2,135.38 1 1
maand/data/bucket_meta.go:135.38,137.3 1 0
maand/data/bucket_meta.go:138.2,138.24 1 1
maand/data/bucket_meta.go:142.90,144.15 2 1
maand/data/bucket_meta.go:144.15,146.3 1 1
maand/data/bucket_meta.go:147.2,148.16 2 1
maand/data/bucket_meta.go:148.16,150.3 1 0
maand/data/bucket_meta.go:151.2,151.45 1 1
maand/data/bucket_meta.go:156.77,158.16 2 1
maand/data/bucket_meta.go:158.16,160.3 1 0
maand/data/bucket_meta.go:162.2,164.31 3 1
maand/data/bucket_meta.go:164.31,165.28 1 1
maand/data/bucket_meta.go:165.28,166.29 1 1
maand/data/bucket_meta.go:166.29,167.13 1 1
maand/data/bucket_meta.go:169.4,170.39 2 1
maand/data/bucket_meta.go:174.2,174.37 1 1
maand/data/bucket_meta.go:174.37,176.17 2 1
maand/data/bucket_meta.go:176.17,178.4 1 0
maand/data/bucket_meta.go:179.3,179.18 1 1
maand/data/bucket_meta.go:181.2,181.24 1 1
maand/data/database.go:21.28,23.2 1 1
maand/data/database.go:26.28,29.2 2 1
maand/data/database.go:33.56,35.19 2 1
maand/data/database.go:35.19,36.52 1 1
maand/data/database.go:36.52,38.4 1 1
maand/data/database.go:41.2,42.16 2 1
maand/data/database.go:42.16,44.3 1 0
maand/data/database.go:45.2,45.16 1 1
maand/data/hash.go:14.64,18.16 4 1
maand/data/hash.go:18.16,19.36 1 1
maand/data/hash.go:19.36,21.18 2 1
maand/data/hash.go:21.18,23.5 1 0
maand/data/hash.go:24.4,24.14 1 1
maand/data/hash.go:26.3,26.35 1 0
maand/data/hash.go:29.2,30.16 2 1
maand/data/hash.go:30.16,32.3 1 0
maand/data/hash.go:33.2,33.12 1 1
maand/data/hash.go:36.67,40.16 4 1
maand/data/hash.go:40.16,41.36 1 0
maand/data/hash.go:41.36,43.4 1 0
maand/data/hash.go:44.3,44.42 1 0
maand/data/hash.go:46.2,46.53 1 1
maand/data/hash.go:49.65,51.16 2 1
maand/data/hash.go:51.16,53.3 1 0
maand/data/hash.go:54.2,54.12 1 1
maand/data/hash.go:57.64,59.16 2 1
maand/data/hash.go:59.16,61.3 1 0
maand/data/hash.go:62.2,62.12 1 1
maand/data/hash.go:65.90,68.16 3 1
maand/data/hash.go:68.16,69.36 1 1
maand/data/hash.go:69.36,71.4 1 1
maand/data/hash.go:72.3,72.39 1 0
maand/data/hash.go:74.2,74.26 1 1
maand/data/hash_allocation.go:16.66,19.2 2 1
maand/data/hash_allocation.go:23.74,30.16 4 1
maand/data/hash_allocation.go:30.16,31.36 1 1
maand/data/hash_allocation.go:31.36,37.18 2 1
maand/data/hash_allocation.go:37.18,39.5 1 0
maand/data/hash_allocation.go:40.4,40.14 1 1
maand/data/hash_allocation.go:42.3,42.35 1 0
maand/data/hash_allocation.go:45.2,49.16 2 1
maand/data/hash_allocation.go:49.16,51.3 1 0
maand/data/hash_allocation.go:52.2,52.12 1 1
maand/data/hash_allocation.go:56.70,67.16 2 1
maand/data/hash_allocation.go:67.16,69.3 1 0
maand/data/hash_allocation.go:70.2,70.12 1 1
maand/data/hash_allocation.go:74.72,80.16 3 1
maand/data/hash_allocation.go:80.16,82.3 1 0
maand/data/hash_allocation.go:83.2,83.12 1 1
maand/data/hash_allocation.go:87.72,92.16 2 1
maand/data/hash_allocation.go:92.16,94.3 1 0
maand/data/hash_allocation.go:95.2,95.12 1 1
maand/data/hash_allocation.go:99.91,106.50 4 1
maand/data/hash_allocation.go:106.50,108.3 1 0
maand/data/hash_allocation.go:110.2,111.16 2 1
maand/data/hash_allocation.go:111.16,113.3 1 0
maand/data/hash_allocation.go:115.2,118.8 1 1
maand/data/hash_health.go:20.73,23.16 3 1
maand/data/hash_health.go:23.16,25.3 1 0
maand/data/hash_health.go:27.2,32.35 3 1
maand/data/hash_health.go:32.35,34.3 1 0
maand/data/hash_health.go:35.2,35.16 1 1
maand/data/hash_health.go:35.16,37.3 1 0
maand/data/hash_health.go:38.2,38.54 1 1
maand/data/hash_health.go:38.54,40.3 1 0
maand/data/hash_health.go:41.2,41.52 1 1
maand/data/hash_health.go:41.52,43.3 1 0
maand/data/hash_health.go:44.2,44.47 1 1
maand/data/hash_health.go:44.47,46.3 1 1
maand/data/hash_health.go:48.2,52.16 2 1
maand/data/hash_health.go:52.16,54.3 1 0
maand/data/hash_health.go:55.2,55.12 1 1
maand/data/hash_read.go:16.106,22.16 3 1
maand/data/hash_read.go:22.16,23.36 1 1
maand/data/hash_read.go:23.36,25.4 1 1
maand/data/hash_read.go:26.3,26.50 1 0
maand/data/hash_read.go:28.2,28.37 1 1
maand/data/job.go:16.44,18.16 2 1
maand/data/job.go:18.16,20.3 1 0
maand/data/job.go:21.2,21.15 1 1
maand/data/job.go:21.15,23.3 1 1
maand/data/job.go:25.2,26.18 2 1
maand/data/job.go:26.18,28.42 2 1
maand/data/job.go:28.42,30.4 1 0
maand/data/job.go:31.3,31.36 1 1
maand/data/job.go:33.2,33.38 1 1
maand/data/job.go:33.38,35.3 1 0
maand/data/job.go:36.2,36.22 1 1
maand/data/job.go:39.73,43.16 4 1
maand/data/job.go:43.16,45.3 1 0
maand/data/job.go:46.2,46.34 1 1
maand/data/job.go:49.59,53.16 4 1
maand/data/job.go:53.16,55.3 1 0
maand/data/job.go:56.2,56.20 1 1
maand/data/job.go:59.70,63.16 4 1
maand/data/job.go:63.16,65.3 1 0
maand/data/job.go:66.2,66.28 1 1
maand/data/job.go:69.56,73.16 4 1
maand/data/job.go:73.16,75.3 1 0
maand/data/job.go:76.2,76.17 1 1
maand/data/job.go:79.60,83.16 4 1
maand/data/job.go:83.16,85.3 1 0
maand/data/job.go:86.2,86.21 1 1
maand/data/job.go:89.68,94.16 2 1
maand/data/job.go:94.16,96.3 1 0
maand/data/job.go:97.2,97.15 1 1
maand/data/job.go:97.15,99.3 1 1
maand/data/job.go:101.2,102.18 2 1
maand/data/job.go:102.18,104.46 2 1
maand/data/job.go:104.46,106.4 1 0
maand/data/job.go:107.3,107.42 1 1
maand/data/job.go:109.2,109.38 1 1
maand/data/job.go:109.38,111.3 1 0
maand/data/job.go:112.2,112.23 1 1
maand/data/job.go:116.86,124.16 3 1
maand/data/job.go:124.16,126.3 1 0
maand/data/job.go:127.2,127.15 1 1
maand/data/job.go:127.15,129.3 1 1
maand/data/job.go:131.2,132.18 2 1
maand/data/job.go:132.18,134.56 2 1
maand/data/job.go:134.56,136.4 1 0
maand/data/job.go:137.3,138.60 2 1
maand/data/job.go:138.60,140.4 1 0
maand/data/job.go:141.3,141.68 1 1
maand/data/job.go:141.68,143.4 1 0
maand/data/job.go:144.3,144.11 1 1
maand/data/job.go:146.2,146.38 1 1
maand/data/job.go:146.38,148.3 1 0
maand/data/job.go:149.2,149.17 1 1
maand/data/job.go:149.17,151.3 1 1
maand/data/job.go:152.2,152.12 1 1
maand/data/job.go:155.65,160.16 2 1
maand/data/job.go:160.16,162.3 1 0
maand/data/job.go:163.2,163.15 1 1
maand/data/job.go:163.15,165.3 1 1
maand/data/job.go:167.2,167.18 1 1
maand/data/job.go:167.18,172.17 5 1
maand/data/job.go:172.17,174.4 1 0
maand/data/job.go:176.3,176.12 1 1
maand/data/job.go:176.12,178.18 2 1
maand/data/job.go:178.18,180.5 1 0
maand/data/job.go:181.4,181.12 1 1
maand/data/job.go:183.3,184.17 2 1
maand/data/job.go:184.17,186.4 1 0
maand/data/job.go:189.2,189.38 1 1
maand/data/job.go:189.38,191.3 1 0
maand/data/job.go:192.2,192.12 1 1
maand/data/job.go:195.72,199.16 4 1
maand/data/job.go:199.16,201.3 1 0
maand/data/job.go:202.2,202.21 1 1
maand/data/job.go:205.70,212.16 2 1
maand/data/job.go:212.16,214.3 1 0
maand/data/job.go:215.2,215.15 1 1
maand/data/job.go:215.15,217.3 1 1
maand/data/job.go:219.2,220.18 2 1
maand/data/job.go:220.18,222.46 2 1
maand/data/job.go:222.46,224.4 1 0
maand/data/job.go:225.3,225.42 1 1
maand/data/job.go:227.2,227.38 1 1
maand/data/job.go:227.38,229.3 1 0
maand/data/job.go:230.2,230.23 1 1
maand/data/job.go:235.84,243.16 2 1
maand/data/job.go:243.16,245.3 1 0
maand/data/job.go:246.2,246.15 1 1
maand/data/job.go:246.15,248.3 1 1
maand/data/job.go:250.2,251.18 2 1
maand/data/job.go:251.18,253.46 2 1
maand/data/job.go:253.46,255.4 1 0
maand/data/job.go:256.3,256.42 1 1
maand/data/job.go:258.2,258.38 1 1
maand/data/job.go:258.38,260.3 1 0
maand/data/job.go:261.2,261.23 1 1
maand/data/job.go:265.74,273.16 2 1
maand/data/job.go:273.16,275.3 1 0
maand/data/job.go:276.2,276.15 1 1
maand/data/job.go:276.15,278.3 1 1
maand/data/job.go:280.2,281.18 2 1
maand/data/job.go:281.18,283.46 2 1
maand/data/job.go:283.46,285.4 1 0
maand/data/job.go:286.3,286.42 1 1
maand/data/job.go:288.2,288.38 1 1
maand/data/job.go:288.38,290.3 1 0
maand/data/job.go:291.2,291.23 1 1
maand/data/job.go:294.70,296.16 2 1
maand/data/job.go:296.16,298.3 1 0
maand/data/job.go:299.2,299.15 1 1
maand/data/job.go:299.15,301.3 1 1
maand/data/job.go:303.2,304.18 2 1
maand/data/job.go:304.18,307.17 3 1
maand/data/job.go:307.17,309.4 1 0
maand/data/job.go:311.3,311.39 1 1
maand/data/job.go:313.2,313.38 1 1
maand/data/job.go:313.38,315.3 1 0
maand/data/job.go:316.2,316.22 1 1
maand/data/job.go:319.66,323.16 4 1
maand/data/job.go:323.16,325.3 1 0
maand/data/job.go:326.2,326.33 1 1
maand/data/job.go:329.78,337.16 2 1
maand/data/job.go:337.16,339.3 1 0
maand/data/job.go:340.2,340.15 1 1
maand/data/job.go:340.15,342.3 1 1
maand/data/job.go:344.2,345.18 2 1
maand/data/job.go:345.18,347.45 2 1
maand/data/job.go:347.45,349.4 1 0
maand/data/job.go:350.3,350.39 1 1
maand/data/job.go:352.2,352.38 1 1
maand/data/job.go:352.38,354.3 1 0
maand/data/job.go:355.2,355.22 1 1
maand/data/job.go:358.56,360.16 2 1
maand/data/job.go:360.16,362.3 1 0
maand/data/job.go:363.2,363.15 1 1
maand/data/job.go:363.15,365.3 1 1
maand/data/job.go:367.2,368.18 2 1
maand/data/job.go:368.18,370.45 2 1
maand/data/job.go:370.45,372.4 1 0
maand/data/job.go:373.3,373.39 1 1
maand/data/job.go:375.2,375.38 1 1
maand/data/job.go:375.38,377.3 1 0
maand/data/job.go:378.2,378.22 1 1
maand/data/job_health.go:17.92,20.26 3 1
maand/data/job_health.go:20.26,22.3 1 0
maand/data/job_health.go:23.2,23.16 1 1
maand/data/job_health.go:23.16,25.3 1 0
maand/data/job_health.go:26.2,26.36 1 1
maand/data/job_health.go:26.36,28.3 1 0
maand/data/job_health.go:30.2,31.66 2 1
maand/data/job_health.go:31.66,33.3 1 0
maand/data/job_health.go:34.2,34.27 1 1
maand/data/job_health.go:34.27,36.3 1 0
maand/data/job_health.go:37.2,37.19 1 1
maand/data/job_health.go:41.74,47.26 3 1
maand/data/job_health.go:47.26,49.3 1 0
maand/data/job_health.go:50.2,50.16 1 1
maand/data/job_health.go:50.16,52.3 1 0
maand/data/job_health.go:53.2,53.18 1 1
maand/data/ports.go:18.71,24.16 2 1
maand/data/ports.go:24.16,26.3 1 0
maand/data/ports.go:27.2,27.15 1 1
maand/data/ports.go:27.15,29.3 1 1
maand/data/ports.go:31.2,32.18 2 1
maand/data/ports.go:32.18,35.63 3 1
maand/data/ports.go:35.63,37.4 1 0
maand/data/ports.go:38.3,38.34 1 1
maand/data/ports.go:38.34,40.4 1 1
maand/data/ports.go:41.3,41.40 1 1
maand/data/ports.go:43.2,43.38 1 1
maand/data/ports.go:43.38,45.3 1 0
maand/data/ports.go:46.2,46.25 1 1
maand/data/ports.go:50.75,55.16 2 1
maand/data/ports.go:55.16,57.3 1 0
maand/data/ports.go:58.2,58.15 1 1
maand/data/ports.go:58.15,60.3 1 1
maand/data/ports.go:62.2,63.18 2 1
maand/data/ports.go:63.18,66.49 3 1
maand/data/ports.go:66.49,68.4 1 0
maand/data/ports.go:69.3,69.35 1 1
maand/data/ports.go:71.2,71.38 1 1
maand/data/ports.go:71.38,73.3 1 0
maand/data/ports.go:74.2,74.19 1 1
maand/data/rows.go:13.38,14.17 1 0
maand/data/rows.go:14.17,16.3 1 0
maand/data/rows.go:17.2,17.37 1 0
maand/data/rows.go:17.37,19.3 1 0
maand/data/rows.go:20.2,20.35 1 0
maand/data/rows.go:20.35,22.3 1 0
maand/data/rows.go:23.2,23.12 1 0
maand/data/rows.go:27.36,29.2 1 0
maand/data/rows.go:31.36,32.17 1 1
maand/data/rows.go:32.17,34.3 1 0
maand/data/rows.go:35.2,35.35 1 1
maand/data/rows.go:35.35,37.3 1 0
maand/data/rows.go:38.2,38.12 1 1
maand/data/schema.go:19.38,20.59 1 1
maand/data/schema.go:20.59,22.3 1 0
maand/data/schema.go:24.2,25.16 2 1
maand/data/schema.go:25.16,27.3 1 0
maand/data/schema.go:29.2,29.79 1 1
maand/data/schema.go:29.79,30.59 1 1
maand/data/schema.go:30.59,32.4 1 0
maand/data/schema.go:33.3,33.57 1 1
maand/data/schema.go:33.57,35.4 1 0
maand/data/schema.go:37.2,37.12 1 1
maand/data/schema.go:40.49,45.16 3 1
maand/data/schema.go:45.16,47.3 1 0
maand/data/schema.go:48.2,48.21 1 1
maand/data/schema.go:48.21,50.3 1 1
maand/data/schema.go:52.2,54.26 3 1
maand/data/schema.go:54.26,56.3 1 0
maand/data/schema.go:57.2,57.16 1 1
maand/data/schema.go:57.16,59.3 1 0
maand/data/schema.go:60.2,60.21 1 1
maand/data/schema.go:63.56,69.16 2 1
maand/data/schema.go:69.16,71.3 1 0
maand/data/schema.go:72.2,72.12 1 1
maand/data/schema.go:75.58,76.17 1 1
maand/data/schema.go:77.9,78.25 1 1
maand/data/schema.go:79.10,80.62 1 0
maand/data/schema.go:84.36,90.17 1 1
maand/data/schema.go:90.17,92.3 1 0
maand/data/schema.go:93.2,93.131 1 1
maand/data/schema.go:93.131,95.3 1 0
maand/data/schema.go:96.2,96.125 1 1
maand/data/schema.go:96.125,98.3 1 0
maand/data/schema.go:99.2,99.117 1 1
maand/data/schema.go:99.117,101.3 1 0
maand/data/schema.go:102.2,102.33 1 1
maand/data/schema.go:105.74,111.16 3 1
maand/data/schema.go:111.16,113.3 1 0
maand/data/schema.go:114.2,114.21 1 1
maand/data/schema.go:114.21,116.3 1 1
maand/data/schema.go:117.2,118.16 2 1
maand/data/schema.go:118.16,120.3 1 0
maand/data/schema.go:121.2,121.12 1 1
maand/data/schema.go:124.30,192.2 1 1
maand/data/schema.go:194.45,228.2 2 1
maand/data/schema.go:230.60,231.39 1 1
maand/data/schema.go:231.39,232.47 1 1
maand/data/schema.go:232.47,234.4 1 0
maand/data/schema.go:236.2,236.12 1 1
maand/data/stopped_allocations.go:22.70,27.16 2 1
maand/data/stopped_allocations.go:27.16,29.3 1 0
maand/data/stopped_allocations.go:30.2,30.15 1 1
maand/data/stopped_allocations.go:30.15,32.3 1 1
maand/data/stopped_allocations.go:34.2,35.18 2 1
maand/data/stopped_allocations.go:35.18,38.85 3 1
maand/data/stopped_allocations.go:38.85,40.4 1 0
maand/data/stopped_allocations.go:41.3,43.33 3 1
maand/data/stopped_allocations.go:45.2,45.38 1 1
maand/data/stopped_allocations.go:45.38,47.3 1 0
maand/data/stopped_allocations.go:48.2,48.20 1 1
maand/data/validate.go:24.42,26.2 1 1
maand/data/validate.go:30.86,32.16 2 1
maand/data/validate.go:32.16,34.3 1 0
maand/data/validate.go:36.2,37.16 2 1
maand/data/validate.go:37.16,39.3 1 0
maand/data/validate.go:41.2,47.35 2 1
maand/data/validate.go:47.35,49.17 2 1
maand/data/validate.go:49.17,51.4 1 0
maand/data/validate.go:53.3,54.40 2 1
maand/data/validate.go:54.40,61.18 4 1
maand/data/validate.go:61.18,65.5 3 0
maand/data/validate.go:68.2,71.34 3 1
maand/data/validate.go:71.34,72.64 1 0
maand/data/validate.go:72.64,74.4 1 0
maand/data/validate.go:76.2,76.35 1 1
maand/data/validate.go:79.56,81.30 2 1
maand/data/validate.go:81.30,82.29 1 1
maand/data/validate.go:83.10,84.77 1 0
maand/data/validate.go:85.10,86.77 1 0
maand/data/validate.go:87.10,88.78 1 1
maand/data/validate.go:91.2,91.51 1 0
maand/data/version.go:16.48,18.52 2 1
maand/data/version.go:18.52,20.3 1 1
maand/data/version.go:21.2,21.12 1 1
maand/data/version.go:25.63,27.16 2 1
maand/data/version.go:27.16,29.3 1 0
maand/data/version.go:30.2,30.45 1 1
maand/data/version.go:39.58,40.18 1 1
maand/data/version.go:40.18,42.3 1 1
maand/data/version.go:43.2,43.45 1 1
maand/data/worker.go:15.64,18.41 2 1
maand/data/worker.go:18.41,19.16 1 1
maand/data/worker.go:19.16,21.4 1 1
maand/data/worker.go:22.3,22.19 1 1
maand/data/worker.go:22.19,24.47 2 1
maand/data/worker.go:24.47,26.5 1 0
maand/data/worker.go:27.4,27.39 1 1
maand/data/worker.go:29.3,29.23 1 1
maand/data/worker.go:32.2,32.22 1 1
maand/data/worker.go:32.22,34.17 2 1
maand/data/worker.go:34.17,36.4 1 0
maand/data/worker.go:37.3,37.40 1 1
maand/data/worker.go:37.40,39.4 1 0
maand/data/worker.go:42.2,42.21 1 1
maand/data/worker.go:42.21,50.17 3 1
maand/data/worker.go:50.17,52.4 1 0
maand/data/worker.go:53.3,53.40 1 1
maand/data/worker.go:53.40,55.4 1 0
maand/data/worker.go:58.2,58.21 1 1
maand/data/worker.go:61.63,64.44 3 1
maand/data/worker.go:64.44,66.3 1 0
maand/data/worker.go:67.2,67.22 1 1
maand/data/worker.go:70.69,72.16 2 1
maand/data/worker.go:72.16,74.3 1 0
maand/data/worker.go:75.2,75.15 1 1
maand/data/worker.go:75.15,77.3 1 1
maand/data/worker.go:79.2,80.18 2 1
maand/data/worker.go:80.18,83.17 3 1
maand/data/worker.go:83.17,85.4 1 0
maand/data/worker.go:86.3,86.33 1 1
maand/data/worker.go:88.2,88.38 1 1
maand/data/worker.go:88.38,90.3 1 0
maand/data/worker.go:91.2,91.20 1 1
maand/data/worker.go:94.46,96.16 2 1
maand/data/worker.go:96.16,98.3 1 0
maand/data/worker.go:99.2,99.15 1 1
maand/data/worker.go:99.15,101.3 1 1
maand/data/worker.go:103.2,104.18 2 1
maand/data/worker.go:104.18,107.17 3 1
maand/data/worker.go:107.17,109.4 1 0
maand/data/worker.go:110.3,110.33 1 1
maand/data/worker.go:112.2,112.38 1 1
maand/data/worker.go:112.38,114.3 1 0
maand/data/worker.go:115.2,115.20 1 1
maand/data/worker.go:118.76,120.16 2 1
maand/data/worker.go:120.16,122.3 1 0
maand/data/worker.go:123.2,123.15 1 1
maand/data/worker.go:123.15,125.3 1 1
maand/data/worker.go:127.2,128.18 2 1
maand/data/worker.go:128.18,131.17 3 1
maand/data/worker.go:131.17,133.4 1 0
maand/data/worker.go:134.3,134.20 1 1
maand/data/worker.go:136.2,136.38 1 1
maand/data/worker.go:136.38,138.3 1 0
maand/data/worker.go:139.2,139.18 1 1
maand/data/worker.go:142.58,144.16 2 1
maand/data/worker.go:144.16,146.3 1 0
maand/data/worker.go:147.2,147.15 1 1
maand/data/worker.go:147.15,149.3 1 1
maand/data/worker.go:151.2,152.18 2 1
maand/data/worker.go:152.18,154.46 2 1
maand/data/worker.go:154.46,156.4 1 0
maand/data/worker.go:157.3,157.38 1 1
maand/data/worker.go:159.2,159.38 1 1
maand/data/worker.go:159.38,161.3 1 0
maand/data/worker.go:162.2,162.21 1 1
maand/data/worker.go:165.50,168.16 3 1
maand/data/worker.go:168.16,170.3 1 0
maand/data/worker.go:171.2,171.15 1 1
maand/data/worker.go:171.15,173.3 1 1
maand/data/worker.go:175.2,175.18 1 1
maand/data/worker.go:175.18,178.17 3 1
maand/data/worker.go:178.17,180.4 1 0
maand/data/worker.go:181.3,181.38 1 1
maand/data/worker.go:183.2,183.38 1 1
maand/data/worker.go:183.38,185.3 1 0
maand/data/worker.go:186.2,186.21 1 1
maand/data/worker.go:189.64,193.16 4 1
maand/data/worker.go:193.16,195.3 1 0
maand/data/worker.go:196.2,196.29 1 1
maand/data/worker.go:199.67,203.16 4 1
maand/data/worker.go:203.16,205.3 1 0
maand/data/worker.go:206.2,206.31 1 1
maand/data/worker.go:209.70,211.16 2 1
maand/data/worker.go:211.16,213.3 1 0
maand/data/worker.go:215.2,216.15 2 1
maand/data/worker.go:216.15,218.3 1 1
maand/data/worker.go:219.2,219.18 1 1
maand/data/worker.go:219.18,222.17 3 1
maand/data/worker.go:222.17,224.4 1 0
maand/data/worker.go:225.3,225.45 1 1
maand/data/worker.go:227.2,227.38 1 1
maand/data/worker.go:227.38,229.3 1 0
maand/data/worker.go:230.2,230.27 1 1
maand/data/worker.go:233.76,235.16 2 1
maand/data/worker.go:235.16,237.3 1 0
maand/data/worker.go:239.2,240.15 2 1
maand/data/worker.go:240.15,242.3 1 1
maand/data/worker.go:243.2,243.18 1 1
maand/data/worker.go:243.18,246.17 3 1
maand/data/worker.go:246.17,248.4 1 0
maand/data/worker.go:249.3,249.45 1 1
maand/data/worker.go:251.2,251.38 1 1
maand/data/worker.go:251.38,253.3 1 0
maand/data/worker.go:254.2,254.27 1 1
maand/data/worker.go:257.68,259.16 2 1
maand/data/worker.go:259.16,261.3 1 0
maand/data/worker.go:263.2,264.15 2 1
maand/data/worker.go:264.15,266.3 1 1
maand/data/worker.go:267.2,267.18 1 1
maand/data/worker.go:267.18,270.17 3 1
maand/data/worker.go:270.17,272.4 1 0
maand/data/worker.go:273.3,273.56 1 1
maand/data/worker.go:275.2,275.38 1 1
maand/data/worker.go:275.38,277.3 1 0
maand/data/worker.go:278.2,278.30 1 1
maand/data/worker.go:281.74,285.16 4 1
maand/data/worker.go:285.16,287.3 1 0
maand/data/worker.go:288.2,288.22 1 1
maand/data/worker.go:291.73,295.16 4 1
maand/data/worker.go:295.16,297.3 1 0
maand/data/worker.go:298.2,298.21 1 1
maand/data/worker.go:302.76,311.16 2 1
maand/data/worker.go:311.16,313.3 1 0
maand/data/worker.go:314.2,314.15 1 1
maand/data/worker.go:314.15,316.3 1 1
maand/data/worker.go:318.2,319.18 2 1
maand/data/worker.go:319.18,321.46 2 1
maand/data/worker.go:321.46,323.4 1 0
maand/data/worker.go:324.3,324.38 1 1
maand/data/worker.go:326.2,326.38 1 1
maand/data/worker.go:326.38,328.3 1 0
maand/data/worker.go:329.2,329.21 1 1
maand/data/worker.go:332.66,335.16 3 1
maand/data/worker.go:335.16,337.3 1 0
maand/data/worker.go:338.2,338.22 1 1
maand/data/worker.go:341.69,344.16 3 1
maand/data/worker.go:344.16,346.3 1 0
maand/data/worker.go:347.2,347.35 1 1
maand/data/worker.go:347.35,349.17 2 1
maand/data/worker.go:349.17,351.4 1 0
maand/data/worker.go:353.3,354.17 2 1
maand/data/worker.go:354.17,356.4 1 0
maand/data/worker.go:358.3,358.45 1 1
maand/data/worker.go:358.45,359.12 1 1
maand/data/worker.go:362.3,362.50 1 1
maand/data/worker.go:364.2,364.27 1 1
maand/data/worker.go:368.68,370.16 2 1
maand/data/worker.go:370.16,372.3 1 0
maand/data/worker.go:373.2,373.36 1 1
maand/data/worker.go:377.73,382.16 2 1
maand/data/worker.go:382.16,384.3 1 0
maand/data/worker.go:385.2,385.15 1 1
maand/data/worker.go:385.15,387.3 1 1
maand/data/worker.go:389.2,390.18 2 1
maand/data/worker.go:390.18,392.46 2 1
maand/data/worker.go:392.46,394.4 1 0
maand/data/worker.go:395.3,395.38 1 1
maand/data/worker.go:397.2,397.38 1 1
maand/data/worker.go:397.38,399.3 1 0
maand/data/worker.go:400.2,400.21 1 1
maand/data/worker.go:404.72,406.16 2 1
maand/data/worker.go:406.16,408.3 1 0
maand/data/worker.go:409.2,409.30 1 1
maand/data/worker_catalog.go:13.57,15.37 2 1
maand/data/worker_catalog.go:15.37,17.3 1 1
maand/data/worker_catalog.go:18.2,18.16 1 1
maand/data/worker_catalog.go:22.59,24.16 2 1
maand/data/worker_catalog.go:24.16,26.3 1 0
maand/data/worker_catalog.go:27.2,27.41 1 1
maand/data/worker_catalog.go:31.55,32.14 1 1
maand/data/worker_catalog.go:32.14,34.3 1 0
maand/data/worker_catalog.go:35.2,36.11 2 1
maand/deploy/allocations.go:17.80,19.35 2 1
maand/deploy/allocations.go:19.35,21.17 2 1
maand/deploy/allocations.go:21.17,23.4 1 0
maand/deploy/allocations.go:24.3,24.9 1 1
maand/deploy/allocations.go:24.9,26.4 1 1
maand/deploy/allocations.go:28.2,28.20 1 1
maand/deploy/allocations.go:31.87,33.16 2 1
maand/deploy/allocations.go:33.16,35.3 1 0
maand/deploy/allocations.go:36.2,36.30 1 1
maand/deploy/allocations.go:36.30,38.3 1 1
maand/deploy/allocations.go:40.2,41.16 2 1
maand/deploy/allocations.go:41.16,43.3 1 0
maand/deploy/allocations.go:45.2,46.80 2 1
maand/deploy/allocations.go:46.80,48.17 2 1
maand/deploy/allocations.go:48.17,50.4 1 0
maand/deploy/allocations.go:51.3,51.65 1 1
maand/deploy/allocations.go:52.17,54.3 1 1
maand/deploy/allocations.go:56.2,57.12 2 1
maand/deploy/allocations.go:60.86,61.12 1 1
maand/deploy/allocations.go:61.12,63.17 2 1
maand/deploy/allocations.go:63.17,65.4 1 0
maand/deploy/allocations.go:66.3,67.17 2 1
maand/deploy/allocations.go:67.17,69.4 1 0
maand/deploy/allocations.go:70.3,70.63 1 1
maand/deploy/allocations.go:72.2,73.16 2 1
maand/deploy/allocations.go:73.16,75.3 1 0
maand/deploy/allocations.go:76.2,77.16 2 1
maand/deploy/allocations.go:77.16,79.3 1 0
maand/deploy/allocations.go:80.2,80.54 1 1
maand/deploy/allocations.go:83.103,85.16 2 1
maand/deploy/allocations.go:85.16,87.3 1 0
maand/deploy/allocations.go:88.2,88.34 1 1
maand/deploy/allocations.go:88.34,90.3 1 1
maand/deploy/allocations.go:92.2,93.16 2 1
maand/deploy/allocations.go:93.16,95.3 1 0
maand/deploy/allocations.go:97.2,98.16 2 1
maand/deploy/allocations.go:98.16,100.3 1 0
maand/deploy/allocations.go:102.2,103.78 2 1
maand/deploy/allocations.go:103.78,105.17 2 1
maand/deploy/allocations.go:105.17,107.4 1 0
maand/deploy/allocations.go:108.3,108.67 1 1
maand/deploy/allocations.go:109.17,111.3 1 0
maand/deploy/allocations.go:113.2,114.12 2 1
maand/deploy/allocations.go:117.101,119.27 2 1
maand/deploy/allocations.go:119.27,121.3 1 1
maand/deploy/allocations.go:123.2,124.16 2 1
maand/deploy/allocations.go:124.16,126.3 1 0
maand/deploy/allocations.go:128.2,128.32 1 1
maand/deploy/allocations.go:128.32,129.41 1 1
maand/deploy/allocations.go:129.41,130.12 1 0
maand/deploy/allocations.go:132.3,132.84 1 1
maand/deploy/allocations.go:132.84,134.4 1 0
maand/deploy/allocations.go:136.2,136.12 1 1
maand/deploy/allocations.go:145.9,148.16 3 1
maand/deploy/allocations.go:148.16,150.3 1 0
maand/deploy/allocations.go:152.2,153.16 2 1
maand/deploy/allocations.go:153.16,155.3 1 0
maand/deploy/allocations.go:157.2,157.24 1 1
maand/deploy/allocations.go:157.24,159.17 2 1
maand/deploy/allocations.go:159.17,161.4 1 1
maand/deploy/allocations.go:161.9,161.93 1 1
maand/deploy/allocations.go:161.93,163.4 1 0
maand/deploy/allocations.go:164.3,164.20 1 1
maand/deploy/allocations.go:164.20,165.114 1 1
maand/deploy/allocations.go:165.114,167.5 1 0
maand/deploy/allocations.go:171.2,171.19 1 1
maand/deploy/allocations.go:171.19,172.75 1 1
maand/deploy/allocations.go:172.75,174.4 1 0
maand/deploy/allocations.go:177.2,177.12 1 1
maand/deploy/allocations.go:191.9,193.16 2 1
maand/deploy/allocations.go:193.16,195.3 1 0
maand/deploy/allocations.go:197.2,198.16 2 1
maand/deploy/allocations.go:198.16,200.3 1 0
maand/deploy/allocations.go:202.2,205.32 3 1
maand/deploy/allocations.go:205.32,207.17 2 1
maand/deploy/allocations.go:207.17,209.4 1 0
maand/deploy/allocations.go:211.3,213.89 2 1
maand/deploy/allocations.go:213.89,215.4 1 0
maand/deploy/allocations.go:217.3,217.17 1 1
maand/deploy/allocations.go:217.17,219.4 1 1
maand/deploy/allocations.go:221.3,221.78 1 1
maand/deploy/allocations.go:221.78,223.4 1 1
maand/deploy/allocations.go:226.2,226.42 1 1
maand/deploy/allocations.go:226.42,228.17 2 1
maand/deploy/allocations.go:228.17,230.4 1 0
maand/deploy/allocations.go:231.3,231.22 1 1
maand/deploy/allocations.go:231.22,232.85 1 0
maand/deploy/allocations.go:232.85,234.5 1 0
maand/deploy/allocations.go:238.2,238.42 1 1
maand/deploy/allocations.go:238.42,239.78 1 1
maand/deploy/allocations.go:239.78,241.4 1 0
maand/deploy/allocations.go:244.2,244.54 1 1
maand/deploy/allocations.go:247.76,250.16 3 1
maand/deploy/allocations.go:250.16,252.3 1 0
maand/deploy/allocations.go:253.2,254.16 2 1
maand/deploy/allocations.go:254.16,256.3 1 0
maand/deploy/allocations.go:257.2,257.32 1 1
maand/deploy/allocations.go:260.66,262.16 2 1
maand/deploy/allocations.go:262.16,264.3 1 0
maand/deploy/allocations.go:265.2,265.26 1 1
maand/deploy/certs.go:17.58,19.18 2 1
maand/deploy/certs.go:19.18,21.3 1 0
maand/deploy/certs.go:23.2,30.16 4 1
maand/deploy/certs.go:30.16,32.3 1 0
maand/deploy/certs.go:33.2,33.15 1 1
maand/deploy/certs.go:33.15,35.3 1 1
maand/deploy/certs.go:37.2,38.53 2 1
maand/deploy/certs.go:38.53,40.3 1 0
maand/deploy/certs.go:42.2,44.18 2 1
maand/deploy/certs.go:44.18,46.42 2 1
maand/deploy/certs.go:46.42,48.4 1 0
maand/deploy/certs.go:50.3,51.17 2 1
maand/deploy/certs.go:51.17,53.4 1 0
maand/deploy/certs.go:54.3,54.102 1 1
maand/deploy/certs.go:54.102,56.4 1 0
maand/deploy/certs.go:58.3,59.17 2 1
maand/deploy/certs.go:59.17,61.4 1 0
maand/deploy/certs.go:62.3,62.102 1 1
maand/deploy/certs.go:62.102,64.4 1 0
maand/deploy/certs.go:66.2,66.35 1 1
maand/deploy/certs.go:66.35,68.3 1 0
maand/deploy/certs.go:70.2,71.16 2 1
maand/deploy/certs.go:71.16,73.3 1 0
maand/deploy/certs.go:74.2,74.81 1 1
maand/deploy/commands.go:15.81,16.27 1 1
maand/deploy/commands.go:16.27,17.66 1 1
maand/deploy/commands.go:17.66,19.4 1 0
maand/deploy/commands.go:21.2,21.12 1 1
maand/deploy/commands.go:24.84,26.16 2 1
maand/deploy/commands.go:26.16,28.3 1 0
maand/deploy/commands.go:29.2,29.35 1 1
maand/deploy/commands.go:29.35,30.97 1 0
maand/deploy/commands.go:30.97,32.4 1 0
maand/deploy/commands.go:34.2,34.12 1 1
maand/deploy/commands.go:37.79,39.16 2 1
maand/deploy/commands.go:39.16,41.3 1 0
maand/deploy/commands.go:42.2,42.35 1 1
maand/deploy/commands.go:42.35,43.98 1 0
maand/deploy/commands.go:43.98,45.4 1 0
maand/deploy/commands.go:47.2,47.12 1 1
maand/deploy/dead_worker.go:18.3,19.70 1 1
maand/deploy/dead_worker.go:19.70,21.3 1 1
maand/deploy/dead_worker.go:24.84,25.16 1 1
maand/deploy/dead_worker.go:25.16,27.3 1 1
maand/deploy/dead_worker.go:28.2,28.16 1 0
maand/deploy/dead_worker.go:28.16,31.3 2 0
maand/deploy/dead_worker.go:32.2,32.12 1 0
maand/deploy/dry_run.go:49.68,53.16 3 1
maand/deploy/dry_run.go:53.16,55.3 1 0
maand/deploy/dry_run.go:56.2,56.15 1 1
maand/deploy/dry_run.go:56.15,58.3 1 1
maand/deploy/dry_run.go:60.2,60.58 1 1
maand/deploy/dry_run.go:60.58,62.3 1 0
maand/deploy/dry_run.go:63.2,63.15 1 1
maand/deploy/dry_run.go:63.15,65.3 1 1
maand/deploy/dry_run.go:67.2,68.16 2 1
maand/deploy/dry_run.go:68.16,70.3 1 0
maand/deploy/dry_run.go:71.2,71.15 1 1
maand/deploy/dry_run.go:71.15,73.3 1 1
maand/deploy/dry_run.go:75.2,75.42 1 1
maand/deploy/dry_run.go:75.42,77.3 1 0
maand/deploy/dry_run.go:79.2,80.16 2 1
maand/deploy/dry_run.go:80.16,82.3 1 0
maand/deploy/dry_run.go:84.2,85.16 2 1
maand/deploy/dry_run.go:85.16,87.3 1 0
maand/deploy/dry_run.go:89.2,91.82 2 1
maand/deploy/dry_run.go:91.82,93.17 2 1
maand/deploy/dry_run.go:93.17,95.4 1 0
maand/deploy/dry_run.go:96.3,97.21 2 1
maand/deploy/dry_run.go:97.21,98.12 1 0
maand/deploy/dry_run.go:101.3,101.58 1 1
maand/deploy/dry_run.go:101.58,103.4 1 0
maand/deploy/dry_run.go:104.3,104.60 1 1
maand/deploy/dry_run.go:104.60,106.4 1 0
maand/deploy/dry_run.go:108.3,108.28 1 1
maand/deploy/dry_run.go:108.28,110.18 2 1
maand/deploy/dry_run.go:110.18,112.5 1 0
maand/deploy/dry_run.go:113.4,114.25 2 1
maand/deploy/dry_run.go:114.25,116.5 1 1
maand/deploy/dry_run.go:120.2,120.20 1 1
maand/deploy/dry_run.go:123.93,130.16 3 1
maand/deploy/dry_run.go:130.16,132.3 1 0
maand/deploy/dry_run.go:133.2,133.29 1 1
maand/deploy/dry_run.go:133.29,136.3 2 0
maand/deploy/dry_run.go:138.2,139.41 2 1
maand/deploy/dry_run.go:139.41,141.17 2 1
maand/deploy/dry_run.go:141.17,143.4 1 0
maand/deploy/dry_run.go:145.3,146.17 2 1
maand/deploy/dry_run.go:146.17,148.4 1 0
maand/deploy/dry_run.go:150.3,151.10 2 1
maand/deploy/dry_run.go:152.12,154.28 2 0
maand/deploy/dry_run.go:155.23,158.28 3 1
maand/deploy/dry_run.go:159.28,163.28 4 1
maand/deploy/dry_run.go:164.14,168.28 4 1
maand/deploy/dry_run.go:169.11,171.18 2 1
maand/deploy/dry_run.go:171.18,173.5 1 0
maand/deploy/dry_run.go:174.4,174.20 1 1
maand/deploy/dry_run.go:174.20,179.5 4 0
maand/deploy/dry_run.go:179.10,183.5 3 1
maand/deploy/dry_run.go:185.3,185.50 1 1
maand/deploy/dry_run.go:188.2,188.24 1 1
maand/deploy/dry_run.go:188.24,190.3 1 1
maand/deploy/dry_run.go:191.2,191.18 1 1
maand/deploy/dry_run.go:195.39,196.27 1 1
maand/deploy/dry_run.go:196.27,199.3 2 0
maand/deploy/dry_run.go:201.2,201.21 1 1
maand/deploy/dry_run.go:201.21,203.3 1 1
maand/deploy/dry_run.go:203.8,205.3 1 0
maand/deploy/dry_run.go:206.2,209.34 3 1
maand/deploy/dry_run.go:209.34,210.38 1 1
maand/deploy/dry_run.go:210.38,213.4 2 1
maand/deploy/dry_run.go:215.3,215.23 1 1
maand/deploy/dry_run.go:215.23,217.42 2 1
maand/deploy/dry_run.go:217.42,219.5 1 1
maand/deploy/dry_run.go:220.4,220.12 1 1
maand/deploy/dry_run.go:223.3,224.19 2 0
maand/deploy/dry_run.go:224.19,226.4 1 0
maand/deploy/dry_run.go:227.3,227.55 1 0
maand/deploy/dry_run.go:231.48,232.22 1 1
maand/deploy/dry_run.go:233.26,234.30 1 0
maand/deploy/dry_run.go:234.30,236.4 1 0
maand/deploy/dry_run.go:236.9,238.4 1 0
maand/deploy/dry_run.go:239.28,243.4 1 1
maand/deploy/dry_run.go:244.25,245.77 1 0
maand/deploy/dry_run.go:246.10,247.59 1 0
maand/deploy/errors.go:18.35,20.2 1 1
maand/deploy/errors.go:22.35,24.2 1 1
maand/deploy/errors.go:26.52,27.20 1 1
maand/deploy/errors.go:27.20,29.3 1 1
maand/deploy/errors.go:30.2,31.27 2 1
maand/deploy/errors.go:31.27,33.3 1 1
maand/deploy/errors.go:34.2,34.18 1 1
maand/deploy/errors.go:34.18,36.3 1 1
maand/deploy/errors.go:37.2,37.68 1 1
maand/deploy/execute.go:44.34,46.16 2 1
maand/deploy/execute.go:46.16,48.3 1 0
maand/deploy/execute.go:49.2,49.15 1 1
maand/deploy/execute.go:49.15,51.3 1 1
maand/deploy/execute.go:53.2,54.16 2 1
maand/deploy/execute.go:54.16,56.3 1 0
maand/deploy/execute.go:57.2,57.65 1 1
maand/deploy/execute.go:57.65,59.3 1 0
maand/deploy/execute.go:60.2,60.20 1 1
maand/deploy/execute.go:66.53,68.16 2 1
maand/deploy/execute.go:68.16,70.3 1 0
maand/deploy/execute.go:71.2,71.15 1 1
maand/deploy/execute.go:71.15,73.3 1 1
maand/deploy/execute.go:75.2,75.58 1 1
maand/deploy/execute.go:75.58,77.3 1 0
maand/deploy/execute.go:78.2,78.15 1 1
maand/deploy/execute.go:78.15,80.3 1 1
maand/deploy/execute.go:82.2,82.38 1 1
maand/deploy/execute.go:82.38,84.3 1 0
maand/deploy/execute.go:86.2,87.16 2 1
maand/deploy/execute.go:87.16,89.3 1 0
maand/deploy/execute.go:90.2,90.15 1 1
maand/deploy/execute.go:90.15,92.3 1 1
maand/deploy/execute.go:94.2,94.42 1 1
maand/deploy/execute.go:94.42,96.3 1 0
maand/deploy/execute.go:98.2,99.16 2 1
maand/deploy/execute.go:99.16,101.3 1 0
maand/deploy/execute.go:103.2,104.16 2 1
maand/deploy/execute.go:104.16,106.3 1 0
maand/deploy/execute.go:108.2,109.16 2 1
maand/deploy/execute.go:109.16,111.3 1 0
maand/deploy/execute.go:113.2,114.16 2 1
maand/deploy/execute.go:114.16,116.3 1 0
maand/deploy/execute.go:117.2,118.15 2 1
maand/deploy/execute.go:118.15,120.16 2 1
maand/deploy/execute.go:120.16,122.4 1 0
maand/deploy/execute.go:125.2,131.58 3 1
maand/deploy/execute.go:131.58,133.3 1 1
maand/deploy/execute.go:135.2,135.81 1 1
maand/deploy/execute.go:135.81,137.3 1 0
maand/deploy/execute.go:139.2,139.82 1 1
maand/deploy/execute.go:139.82,141.17 2 1
maand/deploy/execute.go:141.17,143.4 1 0
maand/deploy/execute.go:144.3,145.21 2 1
maand/deploy/execute.go:145.21,146.12 1 1
maand/deploy/execute.go:149.3,149.58 1 1
maand/deploy/execute.go:149.58,151.4 1 0
maand/deploy/execute.go:153.3,153.60 1 1
maand/deploy/execute.go:153.60,155.4 1 0
maand/deploy/execute.go:157.3,158.28 2 1
maand/deploy/execute.go:158.28,159.14 1 1
maand/deploy/execute.go:159.14,161.19 2 1
maand/deploy/execute.go:161.19,163.6 1 0
maand/deploy/execute.go:164.5,164.22 1 1
maand/deploy/execute.go:164.22,166.14 2 1
maand/deploy/execute.go:170.4,171.69 2 1
maand/deploy/execute.go:171.69,173.5 1 0
maand/deploy/execute.go:174.4,174.21 1 1
maand/deploy/execute.go:174.21,176.13 2 0
maand/deploy/execute.go:178.4,178.42 1 1
maand/deploy/execute.go:181.3,181.28 1 1
maand/deploy/execute.go:181.28,182.12 1 1
maand/deploy/execute.go:185.3,185.35 1 1
maand/deploy/execute.go:185.35,186.62 1 1
maand/deploy/execute.go:186.62,188.5 1 0
maand/deploy/execute.go:189.4,189.82 1 1
maand/deploy/execute.go:189.82,191.5 1 0
maand/deploy/execute.go:192.4,192.66 1 1
maand/deploy/execute.go:192.66,194.5 1 0
maand/deploy/execute.go:196.4,197.69 2 1
maand/deploy/execute.go:197.69,199.5 1 0
maand/deploy/execute.go:200.4,200.24 1 1
maand/deploy/execute.go:200.24,202.13 2 1
maand/deploy/execute.go:204.4,204.44 1 1
maand/deploy/execute.go:208.2,208.27 1 1
maand/deploy/execute.go:208.27,209.79 1 1
maand/deploy/execute.go:209.79,211.4 1 0
maand/deploy/execute.go:214.2,214.36 1 1
maand/deploy/execute.go:214.36,216.3 1 0
maand/deploy/execute.go:217.2,217.52 1 1
maand/deploy/filters.go:13.55,14.26 1 1
maand/deploy/filters.go:14.26,16.3 1 1
maand/deploy/filters.go:17.2,17.33 1 1
maand/deploy/filters.go:20.71,22.26 2 1
maand/deploy/filters.go:22.26,26.3 3 1
maand/deploy/filters.go:28.2,30.33 3 1
maand/deploy/filters.go:30.33,32.3 1 1
maand/deploy/filters.go:33.2,33.36 1 1
maand/deploy/filters.go:33.36,34.34 1 1
maand/deploy/filters.go:34.34,36.4 1 1
maand/deploy/filters.go:38.2,38.17 1 1
maand/deploy/filters.go:41.44,43.19 2 1
maand/deploy/filters.go:43.19,45.3 1 1
maand/deploy/filters.go:46.2,48.29 3 1
maand/deploy/filters.go:48.29,50.17 2 1
maand/deploy/filters.go:50.17,52.4 1 1
maand/deploy/filters.go:54.2,54.26 1 1
maand/deploy/final_sync.go:22.9,25.35 2 1
maand/deploy/final_sync.go:25.35,27.17 2 1
maand/deploy/final_sync.go:27.17,29.4 1 0
maand/deploy/final_sync.go:30.3,30.24 1 1
maand/deploy/final_sync.go:30.24,31.12 1 0
maand/deploy/final_sync.go:34.3,34.36 1 1
maand/deploy/final_sync.go:34.36,35.34 1 1
maand/deploy/final_sync.go:35.34,36.13 1 1
maand/deploy/final_sync.go:38.4,38.62 1 1
maand/deploy/final_sync.go:38.62,40.5 1 0
maand/deploy/final_sync.go:41.4,41.37 1 1
maand/deploy/final_sync.go:44.3,44.81 1 1
maand/deploy/final_sync.go:44.81,46.4 1 0
maand/deploy/final_sync.go:48.2,48.12 1 1
maand/deploy/hashes.go:17.60,18.27 1 1
maand/deploy/hashes.go:18.27,19.60 1 1
maand/deploy/hashes.go:19.60,21.4 1 0
maand/deploy/hashes.go:23.2,23.12 1 1
maand/deploy/hashes.go:26.62,28.16 2 1
maand/deploy/hashes.go:28.16,30.3 1 0
maand/deploy/hashes.go:32.2,34.35 2 1
maand/deploy/hashes.go:34.35,39.17 4 1
maand/deploy/hashes.go:39.17,41.4 1 0
maand/deploy/hashes.go:43.3,44.17 2 1
maand/deploy/hashes.go:44.17,46.4 1 0
maand/deploy/hashes.go:47.3,47.80 1 1
maand/deploy/hashes.go:47.80,49.4 1 0
maand/deploy/hashes.go:51.3,52.17 2 1
maand/deploy/hashes.go:52.17,54.4 1 0
maand/deploy/hashes.go:55.3,55.74 1 1
maand/deploy/hashes.go:55.74,57.4 1 0
maand/deploy/hashes.go:59.2,59.12 1 1
maand/deploy/hashes.go:62.58,64.16 2 1
maand/deploy/hashes.go:64.16,66.3 1 0
maand/deploy/hashes.go:68.2,69.35 2 1
maand/deploy/hashes.go:69.35,71.17 2 1
maand/deploy/hashes.go:71.17,73.4 1 0
maand/deploy/hashes.go:75.3,75.77 1 1
maand/deploy/hashes.go:75.77,77.4 1 0
maand/deploy/hashes.go:78.3,79.17 2 1
maand/deploy/hashes.go:79.17,81.4 1 0
maand/deploy/hashes.go:82.3,82.74 1 1
maand/deploy/hashes.go:82.74,84.4 1 0
maand/deploy/hashes.go:86.2,86.12 1 1
maand/deploy/hooks.go:23.33,25.2 1 1
maand/deploy/hooks.go:28.23,30.2 1 1
maand/deploy/hooks.go:45.107,46.31 1 1
maand/deploy/hooks.go:46.31,48.3 1 1
maand/deploy/hooks.go:49.2,49.12 1 1
maand/deploy/hooks.go:53.72,55.31 2 1
maand/deploy/hooks.go:55.31,56.50 1 1
maand/deploy/hooks.go:56.50,58.4 1 1
maand/deploy/hooks.go:60.2,60.14 1 1
maand/deploy/hooks.go:63.99,64.56 1 1
maand/deploy/hooks.go:64.56,66.3 1 1
maand/deploy/hooks.go:67.2,67.59 1 0
maand/deploy/hooks.go:70.68,71.48 1 1
maand/deploy/hooks.go:71.48,73.3 1 1
maand/deploy/hooks.go:74.2,74.38 1 0
maand/deploy/hooks.go:77.67,78.55 1 1
maand/deploy/hooks.go:78.55,80.3 1 1
maand/deploy/hooks.go:81.2,81.38 1 0
maand/deploy/job_deploy.go:20.88,22.16 2 1
maand/deploy/job_deploy.go:22.16,24.3 1 0
maand/deploy/job_deploy.go:26.2,26.23 1 1
maand/deploy/job_deploy.go:26.23,28.3 1 0
maand/deploy/job_deploy.go:30.2,30.68 1 1
maand/deploy/job_deploy.go:30.68,32.3 1 1
maand/deploy/job_deploy.go:33.2,33.79 1 1
maand/deploy/job_deploy.go:33.79,35.3 1 0
maand/deploy/job_deploy.go:37.2,37.39 1 1
maand/deploy/job_deploy.go:40.109,41.12 1 1
maand/deploy/job_deploy.go:41.12,43.17 2 1
maand/deploy/job_deploy.go:43.17,45.4 1 0
maand/deploy/job_deploy.go:46.3,46.20 1 1
maand/deploy/job_deploy.go:46.20,48.4 1 0
maand/deploy/job_deploy.go:51.2,52.16 2 1
maand/deploy/job_deploy.go:52.16,54.3 1 0
maand/deploy/job_deploy.go:56.2,57.16 2 1
maand/deploy/job_deploy.go:57.16,59.3 1 0
maand/deploy/job_deploy.go:60.2,61.16 2 1
maand/deploy/job_deploy.go:61.16,63.3 1 0
maand/deploy/job_deploy.go:65.2,70.35 2 1
maand/deploy/job_deploy.go:70.35,73.17 1 1
maand/deploy/job_deploy.go:73.17,75.4 1 1
maand/deploy/job_deploy.go:78.2,78.83 1 0
maand/deploy/job_deploy.go:78.83,80.3 1 0
maand/deploy/job_deploy.go:81.2,81.39 1 0
maand/deploy/job_deploy.go:85.74,86.60 1 1
maand/deploy/job_deploy.go:86.60,88.3 1 0
maand/deploy/job_deploy.go:89.2,89.39 1 1
maand/deploy/job_kv.go:15.91,16.23 1 1
maand/deploy/job_kv.go:16.23,18.3 1 1
maand/deploy/job_kv.go:20.2,21.16 2 1
maand/deploy/job_kv.go:21.16,23.3 1 0
maand/deploy/job_kv.go:25.2,26.32 2 1
maand/deploy/job_kv.go:26.32,27.35 1 1
maand/deploy/job_kv.go:27.35,28.12 1 1
maand/deploy/job_kv.go:30.3,33.17 3 1
maand/deploy/job_kv.go:33.17,35.4 1 0
maand/deploy/job_kv.go:36.3,36.15 1 1
maand/deploy/job_kv.go:36.15,37.12 1 1
maand/deploy/job_kv.go:40.3,40.61 1 1
maand/deploy/job_kv.go:40.61,42.4 1 1
maand/deploy/job_kv.go:43.3,44.17 2 1
maand/deploy/job_kv.go:44.17,46.4 1 0
maand/deploy/job_kv.go:47.3,47.38 1 1
maand/deploy/job_kv.go:47.38,49.4 1 1
maand/deploy/job_kv.go:52.2,52.43 1 1
maand/deploy/kv_checkpoint.go:16.56,17.59 1 1
maand/deploy/kv_checkpoint.go:17.59,19.3 1 0
maand/deploy/kv_checkpoint.go:20.2,20.12 1 1
maand/deploy/parallel.go:11.100,12.25 1 1
maand/deploy/parallel.go:12.25,14.3 1 0
maand/deploy/parallel.go:15.2,15.21 1 1
maand/deploy/parallel.go:15.21,17.3 1 0
maand/deploy/parallel.go:18.2,18.34 1 1
maand/deploy/parallel.go:18.34,20.3 1 0
maand/deploy/parallel.go:22.2,29.37 2 1
maand/deploy/parallel.go:29.37,32.22 3 1
maand/deploy/parallel.go:32.22,34.17 2 1
maand/deploy/parallel.go:34.17,34.26 1 1
maand/deploy/parallel.go:36.4,36.33 1 1
maand/deploy/parallel.go:36.33,40.5 3 1
maand/deploy/parallel.go:44.2,45.29 2 1
maand/deploy/parallel.go:49.96,50.19 1 1
maand/deploy/parallel.go:50.19,52.3 1 0
maand/deploy/parallel.go:53.2,53.49 1 1
maand/deploy/parallel.go:53.49,55.27 2 1
maand/deploy/parallel.go:55.27,57.4 1 1
maand/deploy/parallel.go:58.3,58.73 1 1
maand/deploy/parallel.go:58.73,60.4 1 0
maand/deploy/parallel.go:62.2,62.12 1 1
maand/deploy/plan_hash.go:17.64,18.20 1 1
maand/deploy/plan_hash.go:18.20,20.3 1 0
maand/deploy/plan_hash.go:22.2,22.64 1 1
maand/deploy/plan_hash.go:22.64,24.3 1 0
maand/deploy/plan_hash.go:26.2,26.51 1 1
maand/deploy/plan_hash.go:26.51,28.3 1 0
maand/deploy/plan_hash.go:29.2,29.39 1 1
maand/deploy/prepare.go:18.69,20.16 2 1
maand/deploy/prepare.go:20.16,22.3 1 0
maand/deploy/prepare.go:24.2,25.16 2 1
maand/deploy/prepare.go:25.16,27.3 1 0
maand/deploy/prepare.go:29.2,30.16 2 1
maand/deploy/prepare.go:30.16,32.3 1 0
maand/deploy/prepare.go:34.2,35.16 2 1
maand/deploy/prepare.go:35.16,37.3 1 0
maand/deploy/prepare.go:39.2,45.8 1 1
maand/deploy/prepare.go:48.62,49.35 1 1
maand/deploy/prepare.go:49.35,50.61 1 1
maand/deploy/prepare.go:50.61,52.4 1 0
maand/deploy/prepare.go:54.2,54.12 1 1
maand/deploy/prepare.go:57.63,59.58 2 1
maand/deploy/prepare.go:59.58,61.3 1 0
maand/deploy/prepare.go:63.2,64.16 2 1
maand/deploy/prepare.go:64.16,66.3 1 0
maand/deploy/prepare.go:68.2,69.16 2 1
maand/deploy/prepare.go:69.16,71.3 1 0
maand/deploy/prepare.go:72.2,72.97 1 1
maand/deploy/prepare.go:72.97,74.3 1 0
maand/deploy/prepare.go:76.2,77.16 2 1
maand/deploy/prepare.go:77.16,79.3 1 0
maand/deploy/prepare.go:81.2,82.16 2 1
maand/deploy/prepare.go:82.16,84.3 1 0
maand/deploy/prepare.go:85.2,85.99 1 1
maand/deploy/prepare.go:85.99,87.3 1 0
maand/deploy/prepare.go:89.2,89.76 1 1
maand/deploy/prepare.go:89.76,91.3 1 0
maand/deploy/prepare.go:92.2,92.100 1 1
maand/deploy/prepare.go:92.100,94.3 1 0
maand/deploy/prepare.go:95.2,95.100 1 1
maand/deploy/prepare.go:95.100,97.3 1 0
maand/deploy/prepare.go:99.2,99.61 1 1
maand/deploy/prepare.go:102.56,103.27 1 1
maand/deploy/prepare.go:103.27,105.17 2 1
maand/deploy/prepare.go:105.17,107.4 1 0
maand/deploy/prepare.go:108.3,108.36 1 1
maand/deploy/prepare.go:108.36,109.64 1 1
maand/deploy/prepare.go:109.64,111.5 1 0
maand/deploy/prepare.go:114.2,114.12 1 1
maand/deploy/prepare.go:117.65,120.85 2 1
maand/deploy/prepare.go:120.85,122.3 1 0
maand/deploy/prepare.go:124.2,125.46 2 1
maand/deploy/prepare.go:125.46,126.99 1 0
maand/deploy/prepare.go:126.99,128.4 1 0
maand/deploy/prepare.go:129.3,129.99 1 0
maand/deploy/prepare.go:129.99,131.4 1 0
maand/deploy/prepare.go:134.2,134.53 1 1
maand/deploy/prepare.go:134.53,136.3 1 0
maand/deploy/prepare.go:137.2,137.39 1 1
maand/deploy/prerequisites.go:13.55,14.22 1 1
maand/deploy/prerequisites.go:14.22,15.48 1 1
maand/deploy/prerequisites.go:15.48,17.4 1 1
maand/deploy/prerequisites.go:18.3,18.13 1 1
maand/deploy/prerequisites.go:21.2,22.16 2 0
maand/deploy/prerequisites.go:22.16,24.3 1 0
maand/deploy/prerequisites.go:25.2,25.58 1 0
maand/deploy/prerequisites.go:25.58,27.3 1 0
maand/deploy/prerequisites.go:29.2,30.16 2 0
maand/deploy/prerequisites.go:30.16,32.3 1 0
maand/deploy/prerequisites.go:33.2,33.57 1 0
maand/deploy/prune_workers.go:20.9,23.16 3 1
maand/deploy/prune_workers.go:23.16,25.3 1 1
maand/deploy/prune_workers.go:25.8,27.3 1 1
maand/deploy/prune_workers.go:28.2,28.77 1 1
maand/deploy/prune_workers.go:28.77,30.3 1 0
maand/deploy/prune_workers.go:31.2,32.70 2 1
maand/deploy/prune_workers.go:32.70,34.3 1 0
maand/deploy/prune_workers.go:35.2,35.12 1 1
maand/deploy/prune_workers.go:38.88,47.70 4 1
maand/deploy/prune_workers.go:47.70,49.3 1 0
maand/deploy/prune_workers.go:50.2,50.12 1 1
maand/deploy/rollout.go:20.60,22.16 2 1
maand/deploy/rollout.go:22.16,24.3 1 0
maand/deploy/rollout.go:25.2,26.35 2 1
maand/deploy/rollout.go:26.35,28.17 2 1
maand/deploy/rollout.go:28.17,30.4 1 0
maand/deploy/rollout.go:31.3,36.17 3 1
maand/deploy/rollout.go:36.17,38.4 1 0
maand/deploy/rollout.go:39.3,39.21 1 1
maand/deploy/rollout.go:39.21,41.4 1 1
maand/deploy/rollout.go:44.2,45.16 2 1
maand/deploy/rollout.go:45.16,47.3 1 0
maand/deploy/rollout.go:48.2,48.29 1 1
maand/deploy/rollout.go:48.29,50.3 1 1
maand/deploy/rollout.go:51.2,52.16 2 1
maand/deploy/rollout.go:52.16,54.3 1 0
maand/deploy/rollout.go:55.2,55.33 1 1
maand/deploy/rollout.go:55.33,57.3 1 1
maand/deploy/rollout.go:59.2,60.16 2 1
maand/deploy/rollout.go:60.16,62.3 1 0
maand/deploy/rollout.go:63.2,63.37 1 1
maand/deploy/rsync.go:18.65,20.16 2 0
maand/deploy/rsync.go:20.16,22.3 1 0
maand/deploy/rsync.go:24.2,25.16 2 0
maand/deploy/rsync.go:25.16,27.3 1 0
maand/deploy/rsync.go:28.2,29.19 2 0
maand/deploy/rsync.go:29.19,31.3 1 0
maand/deploy/rsync.go:32.2,33.16 2 0
maand/deploy/rsync.go:33.16,35.3 1 0
maand/deploy/rsync.go:37.2,37.51 1 0
maand/deploy/rsync.go:37.51,39.3 1 0
maand/deploy/rsync.go:41.2,42.18 2 0
maand/deploy/rsync.go:42.18,44.3 1 0
maand/deploy/rsync.go:46.2,47.16 2 0
maand/deploy/rsync.go:47.16,49.3 1 0
maand/deploy/rsync.go:50.2,51.16 2 0
maand/deploy/rsync.go:51.16,53.3 1 0
maand/deploy/rsync.go:55.2,81.53 3 0
maand/deploy/rsync.go:81.53,83.3 1 0
maand/deploy/rsync.go:84.2,84.12 1 0
maand/deploy/runner.go:9.57,14.2 1 1
maand/deploy/sync_workers.go:18.75,24.16 1 1
maand/deploy/sync_workers.go:24.16,26.3 1 0
maand/deploy/sync_workers.go:27.2,27.41 1 1
maand/deploy/sync_workers.go:30.111,32.15 2 1
maand/deploy/sync_workers.go:32.15,33.35 1 1
maand/deploy/sync_workers.go:33.35,35.4 1 1
maand/deploy/sync_workers.go:38.2,38.51 1 1
maand/deploy/sync_workers.go:38.51,40.3 1 0
maand/deploy/sync_workers.go:42.2,49.35 2 1
maand/deploy/sync_workers.go:49.35,51.17 2 1
maand/deploy/sync_workers.go:51.17,53.4 1 0
maand/deploy/sync_workers.go:54.3,58.22 4 1
maand/deploy/sync_workers.go:58.22,60.17 2 1
maand/deploy/sync_workers.go:60.17,60.26 1 1
maand/deploy/sync_workers.go:62.4,62.60 1 1
maand/deploy/sync_workers.go:62.60,66.5 3 0
maand/deploy/sync_workers.go:70.2,71.41 2 1
maand/deploy/sync_workers.go:74.69,76.16 2 1
maand/deploy/sync_workers.go:76.16,77.28 1 1
maand/deploy/sync_workers.go:77.28,79.4 1 1
maand/deploy/sync_workers.go:80.3,80.38 1 1
maand/deploy/sync_workers.go:82.2,83.14 2 1
maand/deploy/sync_workers.go:86.88,90.64 3 1
maand/deploy/sync_workers.go:90.64,92.3 1 0
maand/deploy/sync_workers.go:93.2,93.88 1 1
maand/deploy/sync_workers.go:93.88,95.3 1 0
maand/deploy/sync_workers.go:96.2,96.23 1 1
maand/deploy/templates.go:23.56,28.100 4 1
maand/deploy/templates.go:28.100,29.21 1 1
maand/deploy/templates.go:29.21,31.4 1 0
maand/deploy/templates.go:32.3,32.56 1 1
maand/deploy/templates.go:32.56,34.4 1 1
maand/deploy/templates.go:35.3,35.13 1 1
maand/deploy/templates.go:37.2,37.16 1 1
maand/deploy/templates.go:37.16,39.3 1 0
maand/deploy/templates.go:40.2,40.28 1 1
maand/deploy/templates.go:40.28,42.3 1 1
maand/deploy/templates.go:44.2,45.16 2 1
maand/deploy/templates.go:45.16,47.3 1 0
maand/deploy/templates.go:48.2,51.16 3 1
maand/deploy/templates.go:51.16,53.3 1 0
maand/deploy/templates.go:55.2,56.16 2 1
maand/deploy/templates.go:56.16,58.3 1 0
maand/deploy/templates.go:60.2,61.16 2 1
maand/deploy/templates.go:61.16,63.3 1 0
maand/deploy/templates.go:65.2,66.16 2 1
maand/deploy/templates.go:66.16,68.3 1 0
maand/deploy/templates.go:70.2,80.43 2 1
maand/deploy/templates.go:80.43,81.84 1 1
maand/deploy/templates.go:81.84,83.4 1 0
maand/deploy/templates.go:85.2,85.12 1 1
maand/deploy/templates.go:88.79,91.38 2 1
maand/deploy/templates.go:91.38,92.66 1 1
maand/deploy/templates.go:92.66,93.76 1 0
maand/deploy/templates.go:95.4,95.32 1 1
maand/deploy/templates.go:95.32,97.19 2 1
maand/deploy/templates.go:97.19,98.16 1 0
maand/deploy/templates.go:100.5,100.17 1 1
maand/deploy/templates.go:102.4,103.18 2 1
maand/deploy/templates.go:103.18,104.15 1 0
maand/deploy/templates.go:106.4,106.22 1 1
maand/deploy/templates.go:108.36,109.66 1 1
maand/deploy/templates.go:109.66,110.76 1 0
maand/deploy/templates.go:112.4,113.18 2 1
maand/deploy/templates.go:113.18,114.15 1 0
maand/deploy/templates.go:116.4,116.16 1 1
maand/deploy/templates.go:118.40,121.18 3 1
maand/deploy/templates.go:121.18,122.15 1 0
maand/deploy/templates.go:124.4,124.16 1 1
maand/deploy/templates.go:130.31,130.47 1 0
maand/deploy/templates.go:131.31,131.47 1 0
maand/deploy/templates.go:132.31,132.47 1 0
maand/deploy/templates.go:133.31,133.47 1 0
maand/deploy/templates.go:134.26,135.25 1 0
maand/deploy/templates.go:136.13,137.13 1 0
maand/deploy/templates.go:138.16,140.19 2 0
maand/deploy/templates.go:140.19,141.16 1 0
maand/deploy/templates.go:143.5,143.13 1 0
maand/deploy/templates.go:144.12,145.41 1 0
maand/deploy/templates.go:151.102,153.16 2 1
maand/deploy/templates.go:153.16,155.3 1 0
maand/deploy/templates.go:157.2,158.16 2 1
maand/deploy/templates.go:158.16,160.3 1 0
maand/deploy/templates.go:162.2,164.16 3 1
maand/deploy/templates.go:164.16,166.3 1 0
maand/deploy/templates.go:167.2,167.15 1 1
maand/deploy/templates.go:167.15,169.3 1 1
maand/deploy/templates.go:171.2,171.49 1 1
maand/deploy/templates.go:171.49,173.3 1 0
maand/deploy/templates.go:174.2,174.21 1 1
maand/deploy/versions.go:15.79,17.16 2 1
maand/deploy/versions.go:17.16,19.3 1 0
maand/deploy/versions.go:20.2,22.16 3 1
maand/deploy/versions.go:22.16,24.3 1 0
maand/deploy/versions.go:25.2,28.8 1 1
maand/deploy/versions.go:31.92,33.18 2 1
maand/deploy/versions.go:33.18,35.3 1 0
maand/deploy/versions.go:36.2,39.12 4 1
maand/deploy/versions.go:42.101,44.16 2 1
maand/deploy/versions.go:44.16,46.3 1 0
maand/deploy/versions.go:47.2,48.59 2 1
maand/deploy/worker_jobs.go:14.77,16.16 2 1
maand/deploy/worker_jobs.go:16.16,18.3 1 0
maand/deploy/worker_jobs.go:20.2,21.36 2 1
maand/deploy/worker_jobs.go:21.36,23.17 2 1
maand/deploy/worker_jobs.go:23.17,25.4 1 0
maand/deploy/worker_jobs.go:26.3,26.19 1 1
maand/deploy/worker_jobs.go:26.19,27.12 1 1
maand/deploy/worker_jobs.go:29.3,30.17 2 1
maand/deploy/worker_jobs.go:30.17,32.4 1 0
maand/deploy/worker_jobs.go:33.3,33.76 1 1
maand/deploy/worker_jobs.go:35.2,35.24 1 1
maand/gc/allocations.go:19.70,21.16 2 1
maand/gc/allocations.go:21.16,23.3 1 0
maand/gc/allocations.go:24.2,24.15 1 1
maand/gc/allocations.go:24.15,26.3 1 1
maand/gc/allocations.go:28.2,29.18 2 1
maand/gc/allocations.go:29.18,31.64 2 1
maand/gc/allocations.go:31.64,33.4 1 0
maand/gc/allocations.go:34.3,34.33 1 1
maand/gc/allocations.go:36.2,36.35 1 1
maand/gc/allocations.go:36.35,38.3 1 0
maand/gc/allocations.go:39.2,39.20 1 1
maand/gc/allocations.go:42.48,44.16 2 1
maand/gc/allocations.go:44.16,46.3 1 0
maand/gc/allocations.go:47.2,47.15 1 1
maand/gc/allocations.go:47.15,49.3 1 1
maand/gc/allocations.go:51.2,51.18 1 1
maand/gc/allocations.go:51.18,53.60 2 1
maand/gc/allocations.go:53.60,55.4 1 0
maand/gc/allocations.go:57.3,58.113 2 1
maand/gc/allocations.go:58.113,60.4 1 0
maand/gc/allocations.go:63.2,63.35 1 1
maand/gc/allocations.go:63.35,65.3 1 0
maand/gc/allocations.go:67.2,68.16 2 1
maand/gc/allocations.go:68.16,70.3 1 0
maand/gc/allocations.go:71.2,71.12 1 1
maand/gc/execute.go:18.36,20.16 2 1
maand/gc/execute.go:20.16,22.3 1 0
maand/gc/execute.go:23.2,23.15 1 1
maand/gc/execute.go:23.15,25.3 1 1
maand/gc/execute.go:27.2,28.16 2 1
maand/gc/execute.go:28.16,30.3 1 0
maand/gc/execute.go:31.2,31.15 1 1
maand/gc/execute.go:31.15,33.3 1 1
maand/gc/execute.go:35.2,35.42 1 1
maand/gc/execute.go:35.42,37.3 1 0
maand/gc/execute.go:39.2,40.16 2 1
maand/gc/execute.go:40.16,42.3 1 0
maand/gc/execute.go:44.2,45.16 2 1
maand/gc/execute.go:45.16,47.3 1 0
maand/gc/execute.go:49.2,50.16 2 1
maand/gc/execute.go:50.16,52.3 1 0
maand/gc/execute.go:53.2,53.15 1 1
maand/gc/execute.go:53.15,55.3 1 1
maand/gc/execute.go:57.2,57.28 1 1
maand/gc/execute.go:57.28,58.91 1 1
maand/gc/execute.go:58.91,60.4 1 0
maand/gc/execute.go:63.2,64.16 2 1
maand/gc/execute.go:64.16,66.3 1 0
maand/gc/execute.go:68.2,68.28 1 1
maand/gc/execute.go:68.28,69.84 1 1
maand/gc/execute.go:69.84,71.4 1 0
maand/gc/execute.go:74.2,74.52 1 1
maand/gc/execute.go:74.52,76.3 1 0
maand/gc/execute.go:78.2,78.65 1 1
maand/gc/execute.go:78.65,80.3 1 0
maand/gc/execute.go:82.2,82.20 1 1
maand/gc/execute.go:86.22,88.2 1 1
maand/gc/references.go:19.9,20.22 1 1
maand/gc/references.go:20.22,22.3 1 0
maand/gc/references.go:24.2,25.16 2 1
maand/gc/references.go:25.16,27.3 1 0
maand/gc/references.go:29.2,30.31 2 1
maand/gc/references.go:30.31,32.40 2 1
maand/gc/references.go:32.40,34.4 1 1
maand/gc/references.go:37.2,37.42 1 1
maand/gc/references.go:37.42,40.3 2 1
maand/gc/references.go:42.2,42.69 1 1
maand/gc/references.go:42.69,44.3 1 0
maand/gc/references.go:46.2,46.43 1 1
maand/gc/references.go:49.95,51.31 2 1
maand/gc/references.go:51.31,52.35 1 1
maand/gc/references.go:52.35,53.12 1 1
maand/gc/references.go:55.3,58.17 3 1
maand/gc/references.go:58.17,60.4 1 0
maand/gc/references.go:61.3,61.13 1 1
maand/gc/references.go:61.13,62.12 1 1
maand/gc/references.go:65.3,65.61 1 1
maand/gc/references.go:65.61,67.4 1 1
maand/gc/references.go:69.2,69.12 1 1
maand/gc/workers.go:20.9,22.16 2 1
maand/gc/workers.go:22.16,24.3 1 0
maand/gc/workers.go:26.2,26.31 1 1
maand/gc/workers.go:26.31,27.39 1 1
maand/gc/workers.go:27.39,28.88 1 1
maand/gc/workers.go:28.88,30.5 1 0
maand/gc/workers.go:31.4,31.12 1 1
maand/gc/workers.go:33.3,33.76 1 1
maand/gc/workers.go:35.2,35.12 1 1
maand/build/build_allocation_variables.go:21.74,23.16 2 0
maand/build/build_allocation_variables.go:23.16,25.3 1 0
maand/build/build_allocation_variables.go:27.2,27.35 1 0
maand/build/build_allocation_variables.go:27.35,28.65 1 0
maand/build/build_allocation_variables.go:28.65,30.4 1 0
maand/build/build_allocation_variables.go:33.2,33.38 1 0
maand/build/build_allocation_variables.go:33.38,35.17 2 0
maand/build/build_allocation_variables.go:35.17,37.4 1 0
maand/build/build_allocation_variables.go:38.3,38.47 1 0
maand/build/build_allocation_variables.go:38.47,40.76 2 0
maand/build/build_allocation_variables.go:40.76,42.5 1 0
maand/build/build_allocation_variables.go:45.2,45.12 1 0
maand/build/build_allocation_variables.go:48.67,50.16 2 0
maand/build/build_allocation_variables.go:50.16,52.3 1 0
maand/build/build_allocation_variables.go:54.2,55.16 2 0
maand/build/build_allocation_variables.go:55.16,57.3 1 0
maand/build/build_allocation_variables.go:59.2,60.43 2 0
maand/build/build_allocation_variables.go:60.43,62.38 2 0
maand/build/build_allocation_variables.go:62.38,63.24 1 0
maand/build/build_allocation_variables.go:63.24,65.5 1 0
maand/build/build_allocation_variables.go:68.3,77.66 3 0
maand/build/build_allocation_variables.go:77.66,79.4 1 0
maand/build/build_allocation_variables.go:81.2,81.69 1 0
maand/build/build_allocation_variables.go:84.32,85.7 1 0
maand/build/build_allocation_variables.go:85.7,87.3 1 0
maand/build/build_allocation_variables.go:88.2,88.12 1 0
maand/build/build_allocation_variables.go:91.74,92.44 1 1
maand/build/build_allocation_variables.go:92.44,94.3 1 1
maand/build/build_allocation_variables.go:95.2,96.28 2 1
maand/build/build_allocation_variables.go:96.28,98.3 1 1
maand/build/build_allocation_variables.go:99.2,102.31 3 1
maand/build/build_allocation_variables.go:102.31,103.30 1 1
maand/build/build_allocation_variables.go:103.30,105.4 1 1
maand/build/build_allocation_variables.go:107.2,107.33 1 1
maand/build/build_allocation_variables.go:110.97,112.16 2 0
maand/build/build_allocation_variables.go:112.16,114.3 1 0
maand/build/build_allocation_variables.go:115.2,116.41 2 0
maand/build/build_allocation_variables.go:116.41,118.3 1 0
maand/build/build_allocation_variables.go:119.2,119.44 1 0
maand/build/build_allocation_variables.go:119.44,120.36 1 0
maand/build/build_allocation_variables.go:120.36,121.12 1 0
maand/build/build_allocation_variables.go:123.3,124.81 2 0
maand/build/build_allocation_variables.go:124.81,126.4 1 0
maand/build/build_allocation_variables.go:128.2,128.12 1 0
maand/build/build_allocation_variables.go:132.83,134.36 2 0
maand/build/build_allocation_variables.go:134.36,137.3 2 0
maand/build/build_allocation_variables.go:139.2,140.16 2 0
maand/build/build_allocation_variables.go:140.16,142.3 1 0
maand/build/build_allocation_variables.go:144.2,145.32 2 0
maand/build/build_allocation_variables.go:145.32,146.39 1 0
maand/build/build_allocation_variables.go:146.39,147.12 1 0
maand/build/build_allocation_variables.go:149.3,149.55 1 0
maand/build/build_allocation_variables.go:149.55,150.12 1 0
maand/build/build_allocation_variables.go:152.3,152.64 1 0
maand/build/build_allocation_variables.go:152.64,154.4 1 0
maand/build/build_allocation_variables.go:156.2,156.12 1 0
maand/build/build_allocations.go:38.83,40.16 2 1
maand/build/build_allocations.go:40.16,42.3 1 0
maand/build/build_allocations.go:44.2,45.16 2 1
maand/build/build_allocations.go:45.16,47.3 1 0
maand/build/build_allocations.go:49.2,49.37 1 1
maand/build/build_allocations.go:49.37,51.17 2 1
maand/build/build_allocations.go:51.17,53.4 1 0
maand/build/build_allocations.go:55.3,56.19 2 1
maand/build/build_allocations.go:56.19,59.18 3 1
maand/build/build_allocations.go:59.18,62.5 2 0
maand/build/build_allocations.go:64.4,67.52 3 1
maand/build/build_allocations.go:67.52,70.5 2 0
maand/build/build_allocations.go:72.4,72.26 1 1
maand/build/build_allocations.go:72.26,74.5 1 1
maand/build/build_allocations.go:76.4,77.18 2 1
maand/build/build_allocations.go:77.18,80.5 2 0
maand/build/build_allocations.go:82.4,86.18 3 1
maand/build/build_allocations.go:86.18,89.5 2 0
maand/build/build_allocations.go:91.3,91.38 1 1
maand/build/build_allocations.go:91.38,93.4 1 0
maand/build/build_allocations.go:94.3,94.44 1 1
maand/build/build_allocations.go:94.44,96.4 1 0
maand/build/build_allocations.go:98.3,99.17 2 1
maand/build/build_allocations.go:99.17,101.4 1 0
maand/build/build_allocations.go:103.3,104.44 2 1
maand/build/build_allocations.go:104.44,106.18 2 1
maand/build/build_allocations.go:106.18,108.5 1 0
maand/build/build_allocations.go:112.2,113.16 2 1
maand/build/build_allocations.go:113.16,115.3 1 0
maand/build/build_allocations.go:117.2,118.16 2 1
maand/build/build_allocations.go:118.16,120.3 1 0
maand/build/build_allocations.go:122.2,122.49 1 1
maand/build/build_allocations.go:122.49,124.17 2 0
maand/build/build_allocations.go:124.17,126.4 1 0
maand/build/build_allocations.go:129.2,129.58 1 1
maand/build/build_allocations.go:129.58,130.43 1 1
maand/build/build_allocations.go:130.43,132.18 2 0
maand/build/build_allocations.go:132.18,134.5 1 0
maand/build/build_allocations.go:135.9,136.56 1 1
maand/build/build_allocations.go:136.56,138.19 2 1
maand/build/build_allocations.go:138.19,140.6 1 0
maand/build/build_allocations.go:145.2,145.53 1 1
maand/build/build_allocations.go:148.71,150.16 2 1
maand/build/build_allocations.go:150.16,152.3 1 0
maand/build/build_allocations.go:153.2,153.15 1 1
maand/build/build_allocations.go:153.15,155.3 1 1
maand/build/build_allocations.go:157.2,158.18 2 1
maand/build/build_allocations.go:158.18,160.52 2 1
maand/build/build_allocations.go:160.52,162.4 1 0
maand/build/build_allocations.go:163.3,163.42 1 1
maand/build/build_allocations.go:165.2,165.43 1 1
maand/build/build_allocations.go:165.43,167.3 1 0
maand/build/build_allocations.go:168.2,168.22 1 1
maand/build/build_allocations.go:171.85,172.30 1 1
maand/build/build_allocations.go:172.30,174.3 1 1
maand/build/build_allocations.go:176.2,177.16 2 1
maand/build/build_allocations.go:177.16,179.3 1 0
maand/build/build_allocations.go:180.2,180.15 1 1
maand/build/build_allocations.go:180.15,182.3 1 1
maand/build/build_allocations.go:184.2,184.18 1 1
maand/build/build_allocations.go:184.18,186.62 2 1
maand/build/build_allocations.go:186.62,188.4 1 0
maand/build/build_allocations.go:189.3,189.71 1 1
maand/build/build_allocations.go:189.71,190.12 1 1
maand/build/build_allocations.go:192.3,192.75 1 1
maand/build/build_allocations.go:192.75,194.4 1 0
maand/build/build_allocations.go:196.2,196.27 1 1
maand/build/build_certs.go:42.35,44.16 2 0
maand/build/build_certs.go:44.16,46.3 1 0
maand/build/build_certs.go:48.2,48.67 1 0
maand/build/build_certs.go:48.67,50.3 1 0
maand/build/build_certs.go:52.2,53.16 2 0
maand/build/build_certs.go:53.16,55.3 1 0
maand/build/build_certs.go:57.2,58.16 2 0
maand/build/build_certs.go:58.16,60.3 1 0
maand/build/build_certs.go:62.2,62.31 1 0
maand/build/build_certs.go:62.31,63.63 1 0
maand/build/build_certs.go:63.63,65.4 1 0
maand/build/build_certs.go:68.2,68.44 1 0
maand/build/build_certs.go:71.70,75.16 3 0
maand/build/build_certs.go:75.16,77.3 1 0
maand/build/build_certs.go:78.2,81.16 3 0
maand/build/build_certs.go:81.16,83.3 1 0
maand/build/build_certs.go:85.2,86.16 2 0
maand/build/build_certs.go:86.16,88.3 1 0
maand/build/build_certs.go:90.2,90.25 1 0
maand/build/build_certs.go:90.25,91.74 1 0
maand/build/build_certs.go:91.74,93.4 1 0
maand/build/build_certs.go:94.3,94.54 1 0
maand/build/build_certs.go:97.2,97.25 1 0
maand/build/build_certs.go:97.25,99.3 1 0
maand/build/build_certs.go:101.2,102.16 2 0
maand/build/build_certs.go:102.16,104.3 1 0
maand/build/build_certs.go:106.2,108.33 2 0
maand/build/build_certs.go:108.33,117.17 3 0
maand/build/build_certs.go:117.17,119.4 1 0
maand/build/build_certs.go:121.3,121.15 1 0
maand/build/build_certs.go:121.15,130.18 2 0
maand/build/build_certs.go:130.18,132.5 1 0
maand/build/build_certs.go:133.4,133.39 1 0
maand/build/build_certs.go:133.39,141.19 1 0
maand/build/build_certs.go:141.19,143.6 1 0
maand/build/build_certs.go:145.4,145.12 1 0
maand/build/build_certs.go:148.3,148.38 1 0
maand/build/build_certs.go:148.38,150.25 2 0
maand/build/build_certs.go:150.25,157.19 2 0
maand/build/build_certs.go:157.19,159.6 1 0
maand/build/build_certs.go:160.5,160.29 1 0
maand/build/build_certs.go:163.4,171.18 2 0
maand/build/build_certs.go:171.18,173.5 1 0
maand/build/build_certs.go:174.4,181.18 1 0
maand/build/build_certs.go:181.18,183.5 1 0
maand/build/build_certs.go:187.2,187.65 1 0
maand/build/build_certs.go:187.65,188.69 1 0
maand/build/build_certs.go:188.69,190.4 1 0
maand/build/build_certs.go:193.2,193.53 1 0
maand/build/build_certs.go:196.74,201.16 2 0
maand/build/build_certs.go:201.16,203.3 1 0
maand/build/build_certs.go:204.2,204.15 1 0
maand/build/build_certs.go:204.15,206.3 1 0
maand/build/build_certs.go:208.2,209.18 2 0
maand/build/build_certs.go:209.18,213.70 3 0
maand/build/build_certs.go:213.70,215.4 1 0
maand/build/build_certs.go:217.3,218.70 2 0
maand/build/build_certs.go:218.70,220.4 1 0
maand/build/build_certs.go:222.3,227.5 1 0
maand/build/build_certs.go:229.2,229.35 1 0
maand/build/build_certs.go:229.35,231.3 1 0
maand/build/build_certs.go:232.2,232.19 1 0
maand/build/build_certs.go:235.85,236.37 1 0
maand/build/build_certs.go:236.37,238.75 2 0
maand/build/build_certs.go:238.75,240.4 1 0
maand/build/build_certs.go:242.2,242.12 1 0
maand/build/build_certs.go:250.17,251.19 1 0
maand/build/build_certs.go:251.19,253.3 1 0
maand/build/build_certs.go:254.2,254.37 1 0
maand/build/build_certs.go:254.37,256.17 2 0
maand/build/build_certs.go:256.17,258.4 1 0
maand/build/build_certs.go:259.3,259.12 1 0
maand/build/build_certs.go:259.12,261.4 1 0
maand/build/build_certs.go:263.2,263.19 1 0
maand/build/build_certs.go:269.17,274.51 4 0
maand/build/build_certs.go:274.51,276.3 1 0
maand/build/build_certs.go:277.2,277.31 1 0
maand/build/build_certs.go:277.31,279.3 1 0
maand/build/build_certs.go:281.2,282.51 2 0
maand/build/build_certs.go:282.51,284.3 1 0
maand/build/build_certs.go:285.2,285.32 1 0
maand/build/build_certs.go:285.32,287.3 1 0
maand/build/build_certs.go:289.2,289.73 1 0
maand/build/build_certs.go:292.79,294.18 2 0
maand/build/build_certs.go:294.18,296.3 1 0
maand/build/build_certs.go:297.2,298.16 2 0
maand/build/build_certs.go:298.16,300.3 1 0
maand/build/build_certs.go:302.2,303.49 2 0
maand/build/build_certs.go:312.27,313.16 1 0
maand/build/build_certs.go:313.16,316.54 3 0
maand/build/build_certs.go:316.54,318.4 1 0
maand/build/build_certs.go:319.3,319.105 1 0
maand/build/build_certs.go:319.105,321.4 1 0
maand/build/build_certs.go:322.3,323.17 2 0
maand/build/build_certs.go:323.17,325.4 1 0
maand/build/build_certs.go:326.3,326.38 1 0
maand/build/build_certs.go:326.38,327.102 1 0
maand/build/build_certs.go:327.102,329.5 1 0
maand/build/build_certs.go:331.3,331.30 1 0
maand/build/build_certs.go:334.2,337.16 4 0
maand/build/build_certs.go:337.16,339.3 1 0
maand/build/build_certs.go:340.2,341.16 2 0
maand/build/build_certs.go:341.16,343.3 1 0
maand/build/build_certs.go:344.2,344.61 1 0
maand/build/build_certs.go:352.27,354.53 2 0
maand/build/build_certs.go:354.53,356.3 1 0
maand/build/build_certs.go:358.2,358.16 1 0
maand/build/build_certs.go:358.16,359.114 1 0
maand/build/build_certs.go:359.114,361.4 1 0
maand/build/build_certs.go:362.3,362.44 1 0
maand/build/build_certs.go:365.2,368.16 4 0
maand/build/build_certs.go:368.16,370.3 1 0
maand/build/build_certs.go:371.2,372.16 2 0
maand/build/build_certs.go:372.16,374.3 1 0
maand/build/build_certs.go:375.2,375.61 1 0
maand/build/build_certs.go:382.9,384.48 2 0
maand/build/build_certs.go:384.48,386.3 1 0
maand/build/build_certs.go:387.2,389.12 3 0
maand/build/build_certs.go:392.52,394.2 1 0
maand/build/build_certs.go:396.71,398.16 2 0
maand/build/build_certs.go:398.16,400.3 1 0
maand/build/build_certs.go:401.2,402.16 2 0
maand/build/build_certs.go:402.16,404.3 1 0
maand/build/build_certs.go:405.2,405.29 1 0
maand/build/build_certs.go:408.78,409.104 1 0
maand/build/build_certs.go:409.104,411.3 1 0
maand/build/build_certs.go:412.2,412.104 1 0
maand/build/build_certs.go:412.104,414.3 1 0
maand/build/build_certs.go:415.2,415.12 1 0
maand/build/build_certs.go:418.117,420.16 2 1
maand/build/build_certs.go:420.16,422.3 1 0
maand/build/build_certs.go:424.2,425.16 2 1
maand/build/build_certs.go:425.16,427.3 1 0
maand/build/build_certs.go:429.2,431.16 3 1
maand/build/build_certs.go:431.16,433.3 1 0
maand/build/build_certs.go:435.2,437.16 3 1
maand/build/build_certs.go:437.16,439.3 1 0
maand/build/build_certs.go:441.2,442.16 2 1
maand/build/build_certs.go:442.16,444.3 1 0
maand/build/build_certs.go:446.2,447.33 2 1
maand/build/build_certs.go:447.33,449.3 1 1
maand/build/build_certs.go:451.2,464.16 4 1
maand/build/build_certs.go:464.16,466.3 1 0
maand/build/build_certs.go:468.2,469.16 2 1
maand/build/build_certs.go:469.16,471.3 1 0
maand/build/build_certs.go:473.2,474.16 2 1
maand/build/build_certs.go:474.16,476.3 1 0
maand/build/build_certs.go:477.2,477.15 1 1
maand/build/build_certs.go:477.15,479.3 1 1
maand/build/build_certs.go:481.2,481.96 1 1
maand/build/build_certs.go:481.96,483.3 1 0
maand/build/build_certs.go:485.2,486.16 2 1
maand/build/build_certs.go:486.16,488.3 1 0
maand/build/build_certs.go:489.2,489.15 1 1
maand/build/build_certs.go:489.15,491.3 1 1
maand/build/build_certs.go:493.2,494.16 2 1
maand/build/build_certs.go:494.16,496.3 1 0
maand/build/build_certs.go:497.2,497.54 1 1
maand/build/build_certs.go:497.54,499.3 1 0
maand/build/build_certs.go:501.2,501.12 1 1
maand/build/build_certs.go:504.87,505.14 1 1
maand/build/build_certs.go:505.14,507.17 2 1
maand/build/build_certs.go:507.17,509.4 1 0
maand/build/build_certs.go:510.3,510.63 1 1
maand/build/build_certs.go:512.2,512.97 1 1
maand/build/build_certs.go:515.66,517.16 2 0
maand/build/build_certs.go:517.16,519.3 1 0
maand/build/build_certs.go:520.2,520.43 1 0
maand/build/build_deployment_sequence.go:15.48,17.16 2 1
maand/build/build_deployment_sequence.go:17.16,19.3 1 0
maand/build/build_deployment_sequence.go:20.2,20.75 1 1
maand/build/build_deployment_sequence.go:20.75,22.3 1 0
maand/build/build_deployment_sequence.go:24.2,41.16 3 1
maand/build/build_deployment_sequence.go:41.16,43.3 1 0
maand/build/build_deployment_sequence.go:44.2,44.12 1 1
maand/build/build_deployment_sequence.go:47.74,49.16 2 1
maand/build/build_deployment_sequence.go:49.16,51.3 1 0
maand/build/build_deployment_sequence.go:52.2,52.15 1 1
maand/build/build_deployment_sequence.go:52.15,54.3 1 1
maand/build/build_deployment_sequence.go:56.2,57.18 2 1
maand/build/build_deployment_sequence.go:57.18,59.63 2 1
maand/build/build_deployment_sequence.go:59.63,61.4 1 0
maand/build/build_deployment_sequence.go:62.3,63.50 2 1
maand/build/build_deployment_sequence.go:63.50,65.4 1 1
maand/build/build_deployment_sequence.go:67.2,67.35 1 1
maand/build/build_deployment_sequence.go:67.35,69.3 1 0
maand/build/build_deployment_sequence.go:70.2,70.26 1 1
maand/build/build_deployment_sequence.go:73.83,83.55 4 1
maand/build/build_deployment_sequence.go:83.55,84.30 1 1
maand/build/build_deployment_sequence.go:85.17,86.14 1 0
maand/build/build_deployment_sequence.go:87.17,88.36 1 0
maand/build/build_deployment_sequence.go:88.36,89.30 1 0
maand/build/build_deployment_sequence.go:89.30,92.6 2 0
maand/build/build_deployment_sequence.go:94.4,94.80 1 0
maand/build/build_deployment_sequence.go:97.3,99.57 3 1
maand/build/build_deployment_sequence.go:99.57,100.58 1 1
maand/build/build_deployment_sequence.go:100.58,102.5 1 0
maand/build/build_deployment_sequence.go:104.3,105.13 2 1
maand/build/build_deployment_sequence.go:108.2,108.36 1 1
maand/build/build_deployment_sequence.go:108.36,109.36 1 1
maand/build/build_deployment_sequence.go:109.36,110.49 1 1
maand/build/build_deployment_sequence.go:110.49,112.5 1 0
maand/build/build_deployment_sequence.go:115.2,115.12 1 1
maand/build/build_jobs.go:23.88,25.16 2 1
maand/build/build_jobs.go:25.16,27.3 1 0
maand/build/build_jobs.go:28.2,31.16 3 1
maand/build/build_jobs.go:31.16,33.3 1 0
maand/build/build_jobs.go:35.2,35.44 1 1
maand/build/build_jobs.go:35.44,45.47 3 1
maand/build/build_jobs.go:45.47,47.18 2 1
maand/build/build_jobs.go:47.18,49.5 1 0
maand/build/build_jobs.go:52.3,53.17 2 1
maand/build/build_jobs.go:53.17,55.4 1 0
maand/build/build_jobs.go:57.3,58.17 2 1
maand/build/build_jobs.go:58.17,60.4 1 0
maand/build/build_jobs.go:61.3,62.17 2 1
maand/build/build_jobs.go:62.17,64.4 1 0
maand/build/build_jobs.go:66.3,66.39 1 1
maand/build/build_jobs.go:66.39,68.4 1 0
maand/build/build_jobs.go:69.3,69.28 1 1
maand/build/build_jobs.go:69.28,71.4 1 0
maand/build/build_jobs.go:73.3,74.17 2 1
maand/build/build_jobs.go:74.17,76.4 1 0
maand/build/build_jobs.go:77.3,78.17 2 1
maand/build/build_jobs.go:78.17,80.4 1 0
maand/build/build_jobs.go:81.3,81.43 1 1
maand/build/build_jobs.go:81.43,83.4 1 0
maand/build/build_jobs.go:84.3,84.32 1 1
maand/build/build_jobs.go:84.32,86.4 1 0
maand/build/build_jobs.go:88.3,89.17 2 1
maand/build/build_jobs.go:89.17,91.4 1 0
maand/build/build_jobs.go:93.3,94.39 2 1
maand/build/build_jobs.go:94.39,96.18 2 0
maand/build/build_jobs.go:96.18,98.5 1 0
maand/build/build_jobs.go:100.4,100.44 1 0
maand/build/build_jobs.go:100.44,103.5 2 0
maand/build/build_jobs.go:105.4,105.39 1 0
maand/build/build_jobs.go:105.39,107.5 1 0
maand/build/build_jobs.go:108.4,108.39 1 0
maand/build/build_jobs.go:108.39,110.5 1 0
maand/build/build_jobs.go:113.3,114.36 2 1
maand/build/build_jobs.go:114.36,116.18 2 0
maand/build/build_jobs.go:116.18,118.5 1 0
maand/build/build_jobs.go:120.4,120.40 1 0
maand/build/build_jobs.go:120.40,123.5 2 0
maand/build/build_jobs.go:125.4,125.35 1 0
maand/build/build_jobs.go:125.35,127.5 1 0
maand/build/build_jobs.go:128.4,128.35 1 0
maand/build/build_jobs.go:128.35,130.5 1 0
maand/build/build_jobs.go:133.3,133.74 1 1
maand/build/build_jobs.go:133.74,135.4 1 0
maand/build/build_jobs.go:136.3,137.74 2 1
maand/build/build_jobs.go:137.74,139.18 2 0
maand/build/build_jobs.go:139.18,141.5 1 0
maand/build/build_jobs.go:142.4,142.37 1 0
maand/build/build_jobs.go:145.3,161.17 4 1
maand/build/build_jobs.go:161.17,163.4 1 0
maand/build/build_jobs.go:165.3,165.47 1 1
maand/build/build_jobs.go:165.47,167.18 2 1
maand/build/build_jobs.go:167.18,169.5 1 0
maand/build/build_jobs.go:172.3,172.99 1 1
maand/build/build_jobs.go:172.99,174.4 1 0
maand/build/build_jobs.go:176.3,176.59 1 1
maand/build/build_jobs.go:176.59,177.52 1 0
maand/build/build_jobs.go:177.52,179.5 1 0
maand/build/build_jobs.go:180.4,180.36 1 0
maand/build/build_jobs.go:180.36,182.5 1 0
maand/build/build_jobs.go:183.4,184.40 2 0
maand/build/build_jobs.go:184.40,186.5 1 0
maand/build/build_jobs.go:187.4,187.38 1 0
maand/build/build_jobs.go:187.38,189.5 1 0
maand/build/build_jobs.go:190.4,190.92 1 0
maand/build/build_jobs.go:190.92,192.5 1 0
maand/build/build_jobs.go:193.4,194.90 2 0
maand/build/build_jobs.go:194.90,196.5 1 0
maand/build/build_jobs.go:198.4,202.50 2 0
maand/build/build_jobs.go:202.50,204.19 2 0
maand/build/build_jobs.go:204.19,206.6 1 0
maand/build/build_jobs.go:208.5,209.19 2 0
maand/build/build_jobs.go:209.19,211.6 1 0
maand/build/build_jobs.go:215.3,216.25 2 1
maand/build/build_jobs.go:216.25,218.4 1 0
maand/build/build_jobs.go:220.3,221.26 2 1
maand/build/build_jobs.go:221.26,223.4 1 0
maand/build/build_jobs.go:225.3,226.26 2 1
maand/build/build_jobs.go:226.26,228.4 1 0
maand/build/build_jobs.go:230.3,231.26 2 1
maand/build/build_jobs.go:231.26,233.4 1 0
maand/build/build_jobs.go:235.3,236.91 2 1
maand/build/build_jobs.go:236.91,237.18 1 1
maand/build/build_jobs.go:237.18,239.5 1 0
maand/build/build_jobs.go:241.4,242.18 2 1
maand/build/build_jobs.go:242.18,244.19 2 1
maand/build/build_jobs.go:244.19,246.6 1 0
maand/build/build_jobs.go:248.4,249.18 2 1
maand/build/build_jobs.go:249.18,251.5 1 0
maand/build/build_jobs.go:252.4,252.14 1 1
maand/build/build_jobs.go:254.3,254.17 1 1
maand/build/build_jobs.go:254.17,256.4 1 0
maand/build/build_jobs.go:259.3,260.17 2 1
maand/build/build_jobs.go:260.17,262.4 1 0
maand/build/build_jobs.go:264.3,265.17 2 1
maand/build/build_jobs.go:265.17,267.4 1 0
maand/build/build_jobs.go:269.3,270.17 2 1
maand/build/build_jobs.go:270.17,272.4 1 0
maand/build/build_jobs.go:274.3,275.44 2 1
maand/build/build_jobs.go:275.44,277.18 2 0
maand/build/build_jobs.go:277.18,279.5 1 0
maand/build/build_jobs.go:280.4,281.18 2 0
maand/build/build_jobs.go:281.18,283.5 1 0
maand/build/build_jobs.go:287.2,288.16 2 1
maand/build/build_jobs.go:288.16,290.3 1 0
maand/build/build_jobs.go:292.2,294.39 3 1
maand/build/build_jobs.go:294.39,303.5 3 0
maand/build/build_jobs.go:303.5,304.50 1 0
maand/build/build_jobs.go:304.50,306.5 1 0
maand/build/build_jobs.go:308.3,309.17 2 0
maand/build/build_jobs.go:309.17,311.4 1 0
maand/build/build_jobs.go:312.3,313.17 2 0
maand/build/build_jobs.go:313.17,315.4 1 0
maand/build/build_jobs.go:317.2,317.25 1 1
maand/build/build_ports.go:23.100,24.21 1 1
maand/build/build_ports.go:24.21,26.3 1 1
maand/build/build_ports.go:27.2,28.33 2 1
maand/build/build_ports.go:28.33,29.30 1 1
maand/build/build_ports.go:29.30,31.4 1 1
maand/build/build_ports.go:33.2,37.3 1 1
maand/build/build_ports.go:40.83,41.48 1 1
maand/build/build_ports.go:41.48,44.3 1 1
maand/build/build_ports.go:45.2,45.12 1 1
maand/build/build_ports.go:48.77,49.67 1 1
maand/build/build_ports.go:49.67,51.3 1 1
maand/build/build_ports.go:53.2,53.67 1 1
maand/build/build_ports.go:53.67,56.3 2 1
maand/build/build_ports.go:58.2,58.44 1 1
maand/build/build_ports.go:58.44,60.3 1 1
maand/build/build_ports.go:62.2,63.32 2 1
maand/build/build_ports.go:63.32,65.3 1 1
maand/build/build_ports.go:66.2,67.12 2 1
maand/build/build_ports.go:70.73,72.9 2 0
maand/build/build_ports.go:72.9,74.3 1 0
maand/build/build_ports.go:75.2,75.29 1 0
maand/build/build_ports.go:79.89,80.60 1 1
maand/build/build_ports.go:80.60,82.3 1 0
maand/build/build_ports.go:86.2,86.51 1 1
maand/build/build_ports.go:86.51,87.68 1 1
maand/build/build_ports.go:87.68,89.4 1 0
maand/build/build_ports.go:90.3,91.19 2 1
maand/build/build_ports.go:94.2,94.57 1 1
maand/build/build_ports.go:94.57,95.45 1 1
maand/build/build_ports.go:95.45,96.12 1 1
maand/build/build_ports.go:98.3,98.62 1 1
maand/build/build_ports.go:98.62,100.4 1 0
maand/build/build_ports.go:101.3,101.19 1 1
maand/build/build_ports.go:104.2,104.116 1 1
maand/build/build_ports.go:107.86,108.60 1 1
maand/build/build_ports.go:108.60,110.3 1 0
maand/build/build_ports.go:111.2,111.67 1 1
maand/build/build_ports.go:111.67,113.3 1 0
maand/build/build_ports.go:114.2,114.61 1 1
maand/build/build_ports.go:114.61,116.3 1 1
maand/build/build_ports.go:117.2,117.18 1 1
maand/build/build_ports.go:120.111,121.27 1 1
maand/build/build_ports.go:121.27,123.3 1 1
maand/build/build_ports.go:124.2,124.57 1 0
maand/build/build_ports.go:127.76,129.20 2 1
maand/build/build_ports.go:129.20,131.3 1 1
maand/build/build_ports.go:132.2,133.33 2 1
maand/build/build_ports.go:133.33,135.3 1 1
maand/build/build_ports.go:136.2,136.31 1 1
maand/build/build_ports.go:136.31,137.36 1 1
maand/build/build_ports.go:137.36,138.12 1 1
maand/build/build_ports.go:140.3,141.21 2 1
maand/build/build_ports.go:150.9,155.16 4 1
maand/build/build_ports.go:155.16,157.3 1 0
maand/build/build_ports.go:159.2,159.37 1 1
maand/build/build_ports.go:159.37,161.17 2 1
maand/build/build_ports.go:161.17,163.4 1 0
maand/build/build_ports.go:165.3,169.17 2 1
maand/build/build_ports.go:169.17,171.4 1 0
maand/build/build_ports.go:174.2,174.12 1 1
[...]
maand/build/build_workers.go:33.52,36.3 1 0
maand/build/build_workers.go:38.2,38.42 1 1
maand/build/build_workers.go:38.42,43.51 4 1
maand/build/build_workers.go:43.51,45.4 1 0
maand/build/build_workers.go:46.3,46.21 1 1
maand/build/build_workers.go:46.21,48.4 1 1
maand/build/build_workers.go:50.3,53.17 3 1
maand/build/build_workers.go:53.17,55.4 1 0
maand/build/build_workers.go:56.3,56.28 1 1
maand/build/build_workers.go:56.28,58.4 1 0
maand/build/build_workers.go:60.3,61.17 2 1
maand/build/build_workers.go:61.17,63.4 1 0
maand/build/build_workers.go:64.3,64.26 1 1
maand/build/build_workers.go:64.26,66.4 1 0
maand/build/build_workers.go:68.3,70.17 3 1
maand/build/build_workers.go:70.17,72.4 1 0
maand/build/build_workers.go:74.3,74.64 1 1
maand/build/build_workers.go:74.64,76.4 1 0
maand/build/build_workers.go:78.3,78.62 1 1
maand/build/build_workers.go:78.62,80.4 1 0
maand/build/build_workers.go:83.2,84.16 2 1
maand/build/build_workers.go:84.16,86.3 1 0
maand/build/build_workers.go:88.2,90.43 3 1
maand/build/build_workers.go:90.43,92.17 2 0
maand/build/build_workers.go:92.17,94.4 1 0
maand/build/build_workers.go:96.3,97.17 2 0
maand/build/build_workers.go:97.17,99.4 1 0
maand/build/build_workers.go:101.3,102.17 2 0
maand/build/build_workers.go:102.17,104.4 1 0
maand/build/build_workers.go:105.3,105.52 1 0
maand/build/build_workers.go:107.2,107.28 1 1
maand/build/build_workers.go:110.83,112.16 2 1
maand/build/build_workers.go:112.16,114.3 1 0
maand/build/build_workers.go:116.2,117.46 2 1
maand/build/build_workers.go:117.46,119.3 1 0
maand/build/build_workers.go:121.2,121.31 1 1
maand/build/build_workers.go:121.31,123.17 2 1
maand/build/build_workers.go:123.17,125.4 1 0
maand/build/build_workers.go:127.2,127.12 1 1
maand/build/build_workers.go:130.81,132.16 2 1
maand/build/build_workers.go:132.16,134.3 1 0
maand/build/build_workers.go:136.2,138.31 2 1
maand/build/build_workers.go:138.31,140.17 2 0
maand/build/build_workers.go:140.17,142.4 1 0
maand/build/build_workers.go:144.2,144.12 1 1
maand/build/execute.go:30.42,31.42 1 0
maand/build/execute.go:31.42,33.3 1 0
maand/build/execute.go:35.2,39.16 4 0
maand/build/execute.go:39.16,41.3 1 0
maand/build/execute.go:43.2,44.16 2 0
maand/build/execute.go:44.16,46.3 1 0
maand/build/execute.go:47.2,47.15 1 0
maand/build/execute.go:47.15,49.3 1 0
maand/build/execute.go:51.2,52.16 2 0
maand/build/execute.go:52.16,54.3 1 0
maand/build/execute.go:56.2,57.57 2 0
maand/build/execute.go:57.57,59.17 2 0
maand/build/execute.go:59.17,61.4 1 0
maand/build/execute.go:63.3,63.42 1 0
maand/build/execute.go:63.42,65.18 2 0
maand/build/execute.go:65.18,67.13 2 0
maand/build/execute.go:70.4,70.45 1 0
maand/build/execute.go:70.45,72.19 2 0
maand/build/execute.go:72.19,74.6 1 0
maand/build/execute.go:79.2,79.51 1 0
maand/build/execute.go:79.51,81.3 1 0
maand/build/execute.go:83.2,83.59 1 0
maand/build/execute.go:83.59,85.3 1 0
maand/build/execute.go:86.2,86.12 1 0
maand/build/execute.go:89.37,91.19 2 0
maand/build/execute.go:91.19,93.3 1 0
maand/build/execute.go:95.2,96.16 2 0
maand/build/execute.go:96.16,98.3 1 0
maand/build/execute.go:100.2,100.15 1 0
maand/build/execute.go:100.15,103.3 2 0
maand/build/execute.go:105.2,106.16 2 0
maand/build/execute.go:106.16,108.3 1 0
maand/build/execute.go:109.2,109.15 1 0
maand/build/execute.go:109.15,111.3 1 0
maand/build/execute.go:113.2,115.47 2 0
maand/build/execute.go:115.47,117.3 1 0
maand/build/execute.go:119.2,120.16 2 0
maand/build/execute.go:120.16,122.3 1 0
maand/build/execute.go:124.2,125.16 2 0
maand/build/execute.go:125.16,127.3 1 0
maand/build/execute.go:129.2,130.16 2 0
maand/build/execute.go:130.16,132.3 1 0
maand/build/execute.go:133.2,133.83 1 0
maand/build/execute.go:133.83,135.3 1 0
maand/build/execute.go:137.2,137.64 1 0
maand/build/execute.go:137.64,139.3 1 0
maand/build/execute.go:141.2,141.57 1 0
maand/build/execute.go:141.57,143.3 1 0
maand/build/execute.go:145.2,145.118 1 0
maand/build/execute.go:145.118,147.3 1 0
maand/build/execute.go:149.2,149.44 1 0
maand/build/execute.go:149.44,151.3 1 0
maand/build/execute.go:153.2,153.74 1 0
maand/build/execute.go:153.74,155.3 1 0
maand/build/execute.go:157.2,157.64 1 0
maand/build/execute.go:157.64,159.3 1 0
maand/build/execute.go:161.2,161.69 1 0
maand/build/execute.go:161.69,163.3 1 0
maand/build/execute.go:165.2,165.57 1 0
maand/build/execute.go:165.57,167.3 1 0
maand/build/execute.go:169.2,169.72 1 0
maand/build/execute.go:169.72,171.3 1 0
maand/build/execute.go:173.2,173.41 1 0
maand/build/execute.go:173.41,175.3 1 0
maand/build/execute.go:177.2,177.45 1 0
maand/build/execute.go:177.45,179.3 1 0
maand/build/execute.go:181.2,182.16 2 0
maand/build/execute.go:182.16,184.3 1 0
maand/build/execute.go:185.2,185.15 1 0
maand/build/execute.go:185.15,187.3 1 0
maand/build/execute.go:189.2,189.55 1 0
maand/build/execute.go:189.55,191.3 1 0
maand/build/execute.go:193.2,193.45 1 0
maand/build/execute.go:193.45,195.3 1 0
maand/build/execute.go:197.2,197.12 1 0
maand/build/validate.go:11.48,22.16 2 1
maand/build/validate.go:22.16,24.3 1 0
maand/build/validate.go:25.2,25.15 1 1
maand/build/validate.go:25.15,27.3 1 1
maand/build/validate.go:29.3,30.18 2 1
maand/build/validate.go:30.18,34.17 4 1
maand/build/validate.go:34.17,36.4 1 0
maand/build/validate.go:38.3,38.53 1 1
maand/build/validate.go:38.53,43.4 1 1
maand/build/validate.go:43.9,43.74 1 1
maand/build/validate.go:43.74,48.4 1 0
maand/build/validate.go:50.3,50.49 1 1
maand/build/validate.go:50.49,55.4 1 1
maand/build/validate.go:55.9,55.68 1 1
maand/build/validate.go:55.68,60.4 1 0
maand/build/validate.go:62.2,62.35 1 1
maand/build/validate.go:62.35,64.3 1 0
maand/build/validate.go:66.2,66.30 1 1
maand/build/validate.go:66.30,68.3 1 1
maand/build/validate.go:70.2,70.12 1 1
maand/build/validate_demands.go:21.103,28.35 2 0
maand/build/validate_demands.go:28.35,30.17 2 0
maand/build/validate_demands.go:30.17,32.4 1 0
maand/build/validate_demands.go:33.3,36.53 3 0
maand/build/validate_demands.go:36.53,38.4 1 0
maand/build/validate_demands.go:39.3,39.41 1 0
maand/build/validate_demands.go:42.2,42.35 1 0
maand/build/validate_demands.go:42.35,44.17 2 0
maand/build/validate_demands.go:44.17,46.4 1 0
maand/build/validate_demands.go:47.3,47.38 1 0
maand/build/validate_demands.go:50.2,50.21 1 0
maand/build/validate_demands.go:53.112,57.15 3 0
maand/build/validate_demands.go:57.15,58.20 1 0
maand/build/validate_demands.go:58.20,61.4 1 0
maand/build/validate_demands.go:62.3,62.34 1 0
maand/build/validate_demands.go:65.2,66.16 2 0
maand/build/validate_demands.go:66.16,68.3 1 0
maand/build/validate_demands.go:69.2,69.21 1 0
maand/build/validate_demands.go:72.58,73.39 1 0
maand/build/validate_demands.go:73.39,74.53 1 0
maand/build/validate_demands.go:74.53,75.57 1 0
maand/build/validate_demands.go:75.57,77.5 1 0
maand/build/validate_demands.go:80.2,80.14 1 0
maand/build/validate_demands.go:84.99,87.16 3 0
maand/build/validate_demands.go:87.16,89.3 1 0
maand/build/validate_demands.go:91.2,91.35 1 0
maand/build/validate_demands.go:91.35,93.53 2 0
maand/build/validate_demands.go:93.53,94.92 1 0
maand/build/validate_demands.go:94.92,96.5 1 0
maand/build/validate_demands.go:98.4,99.23 2 0
maand/build/validate_demands.go:99.23,100.13 1 0
maand/build/validate_demands.go:103.4,103.50 1 0
maand/build/validate_demands.go:103.50,106.5 1 0
maand/build/validate_demands.go:108.4,109.64 2 0
maand/build/validate_demands.go:109.64,112.5 1 0
maand/build/validate_demands.go:114.4,115.18 2 0
maand/build/validate_demands.go:115.18,117.5 1 0
maand/build/validate_demands.go:118.4,118.54 1 0
maand/build/validate_demands.go:118.54,119.13 1 0
maand/build/validate_demands.go:122.4,123.69 2 0
maand/build/validate_demands.go:123.69,126.5 1 0
maand/build/validate_demands.go:127.4,127.64 1 0
maand/build/validate_demands.go:127.64,130.5 1 0
maand/build/validate_demands.go:134.2,134.12 1 0
maand/cat/cat_allocations.go:20.52,22.16 2 1
maand/cat/cat_allocations.go:22.16,24.3 1 0
maand/cat/cat_allocations.go:26.2,27.16 2 1
maand/cat/cat_allocations.go:27.16,29.3 1 0
maand/cat/cat_allocations.go:30.2,30.15 1 1
maand/cat/cat_allocations.go:30.15,32.3 1 1
maand/cat/cat_allocations.go:34.2,35.19 2 1
maand/cat/cat_allocations.go:35.19,37.3 1 1
maand/cat/cat_allocations.go:39.2,40.22 2 1
maand/cat/cat_allocations.go:40.22,42.3 1 1
maand/cat/cat_allocations.go:44.2,48.16 4 1
maand/cat/cat_allocations.go:48.16,50.3 1 0
maand/cat/cat_allocations.go:52.2,52.78 1 1
maand/cat/cat_allocations.go:52.78,54.3 1 1
maand/cat/cat_allocations.go:56.2,57.16 2 1
maand/cat/cat_allocations.go:57.16,59.3 1 0
maand/cat/cat_allocations.go:61.2,61.87 1 1
maand/cat/cat_allocations.go:61.87,63.3 1 1
maand/cat/cat_allocations.go:65.2,71.55 5 1
maand/cat/cat_allocations.go:71.55,73.3 1 0
maand/cat/cat_allocations.go:74.2,74.16 1 1
maand/cat/cat_allocations.go:74.16,76.3 1 0
maand/cat/cat_allocations.go:78.2,81.51 3 1
maand/cat/cat_allocations.go:81.51,83.3 1 1
maand/cat/cat_allocations.go:85.2,85.25 1 1
maand/cat/cat_allocations.go:85.25,87.29 2 1
maand/cat/cat_allocations.go:87.29,89.4 1 1
maand/cat/cat_allocations.go:91.2,91.28 1 1
maand/cat/cat_allocations.go:91.28,93.3 1 1
maand/cat/cat_allocations.go:95.2,96.16 2 1
maand/cat/cat_allocations.go:96.16,98.3 1 0
maand/cat/cat_allocations.go:99.2,99.15 1 1
maand/cat/cat_allocations.go:99.15,101.3 1 1
maand/cat/cat_allocations.go:103.2,103.18 1 1
maand/cat/cat_allocations.go:103.18,111.17 7 1
maand/cat/cat_allocations.go:111.17,113.4 1 0
maand/cat/cat_allocations.go:115.3,115.73 1 1
maand/cat/cat_allocations.go:117.2,117.43 1 1
maand/cat/cat_allocations.go:117.43,119.3 1 0
maand/cat/cat_allocations.go:121.2,124.16 3 1
maand/cat/cat_allocations.go:124.16,126.3 1 0
maand/cat/cat_allocations.go:128.2,128.12 1 1
maand/cat/cat_hashes.go:19.64,21.16 2 1
maand/cat/cat_hashes.go:21.16,23.3 1 0
maand/cat/cat_hashes.go:25.2,26.16 2 1
maand/cat/cat_hashes.go:26.16,28.3 1 0
maand/cat/cat_hashes.go:29.2,29.15 1 1
maand/cat/cat_hashes.go:29.15,31.3 1 1
maand/cat/cat_hashes.go:33.2,36.75 3 1
maand/cat/cat_hashes.go:36.75,38.3 1 1
maand/cat/cat_hashes.go:40.2,48.25 3 1
maand/cat/cat_hashes.go:48.25,50.3 1 1
maand/cat/cat_hashes.go:51.2,51.28 1 1
maand/cat/cat_hashes.go:51.28,53.3 1 1
maand/cat/cat_hashes.go:54.2,54.16 1 1
maand/cat/cat_hashes.go:54.16,56.3 1 1
maand/cat/cat_hashes.go:57.2,57.25 1 1
maand/cat/cat_hashes.go:57.25,59.3 1 1
maand/cat/cat_hashes.go:60.2,63.16 3 1
maand/cat/cat_hashes.go:63.16,65.3 1 0
maand/cat/cat_hashes.go:66.2,66.15 1 1
maand/cat/cat_hashes.go:66.15,68.3 1 1
maand/cat/cat_hashes.go:70.2,78.18 3 1
maand/cat/cat_hashes.go:78.18,88.17 2 1
maand/cat/cat_hashes.go:88.17,90.4 1 0
maand/cat/cat_hashes.go:92.3,99.13 2 1
maand/cat/cat_hashes.go:101.2,101.43 1 1
maand/cat/cat_hashes.go:101.43,103.3 1 0
maand/cat/cat_hashes.go:104.2,104.19 1 1
maand/cat/cat_hashes.go:104.19,106.3 1 1
maand/cat/cat_hashes.go:108.2,110.36 2 1
maand/cat/cat_hashes.go:110.36,112.3 1 0
maand/cat/cat_hashes.go:113.2,113.12 1 1
maand/cat/cat_hashes.go:116.42,117.34 1 1
maand/cat/cat_hashes.go:117.34,119.3 1 1
maand/cat/cat_hashes.go:120.2,122.29 3 1
maand/cat/cat_hashes.go:122.29,124.17 2 1
maand/cat/cat_hashes.go:124.17,126.4 1 1
maand/cat/cat_hashes.go:128.2,128.26 1 1
maand/cat/cat_hashes.go:131.80,132.25 1 1
maand/cat/cat_hashes.go:132.25,134.17 2 1
maand/cat/cat_hashes.go:134.17,136.4 1 0
maand/cat/cat_hashes.go:137.3,137.56 1 1
maand/cat/cat_hashes.go:137.56,139.4 1 1
maand/cat/cat_hashes.go:141.2,141.28 1 1
maand/cat/cat_hashes.go:141.28,143.17 2 1
maand/cat/cat_hashes.go:143.17,145.4 1 0
maand/cat/cat_hashes.go:146.3,146.68 1 1
maand/cat/cat_hashes.go:146.68,148.4 1 1
maand/cat/cat_hashes.go:150.2,150.12 1 1
maand/cat/cat_hashes.go:153.112,154.18 1 1
maand/cat/cat_hashes.go:154.18,156.3 1 1
maand/cat/cat_hashes.go:157.2,157.19 1 1
maand/cat/cat_hashes.go:157.19,158.56 1 1
maand/cat/cat_hashes.go:158.56,160.4 1 1
maand/cat/cat_hashes.go:161.3,161.67 1 1
maand/cat/cat_hashes.go:161.67,163.4 1 1
maand/cat/cat_hashes.go:164.3,164.20 1 1
maand/cat/cat_hashes.go:166.2,166.45 1 1
maand/cat/cat_hashes.go:166.45,168.3 1 1
maand/cat/cat_hashes.go:169.2,169.24 1 1
maand/cat/cat_hashes.go:169.24,171.3 1 1
maand/cat/cat_hashes.go:172.2,172.51 1 1
maand/cat/cat_hashes.go:172.51,174.3 1 1
maand/cat/cat_hashes.go:175.2,175.33 1 1
maand/cat/cat_hashes.go:175.33,177.3 1 1
maand/cat/cat_hashes.go:178.2,178.66 1 1
maand/cat/cat_hashes.go:178.66,180.3 1 1
maand/cat/cat_hashes.go:181.2,181.19 1 1
maand/cat/cat_hashes.go:184.44,185.19 1 1
maand/cat/cat_hashes.go:185.19,187.3 1 1
maand/cat/cat_hashes.go:188.2,188.16 1 1
maand/cat/cat_info.go:14.19,16.16 2 1
maand/cat/cat_info.go:16.16,18.3 1 0
maand/cat/cat_info.go:19.2,22.16 3 1
maand/cat/cat_info.go:22.16,24.3 1 0
maand/cat/cat_info.go:25.2,25.15 1 1
maand/cat/cat_info.go:25.15,27.3 1 1
maand/cat/cat_info.go:29.2,30.16 2 1
maand/cat/cat_info.go:30.16,32.3 1 0
maand/cat/cat_info.go:34.2,35.16 2 1
maand/cat/cat_info.go:35.16,37.3 1 0
maand/cat/cat_info.go:39.2,40.16 2 1
maand/cat/cat_info.go:40.16,42.3 1 0
maand/cat/cat_info.go:44.2,45.16 2 1
maand/cat/cat_info.go:45.16,47.3 1 0
maand/cat/cat_info.go:49.2,50.16 2 1
maand/cat/cat_info.go:50.16,52.3 1 0
maand/cat/cat_info.go:54.2,65.12 11 1
maand/cat/cat_job_commands.go:18.26,22.16 2 1
maand/cat/cat_job_commands.go:22.16,24.3 1 0
maand/cat/cat_job_commands.go:26.2,27.16 2 1
maand/cat/cat_job_commands.go:27.16,29.3 1 0
maand/cat/cat_job_commands.go:31.2,31.15 1 1
maand/cat/cat_job_commands.go:31.15,33.3 1 1
maand/cat/cat_job_commands.go:35.2,39.60 5 1
maand/cat/cat_job_commands.go:39.60,41.3 1 0
maand/cat/cat_job_commands.go:42.2,42.16 1 1
maand/cat/cat_job_commands.go:42.16,44.3 1 0
maand/cat/cat_job_commands.go:46.2,47.16 2 1
maand/cat/cat_job_commands.go:47.16,49.3 1 0
maand/cat/cat_job_commands.go:50.2,50.15 1 1
maand/cat/cat_job_commands.go:50.15,52.3 1 1
maand/cat/cat_job_commands.go:54.2,56.18 2 1
maand/cat/cat_job_commands.go:56.18,65.17 8 1
maand/cat/cat_job_commands.go:65.17,67.4 1 0
maand/cat/cat_job_commands.go:69.3,69.104 1 1
maand/cat/cat_job_commands.go:71.2,71.43 1 1
maand/cat/cat_job_commands.go:71.43,73.3 1 0
maand/cat/cat_job_commands.go:75.2,78.16 3 1
maand/cat/cat_job_commands.go:78.16,80.3 1 0
maand/cat/cat_job_commands.go:82.2,82.12 1 1
maand/cat/cat_jobs.go:18.19,20.16 2 1
maand/cat/cat_jobs.go:20.16,22.3 1 0
maand/cat/cat_jobs.go:24.2,25.16 2 1
maand/cat/cat_jobs.go:25.16,27.3 1 0
maand/cat/cat_jobs.go:28.2,28.15 1 1
maand/cat/cat_jobs.go:28.15,30.3 1 1
maand/cat/cat_jobs.go:32.2,36.49 5 1
maand/cat/cat_jobs.go:36.49,38.3 1 0
maand/cat/cat_jobs.go:39.2,39.16 1 1
maand/cat/cat_jobs.go:39.16,41.3 1 0
maand/cat/cat_jobs.go:43.2,44.16 2 1
maand/cat/cat_jobs.go:44.16,46.3 1 0
maand/cat/cat_jobs.go:47.2,47.15 1 1
maand/cat/cat_jobs.go:47.15,49.3 1 1
maand/cat/cat_jobs.go:51.2,53.18 2 1
maand/cat/cat_jobs.go:53.18,62.17 8 1
maand/cat/cat_jobs.go:62.17,64.4 1 0
maand/cat/cat_jobs.go:66.3,66.81 1 1
maand/cat/cat_jobs.go:68.2,68.43 1 1
maand/cat/cat_jobs.go:68.43,70.3 1 0
maand/cat/cat_jobs.go:72.2,74.36 2 1
maand/cat/cat_jobs.go:74.36,76.3 1 0
maand/cat/cat_jobs.go:78.2,78.12 1 1
maand/cat/cat_kv.go:21.61,23.16 2 1
maand/cat/cat_kv.go:23.16,25.3 1 0
maand/cat/cat_kv.go:26.2,26.15 1 1
maand/cat/cat_kv.go:26.15,28.3 1 1
maand/cat/cat_kv.go:30.2,31.16 2 1
maand/cat/cat_kv.go:31.16,33.3 1 0
maand/cat/cat_kv.go:35.2,35.15 1 1
maand/cat/cat_kv.go:35.15,37.3 1 1
maand/cat/cat_kv.go:39.2,40.60 2 1
maand/cat/cat_kv.go:40.60,42.3 1 1
maand/cat/cat_kv.go:44.2,45.16 2 1
maand/cat/cat_kv.go:45.16,47.3 1 0
maand/cat/cat_kv.go:48.2,48.49 1 1
maand/cat/cat_kv.go:48.49,50.3 1 1
maand/cat/cat_kv.go:52.2,53.16 2 1
maand/cat/cat_kv.go:53.16,55.3 1 0
maand/cat/cat_kv.go:57.2,60.49 4 1
maand/cat/cat_kv.go:60.49,62.3 1 1
maand/cat/cat_kv.go:63.2,63.16 1 1
maand/cat/cat_kv.go:63.16,65.3 1 0
maand/cat/cat_kv.go:67.2,68.16 2 1
maand/cat/cat_kv.go:68.16,70.3 1 0
maand/cat/cat_kv.go:71.2,71.15 1 1
maand/cat/cat_kv.go:71.15,73.3 1 1
maand/cat/cat_kv.go:75.2,77.18 2 1
maand/cat/cat_kv.go:77.18,87.17 9 1
maand/cat/cat_kv.go:87.17,89.4 1 0
maand/cat/cat_kv.go:91.3,91.39 1 1
maand/cat/cat_kv.go:91.39,93.4 1 0
maand/cat/cat_kv.go:94.3,94.33 1 1
maand/cat/cat_kv.go:94.33,96.4 1 0
maand/cat/cat_kv.go:98.3,98.89 1 1
maand/cat/cat_kv.go:100.2,100.43 1 1
maand/cat/cat_kv.go:100.43,102.3 1 0
maand/cat/cat_kv.go:104.2,106.36 2 1
maand/cat/cat_kv.go:106.36,108.3 1 0
maand/cat/cat_kv.go:110.2,110.12 1 1
maand/cat/cat_kv.go:113.54,115.16 2 1
maand/cat/cat_kv.go:115.16,117.3 1 0
maand/cat/cat_kv.go:118.2,118.15 1 1
maand/cat/cat_kv.go:118.15,120.3 1 1
maand/cat/cat_kv.go:122.2,123.16 2 1
maand/cat/cat_kv.go:123.16,125.3 1 0
maand/cat/cat_kv.go:126.2,126.15 1 1
maand/cat/cat_kv.go:126.15,128.3 1 1
maand/cat/cat_kv.go:130.2,140.35 6 1
maand/cat/cat_kv.go:140.35,142.3 1 0
maand/cat/cat_kv.go:143.2,143.16 1 1
maand/cat/cat_kv.go:143.16,145.3 1 0
maand/cat/cat_kv.go:146.2,146.18 1 1
maand/cat/cat_kv.go:146.18,148.3 1 0
maand/cat/cat_kv.go:150.2,151.16 2 1
maand/cat/cat_kv.go:151.16,153.3 1 0
maand/cat/cat_kv.go:155.2,162.36 7 1
maand/cat/cat_kv.go:162.36,164.3 1 0
maand/cat/cat_kv.go:166.2,166.12 1 1
maand/cat/cat_kv.go:169.65,170.26 1 1
maand/cat/cat_kv.go:170.26,172.3 1 1
maand/cat/cat_kv.go:173.2,174.16 2 1
maand/cat/cat_kv.go:174.16,176.3 1 0
maand/cat/cat_kv.go:177.2,177.55 1 1
maand/cat/cat_kv.go:177.55,179.3 1 1
maand/cat/cat_kv.go:180.2,180.12 1 1
maand/cat/cat_kv.go:183.77,184.26 1 1
maand/cat/cat_kv.go:184.26,186.3 1 1
maand/cat/cat_kv.go:188.2,189.33 2 1
maand/cat/cat_kv.go:189.33,191.17 2 1
maand/cat/cat_kv.go:191.17,193.4 1 0
maand/cat/cat_kv.go:194.3,194.46 1 1
maand/cat/cat_kv.go:196.2,196.38 1 1
maand/cat/cat_kv.go:199.85,200.31 1 1
maand/cat/cat_kv.go:200.31,202.3 1 1
maand/cat/cat_kv.go:204.2,205.25 2 1
maand/cat/cat_kv.go:205.25,207.3 1 1
maand/cat/cat_kv.go:208.2,208.9 1 1
maand/cat/cat_kv.go:209.18,210.49 1 1
maand/cat/cat_kv.go:211.19,212.49 1 1
maand/cat/cat_kv.go:214.2,214.26 1 1
maand/cat/cat_kv.go:214.26,216.3 1 1
maand/cat/cat_kv.go:217.2,217.59 1 1
maand/cat/cat_kv.go:220.79,221.33 1 1
maand/cat/cat_kv.go:221.33,223.3 1 0
maand/cat/cat_kv.go:224.2,224.13 1 1
maand/cat/cat_kv.go:224.13,226.3 1 1
maand/cat/cat_kv.go:227.2,228.16 2 1
maand/cat/cat_kv.go:228.16,230.3 1 0
maand/cat/cat_kv.go:231.2,231.23 1 1
maand/cat/cat_ports.go:18.23,22.16 2 1
maand/cat/cat_ports.go:22.16,24.3 1 0
maand/cat/cat_ports.go:26.2,27.16 2 1
maand/cat/cat_ports.go:27.16,29.3 1 0
maand/cat/cat_ports.go:31.2,31.15 1 1
maand/cat/cat_ports.go:31.15,33.3 1 1
maand/cat/cat_ports.go:35.2,39.49 5 1
maand/cat/cat_ports.go:39.49,41.3 1 0
maand/cat/cat_ports.go:43.2,44.16 2 1
maand/cat/cat_ports.go:44.16,46.3 1 0
maand/cat/cat_ports.go:47.2,47.15 1 1
maand/cat/cat_ports.go:47.15,49.3 1 1
maand/cat/cat_ports.go:51.2,53.18 2 1
maand/cat/cat_ports.go:53.18,59.17 5 1
maand/cat/cat_ports.go:59.17,61.4 1 0
maand/cat/cat_ports.go:63.3,63.47 1 1
maand/cat/cat_ports.go:65.2,65.43 1 1
maand/cat/cat_ports.go:65.43,67.3 1 0
maand/cat/cat_ports.go:69.2,71.36 2 1
maand/cat/cat_ports.go:71.36,73.3 1 0
maand/cat/cat_ports.go:75.2,75.12 1 1
maand/cat/cat_workers.go:18.22,21.16 2 1
maand/cat/cat_workers.go:21.16,23.3 1 0
maand/cat/cat_workers.go:25.2,26.16 2 1
maand/cat/cat_workers.go:26.16,28.3 1 0
maand/cat/cat_workers.go:30.2,30.15 1 1
maand/cat/cat_workers.go:30.15,32.3 1 1
maand/cat/cat_workers.go:34.2,35.40 2 1
maand/cat/cat_workers.go:35.40,37.3 1 0
maand/cat/cat_workers.go:38.2,38.56 1 1
maand/cat/cat_workers.go:38.56,40.3 1 0
maand/cat/cat_workers.go:42.2,43.16 2 1
maand/cat/cat_workers.go:43.16,45.3 1 0
maand/cat/cat_workers.go:46.2,46.15 1 1
maand/cat/cat_workers.go:46.15,48.3 1 1
maand/cat/cat_workers.go:50.2,52.18 2 1
maand/cat/cat_workers.go:52.18,61.17 8 1
maand/cat/cat_workers.go:61.17,63.4 1 0
maand/cat/cat_workers.go:65.3,65.94 1 1
maand/cat/cat_workers.go:67.2,67.43 1 1
maand/cat/cat_workers.go:67.43,69.3 1 0
maand/cat/cat_workers.go:71.2,73.35 2 1
maand/cat/cat_workers.go:73.35,75.3 1 0
maand/cat/cat_workers.go:77.2,77.12 1 1
