mode: atomic
maand/main.go:8.13,11.2 2 0
maand/bucket/command.go:16.69,18.33 2 1
maand/bucket/command.go:18.33,21.19 3 2
maand/bucket/command.go:21.19,23.4 1 2
maand/bucket/command.go:25.2,26.41 2 1
maand/bucket/command.go:30.100,34.57 3 0
maand/bucket/command.go:34.57,36.3 1 0
maand/bucket/command.go:37.2,37.103 1 0
maand/bucket/command.go:37.103,39.3 1 0
maand/bucket/command.go:41.2,41.28 1 0
maand/bucket/command.go:44.36,46.2 1 0
maand/bucket/config.go:26.29,28.16 2 0
maand/bucket/config.go:28.16,30.3 1 0
maand/bucket/config.go:31.2,31.23 1 0
maand/bucket/config.go:31.23,33.3 1 0
maand/bucket/config.go:34.2,34.26 1 0
maand/bucket/config.go:37.40,39.46 2 0
maand/bucket/config.go:39.46,41.17 2 0
maand/bucket/config.go:41.17,43.4 1 0
maand/bucket/config.go:45.3,47.17 3 0
maand/bucket/config.go:47.17,49.4 1 0
maand/bucket/config.go:51.3,51.30 1 0
maand/bucket/config.go:51.30,53.4 1 0
maand/bucket/config.go:55.3,55.24 1 0
maand/bucket/config.go:57.2,57.25 1 0
maand/bucket/config.go:60.44,62.16 2 0
maand/bucket/config.go:62.16,64.3 1 0
maand/bucket/config.go:66.2,67.53 2 0
maand/bucket/config.go:67.53,69.17 2 0
maand/bucket/config.go:69.17,71.4 1 0
maand/bucket/config.go:73.2,73.12 1 0
maand/bucket/const.go:19.19,24.2 4 0
maand/bucket/const.go:26.48,28.2 1 0
maand/bucket/container_paths.go:14.26,16.16 2 0
maand/bucket/container_paths.go:16.16,18.3 1 0
maand/bucket/container_paths.go:19.2,19.35 1 0
maand/bucket/container_paths.go:22.29,24.2 1 0
maand/bucket/errors.go:49.52,51.2 1 0
maand/bucket/errors.go:53.37,55.2 1 0
maand/bucket/errors.go:57.39,59.2 1 0
maand/bucket/errors.go:61.41,63.2 1 0
maand/bucket/paths.go:14.50,16.16 2 0
maand/bucket/paths.go:16.16,18.3 1 0
maand/bucket/paths.go:20.2,21.16 2 0
maand/bucket/paths.go:21.16,23.3 1 0
maand/bucket/paths.go:25.2,26.16 2 0
maand/bucket/paths.go:26.16,28.3 1 0
maand/bucket/paths.go:29.2,29.18 1 0
maand/bucket/paths.go:29.18,31.3 1 0
maand/bucket/paths.go:33.2,33.21 1 0
maand/bucket/paths.go:36.77,38.16 2 0
maand/bucket/paths.go:38.16,40.3 1 0
maand/bucket/paths.go:41.2,41.43 1 0
maand/bucket/paths.go:45.53,47.2 1 0
maand/bucket/port_range.go:30.41,35.16 4 0
maand/bucket/port_range.go:35.16,36.25 1 0
maand/bucket/port_range.go:36.25,38.4 1 0
maand/bucket/port_range.go:39.3,39.68 1 0
maand/bucket/port_range.go:42.2,43.56 2 0
maand/bucket/port_range.go:43.56,45.3 1 0
maand/bucket/port_range.go:47.2,47.73 1 0
maand/bucket/port_range.go:47.73,49.17 2 0
maand/bucket/port_range.go:49.17,51.4 1 0
maand/bucket/port_range.go:53.2,53.73 1 0
maand/bucket/port_range.go:53.73,55.17 2 0
maand/bucket/port_range.go:55.17,57.4 1 0
maand/bucket/port_range.go:60.2,60.24 1 0
maand/bucket/port_range.go:64.37,65.49 1 0
maand/bucket/port_range.go:65.49,67.3 1 0
maand/bucket/port_range.go:68.2,68.12 1 0
maand/bucket/port_range.go:72.33,74.2 1 0
maand/bucket/runtime.go:26.47,28.2 1 0
maand/bucket/runtime.go:31.32,33.2 1 0
maand/bucket/runtime.go:37.92,47.18 4 0
maand/bucket/runtime.go:47.18,49.3 1 0
maand/bucket/runtime.go:49.8,51.3 1 0
maand/bucket/runtime.go:53.2,53.36 1 0
maand/bucket/runtime.go:57.68,58.19 1 0
maand/bucket/runtime.go:58.19,60.17 2 0
maand/bucket/runtime.go:60.17,62.4 1 0
maand/bucket/runtime.go:63.3,63.23 1 0
maand/bucket/runtime.go:66.2,67.16 2 0
maand/bucket/runtime.go:67.16,69.3 1 0
maand/bucket/runtime.go:70.2,71.16 2 0
maand/bucket/runtime.go:71.16,73.3 1 0
maand/bucket/runtime.go:75.2,75.36 1 0
maand/bucket/runtime.go:75.36,77.3 1 0
maand/bucket/runtime.go:79.2,85.35 2 0
maand/bucket/runtime.go:85.35,88.22 3 0
maand/bucket/runtime.go:88.22,91.60 3 0
maand/bucket/runtime.go:91.60,93.25 2 0
maand/bucket/runtime.go:93.25,95.6 1 0
maand/bucket/runtime.go:96.5,96.22 1 0
maand/bucket/runtime.go:99.3,99.39 1 0
maand/bucket/runtime.go:99.39,101.24 2 0
maand/bucket/runtime.go:101.24,103.5 1 0
maand/bucket/runtime.go:104.4,104.21 1 0
maand/bucket/runtime.go:108.2,113.22 5 0
maand/bucket/runtime.go:113.22,116.3 2 0
maand/bucket/runtime.go:118.2,118.35 1 0
maand/bucket/runtime.go:118.35,120.3 1 0
maand/bucket/runtime.go:121.2,121.12 1 0
maand/bucket/runtime.go:124.42,126.30 2 0
maand/bucket/runtime.go:126.30,128.3 1 0
maand/bucket/runtime.go:129.2,129.29 1 0
maand/bucket/runtime.go:132.64,134.20 2 0
maand/bucket/runtime.go:134.20,136.3 1 0
maand/bucket/runtime.go:138.2,141.56 3 0
maand/bucket/runtime.go:141.56,143.3 1 0
maand/bucket/runtime.go:145.2,146.16 2 0
maand/bucket/runtime.go:146.16,148.3 1 0
maand/bucket/runtime.go:149.2,149.15 1 0
maand/bucket/runtime.go:149.15,151.3 1 0
maand/bucket/runtime.go:153.2,153.60 1 0
maand/bucket/runtime.go:153.60,155.3 1 0
maand/bucket/runtime.go:156.2,156.12 1 0
maand/cmd/build.go:19.47,21.92 2 0
maand/cmd/build.go:21.92,24.4 2 0
maand/cmd/build.go:28.13,35.2 2 0
maand/cmd/cat.go:14.47,16.3 1 0
maand/cmd/cat.go:19.13,21.2 1 0
maand/cmd/cat_allocations.go:16.47,22.17 5 0
maand/cmd/cat_allocations.go:22.17,24.4 1 0
maand/cmd/cat_allocations.go:28.13,32.2 3 0
maand/cmd/cat_hashes.go:24.47,30.69 5 0
maand/cmd/cat_hashes.go:30.69,32.4 1 0
maand/cmd/cat_hashes.go:36.13,41.2 4 0
maand/cmd/cat_job_commands.go:17.47,19.17 2 0
maand/cmd/cat_job_commands.go:19.17,21.4 1 0
maand/cmd/cat_job_commands.go:25.13,27.2 1 0
maand/cmd/cat_jobs.go:17.47,19.17 2 0
maand/cmd/cat_jobs.go:19.17,21.4 1 0
maand/cmd/cat_jobs.go:25.13,27.2 1 0
maand/cmd/cat_kv.go:29.47,32.17 3 0
maand/cmd/cat_kv.go:32.17,34.4 1 0
maand/cmd/cat_kv.go:38.51,43.65 5 0
maand/cmd/cat_kv.go:43.65,45.3 1 0
maand/cmd/cat_kv.go:48.13,59.2 8 0
maand/cmd/cat_ports.go:17.47,19.17 2 0
maand/cmd/cat_ports.go:19.17,21.4 1 0
maand/cmd/cat_ports.go:25.13,27.2 1 0
maand/cmd/cat_workers.go:17.47,19.17 2 0
maand/cmd/cat_workers.go:19.17,21.4 1 0
maand/cmd/cat_workers.go:25.13,27.2 1 0
maand/cmd/deploy.go:19.47,24.23 4 0
maand/cmd/deploy.go:24.23,26.4 1 0
maand/cmd/deploy.go:28.3,29.16 2 0
maand/cmd/deploy.go:29.16,31.18 2 0
maand/cmd/deploy.go:31.18,33.5 1 0
maand/cmd/deploy.go:36.3,38.13 3 0
maand/cmd/deploy.go:38.13,40.18 2 0
maand/cmd/deploy.go:40.18,42.5 1 0
maand/cmd/deploy.go:43.4,44.10 2 0
maand/cmd/deploy.go:47.3,48.17 2 0
maand/cmd/deploy.go:48.17,50.4 1 0
maand/cmd/deploy.go:54.13,60.2 5 0
maand/cmd/errors.go:9.59,11.2 1 0
maand/cmd/gc.go:18.47,20.48 2 0
maand/cmd/gc.go:20.48,22.4 1 0
maand/cmd/gc.go:26.13,29.2 2 0
maand/cmd/health_check.go:22.47,29.83 6 0
maand/cmd/health_check.go:29.83,31.4 1 0
maand/cmd/health_check.go:35.13,45.2 5 0
maand/cmd/info.go:17.47,19.17 2 0
maand/cmd/info.go:19.17,21.4 1 0
maand/cmd/info.go:25.13,27.2 1 0
maand/cmd/init.go:22.47,23.46 1 0
maand/cmd/init.go:23.46,25.4 1 0
maand/cmd/init.go:29.13,31.2 1 0
maand/cmd/job.go:13.47,15.3 1 0
maand/cmd/job.go:18.13,20.2 1 0
maand/cmd/job_command.go:19.47,24.22 4 0
maand/cmd/job_command.go:24.22,26.4 1 0
maand/cmd/job_command.go:28.3,32.17 4 0
maand/cmd/job_command.go:32.17,34.4 1 0
maand/cmd/job_command.go:38.13,42.2 3 0
maand/cmd/job_create.go:25.47,30.52 5 0
maand/cmd/job_create.go:30.52,32.30 2 0
maand/cmd/job_create.go:32.30,34.5 1 0
maand/cmd/job_create.go:35.4,45.67 5 0
maand/cmd/job_create.go:46.9,48.4 1 0
maand/cmd/job_create.go:52.13,56.2 2 0
maand/cmd/job_run.go:19.47,25.17 6 0
maand/cmd/job_run.go:25.17,27.4 1 0
maand/cmd/job_run.go:35.47,40.17 5 0
maand/cmd/job_run.go:40.17,42.4 1 0
maand/cmd/job_run.go:50.47,55.17 5 0
maand/cmd/job_run.go:55.17,57.4 1 0
maand/cmd/job_run.go:65.47,70.17 5 0
maand/cmd/job_run.go:70.17,72.4 1 0
maand/cmd/job_run.go:80.47,84.17 4 0
maand/cmd/job_run.go:84.17,86.4 1 0
maand/cmd/job_run.go:90.13,97.104 6 0
maand/cmd/job_run.go:97.104,100.3 2 0
maand/cmd/job_run.go:101.2,102.42 2 0
maand/cmd/maand.go:17.47,19.3 1 0
maand/cmd/maand.go:22.16,23.43 1 0
maand/cmd/maand.go:23.43,25.3 1 0
maand/cmd/run_command.go:37.47,46.20 7 0
maand/cmd/run_command.go:46.20,48.4 1 0
maand/cmd/run_command.go:50.3,51.43 2 0
maand/cmd/run_command.go:51.43,54.4 2 0
maand/cmd/run_command.go:55.3,55.17 1 0
maand/cmd/run_command.go:55.17,57.4 1 0
maand/cmd/run_command.go:61.13,67.2 5 0
maand/initialize/execute.go:28.22,29.50 1 0
maand/initialize/execute.go:29.50,31.3 1 0
maand/initialize/execute.go:33.2,36.16 3 0
maand/initialize/execute.go:36.16,38.3 1 0
maand/initialize/execute.go:39.2,39.15 1 0
maand/initialize/execute.go:39.15,41.3 1 0
maand/initialize/execute.go:43.2,44.16 2 0
maand/initialize/execute.go:44.16,46.3 1 0
maand/initialize/execute.go:47.2,47.15 1 0
maand/initialize/execute.go:47.15,49.3 1 0
maand/initialize/execute.go:51.2,51.47 1 0
maand/initialize/execute.go:51.47,53.3 1 0
maand/initialize/execute.go:55.2,56.16 2 0
maand/initialize/execute.go:56.16,58.3 1 0
maand/initialize/execute.go:60.2,61.41 2 0
maand/initialize/execute.go:61.41,63.63 2 0
maand/initialize/execute.go:63.63,65.4 1 0
maand/initialize/execute.go:66.3,66.52 1 0
maand/initialize/execute.go:66.52,68.4 1 0
maand/initialize/execute.go:69.8,71.17 2 0
maand/initialize/execute.go:71.17,73.4 1 0
maand/initialize/execute.go:76.2,76.47 1 0
maand/initialize/execute.go:76.47,78.3 1 0
maand/initialize/execute.go:79.2,79.43 1 0
maand/initialize/execute.go:79.43,81.3 1 0
maand/initialize/execute.go:82.2,82.49 1 0
maand/initialize/execute.go:82.49,84.3 1 0
maand/initialize/execute.go:85.2,85.36 1 0
maand/initialize/execute.go:85.36,87.3 1 0
maand/initialize/execute.go:89.2,89.41 1 0
maand/initialize/execute.go:89.41,91.3 1 0
maand/initialize/execute.go:91.8,93.3 1 0
maand/initialize/execute.go:94.2,94.12 1 0
maand/initialize/execute.go:97.38,105.27 2 0
maand/initialize/execute.go:105.27,106.49 1 0
maand/initialize/execute.go:106.49,108.4 1 0
maand/initialize/execute.go:110.2,110.12 1 0
maand/initialize/execute.go:113.35,115.56 2 0
maand/initialize/execute.go:115.56,116.72 1 0
maand/initialize/execute.go:116.72,118.4 1 0
maand/initialize/execute.go:121.2,122.55 2 0
maand/initialize/execute.go:122.55,123.93 1 0
maand/initialize/execute.go:123.93,125.4 1 0
maand/initialize/execute.go:127.2,127.12 1 0
maand/initialize/execute.go:130.39,137.53 2 0
maand/initialize/execute.go:137.53,139.3 1 0
maand/initialize/execute.go:140.2,140.12 1 0
maand/initialize/execute.go:143.38,150.31 7 0
maand/initialize/execute.go:150.31,152.3 1 0
maand/initialize/execute.go:153.2,153.31 1 0
maand/initialize/execute.go:153.31,155.3 1 0
maand/initialize/execute.go:156.2,156.20 1 0
maand/initialize/execute.go:156.20,158.3 1 0
maand/initialize/execute.go:159.2,159.19 1 0
maand/initialize/execute.go:159.19,161.3 1 0
maand/initialize/execute.go:162.2,162.12 1 0
maand/initialize/execute.go:165.74,167.16 2 0
maand/initialize/execute.go:167.16,169.3 1 0
maand/initialize/execute.go:171.2,183.16 4 0
maand/initialize/execute.go:183.16,185.3 1 0
maand/initialize/execute.go:187.2,188.16 2 0
maand/initialize/execute.go:188.16,190.3 1 0
maand/initialize/execute.go:192.2,193.16 2 0
maand/initialize/execute.go:193.16,195.3 1 0
maand/initialize/execute.go:196.2,196.15 1 0
maand/initialize/execute.go:196.15,198.3 1 0
maand/initialize/execute.go:200.2,200.96 1 0
maand/initialize/execute.go:200.96,202.3 1 0
maand/initialize/execute.go:204.2,205.16 2 0
maand/initialize/execute.go:205.16,207.3 1 0
maand/initialize/execute.go:208.2,208.15 1 0
maand/initialize/execute.go:208.15,210.3 1 0
maand/initialize/execute.go:212.2,212.113 1 0
maand/data/allocation_state.go:10.53,12.2 1 3
maand/data/allocation_state.go:15.73,17.16 2 0
maand/data/allocation_state.go:17.16,19.3 1 0
maand/data/allocation_state.go:20.2,20.18 1 0
maand/data/allocation_state.go:20.18,22.3 1 0
maand/data/allocation_state.go:23.2,24.16 2 0
maand/data/allocation_state.go:24.16,26.3 1 0
maand/data/allocation_state.go:27.2,27.27 1 0
maand/data/allocation_state.go:32.87,34.2 1 3
maand/data/allocation_version.go:14.73,17.16 3 2
maand/data/allocation_version.go:17.16,19.3 1 0
maand/data/allocation_version.go:20.2,20.12 1 2
maand/data/allocation_version.go:24.74,27.16 3 5
maand/data/allocation_version.go:27.16,28.27 1 0
maand/data/allocation_version.go:28.27,30.4 1 0
maand/data/allocation_version.go:31.3,31.39 1 0
maand/data/allocation_version.go:33.2,33.48 1 5
maand/data/allocation_version.go:38.87,48.16 3 0
maand/data/allocation_version.go:48.16,50.3 1 0
maand/data/allocation_version.go:51.2,51.15 1 0
maand/data/allocation_version.go:51.15,53.3 1 0
maand/data/allocation_version.go:55.2,56.18 2 0
maand/data/allocation_version.go:56.18,58.46 2 0
maand/data/allocation_version.go:58.46,60.4 1 0
maand/data/allocation_version.go:61.3,61.38 1 0
maand/data/allocation_version.go:63.2,63.38 1 0
maand/data/allocation_version.go:63.38,65.3 1 0
maand/data/allocation_version.go:66.2,66.21 1 0
maand/data/allocation_version.go:70.77,80.16 3 0
maand/data/allocation_version.go:80.16,82.3 1 0
maand/data/allocation_version.go:83.2,83.15 1 0
maand/data/allocation_version.go:83.15,85.3 1 0
maand/data/allocation_version.go:87.2,88.18 2 0
maand/data/allocation_version.go:88.18,90.46 2 0
maand/data/allocation_version.go:90.46,92.4 1 0
maand/data/allocation_version.go:93.3,93.38 1 0
maand/data/allocation_version.go:95.2,95.38 1 0
maand/data/allocation_version.go:95.38,97.3 1 0
maand/data/allocation_version.go:98.2,98.21 1 0
maand/data/allocation_version.go:102.84,104.16 2 0
maand/data/allocation_version.go:104.16,106.3 1 0
maand/data/allocation_version.go:107.2,109.16 3 0
maand/data/allocation_version.go:109.16,111.3 1 0
maand/data/allocation_version.go:112.2,112.60 1 0
maand/data/allocations_meta.go:14.65,16.16 2 0
maand/data/allocations_meta.go:16.16,18.3 1 0
maand/data/allocations_meta.go:20.2,21.56 2 0
maand/data/allocations_meta.go:21.56,23.3 1 0
maand/data/allocations_meta.go:24.2,24.19 1 0
maand/data/bucket_meta.go:16.50,19.35 3 0
maand/data/bucket_meta.go:19.35,21.3 1 0
maand/data/bucket_meta.go:22.2,22.16 1 0
maand/data/bucket_meta.go:22.16,24.3 1 0
maand/data/bucket_meta.go:25.2,25.28 1 0
maand/data/bucket_meta.go:29.60,31.16 2 0
maand/data/bucket_meta.go:31.16,33.3 1 0
maand/data/bucket_meta.go:34.2,34.12 1 0
maand/data/bucket_meta.go:37.46,40.16 3 0
maand/data/bucket_meta.go:40.16,42.3 1 0
maand/data/bucket_meta.go:43.2,43.22 1 0
maand/data/bucket_meta.go:46.50,49.16 3 0
maand/data/bucket_meta.go:49.16,51.3 1 0
maand/data/bucket_meta.go:52.2,52.23 1 0
maand/data/bucket_meta.go:55.58,57.16 2 0
maand/data/bucket_meta.go:57.16,59.3 1 0
maand/data/bucket_meta.go:60.2,60.12 1 0
maand/data/bucket_meta.go:63.51,66.16 3 0
maand/data/bucket_meta.go:66.16,68.3 1 0
maand/data/bucket_meta.go:69.2,69.20 1 0
maand/data/bucket_meta.go:73.48,78.2 1 0
maand/data/bucket_meta.go:81.50,86.2 1 0
maand/data/bucket_meta.go:89.43,92.2 2 0
maand/data/bucket_meta.go:94.57,107.2 1 4
maand/data/bucket_meta.go:110.75,116.16 2 4
maand/data/bucket_meta.go:116.16,118.3 1 0
maand/data/bucket_meta.go:119.2,119.15 1 4
maand/data/bucket_meta.go:119.15,121.3 1 4
maand/data/bucket_meta.go:123.2,124.18 2 4
maand/data/bucket_meta.go:124.18,126.49 2 2
maand/data/bucket_meta.go:126.49,128.4 1 0
maand/data/bucket_meta.go:129.3,133.4 1 2
maand/data/bucket_meta.go:135.2,135.38 1 4
maand/data/bucket_meta.go:135.38,137.3 1 0
maand/data/bucket_meta.go:138.2,138.24 1 4
maand/data/bucket_meta.go:142.90,144.15 2 4
maand/data/bucket_meta.go:144.15,146.3 1 0
maand/data/bucket_meta.go:147.2,148.16 2 4
maand/data/bucket_meta.go:148.16,150.3 1 0
maand/data/bucket_meta.go:151.2,151.45 1 4
maand/data/bucket_meta.go:156.77,158.16 2 3
maand/data/bucket_meta.go:158.16,160.3 1 0
maand/data/bucket_meta.go:162.2,164.31 3 3
maand/data/bucket_meta.go:164.31,165.28 1 4
maand/data/bucket_meta.go:165.28,166.29 1 46
maand/data/bucket_meta.go:166.29,167.13 1 10
maand/data/bucket_meta.go:169.4,170.39 2 36
maand/data/bucket_meta.go:174.2,174.37 1 3
maand/data/bucket_meta.go:174.37,176.17 2 4
maand/data/bucket_meta.go:176.17,178.4 1 0
maand/data/bucket_meta.go:179.3,179.18 1 4
maand/data/bucket_meta.go:181.2,181.24 1 3
maand/data/database.go:21.28,23.2 1 1
maand/data/database.go:26.28,29.2 2 0
maand/data/database.go:33.56,35.19 2 1
maand/data/database.go:35.19,36.52 1 0
maand/data/database.go:36.52,38.4 1 0
maand/data/database.go:41.2,42.16 2 1
maand/data/database.go:42.16,44.3 1 0
maand/data/database.go:45.2,45.16 1 1
maand/data/hash.go:14.64,18.16 4 0
maand/data/hash.go:18.16,19.36 1 0
maand/data/hash.go:19.36,21.18 2 0
maand/data/hash.go:21.18,23.5 1 0
maand/data/hash.go:24.4,24.14 1 0
maand/data/hash.go:26.3,26.35 1 0
maand/data/hash.go:29.2,30.16 2 0
maand/data/hash.go:30.16,32.3 1 0
maand/data/hash.go:33.2,33.12 1 0
maand/data/hash.go:36.67,40.16 4 0
maand/data/hash.go:40.16,41.36 1 0
maand/data/hash.go:41.36,43.4 1 0
maand/data/hash.go:44.3,44.42 1 0
maand/data/hash.go:46.2,46.53 1 0
maand/data/hash.go:49.65,51.16 2 0
maand/data/hash.go:51.16,53.3 1 0
maand/data/hash.go:54.2,54.12 1 0
maand/data/hash.go:57.64,59.16 2 0
maand/data/hash.go:59.16,61.3 1 0
maand/data/hash.go:62.2,62.12 1 0
maand/data/hash.go:65.90,68.16 3 0
maand/data/hash.go:68.16,69.36 1 0
maand/data/hash.go:69.36,71.4 1 0
maand/data/hash.go:72.3,72.39 1 0
maand/data/hash.go:74.2,74.26 1 0
maand/data/hash_allocation.go:16.66,19.2 2 0
maand/data/hash_allocation.go:23.74,30.16 4 2
maand/data/hash_allocation.go:30.16,31.36 1 1
maand/data/hash_allocation.go:31.36,37.18 2 1
maand/data/hash_allocation.go:37.18,39.5 1 0
maand/data/hash_allocation.go:40.4,40.14 1 1
maand/data/hash_allocation.go:42.3,42.35 1 0
maand/data/hash_allocation.go:45.2,49.16 2 1
maand/data/hash_allocation.go:49.16,51.3 1 0
maand/data/hash_allocation.go:52.2,52.12 1 1
maand/data/hash_allocation.go:56.70,67.16 2 1
maand/data/hash_allocation.go:67.16,69.3 1 0
maand/data/hash_allocation.go:70.2,70.12 1 1
maand/data/hash_allocation.go:74.72,80.16 3 0
maand/data/hash_allocation.go:80.16,82.3 1 0
maand/data/hash_allocation.go:83.2,83.12 1 0
maand/data/hash_allocation.go:87.72,92.16 2 1
maand/data/hash_allocation.go:92.16,94.3 1 0
maand/data/hash_allocation.go:95.2,95.12 1 1
maand/data/hash_allocation.go:99.91,106.50 4 5
maand/data/hash_allocation.go:106.50,108.3 1 0
maand/data/hash_allocation.go:110.2,111.16 2 5
maand/data/hash_allocation.go:111.16,113.3 1 0
maand/data/hash_allocation.go:115.2,118.8 1 5
maand/data/hash_health.go:20.73,23.16 3 2
maand/data/hash_health.go:23.16,25.3 1 0
maand/data/hash_health.go:27.2,32.35 3 2
maand/data/hash_health.go:32.35,34.3 1 0
maand/data/hash_health.go:35.2,35.16 1 2
maand/data/hash_health.go:35.16,37.3 1 0
maand/data/hash_health.go:38.2,38.54 1 2
maand/data/hash_health.go:38.54,40.3 1 0
maand/data/hash_health.go:41.2,41.52 1 2
maand/data/hash_health.go:41.52,43.3 1 0
maand/data/hash_health.go:44.2,44.47 1 2
maand/data/hash_health.go:44.47,46.3 1 1
maand/data/hash_health.go:48.2,52.16 2 1
maand/data/hash_health.go:52.16,54.3 1 0
maand/data/hash_health.go:55.2,55.12 1 1
maand/data/hash_read.go:16.106,22.16 3 0
maand/data/hash_read.go:22.16,23.36 1 0
maand/data/hash_read.go:23.36,25.4 1 0
maand/data/hash_read.go:26.3,26.50 1 0
maand/data/hash_read.go:28.2,28.37 1 0
maand/data/job.go:16.44,18.16 2 0
maand/data/job.go:18.16,20.3 1 0
maand/data/job.go:21.2,21.15 1 0
maand/data/job.go:21.15,23.3 1 0
maand/data/job.go:25.2,26.18 2 0
maand/data/job.go:26.18,28.42 2 0
maand/data/job.go:28.42,30.4 1 0
maand/data/job.go:31.3,31.36 1 0
maand/data/job.go:33.2,33.38 1 0
maand/data/job.go:33.38,35.3 1 0
maand/data/job.go:36.2,36.22 1 0
maand/data/job.go:39.73,43.16 4 0
maand/data/job.go:43.16,45.3 1 0
maand/data/job.go:46.2,46.34 1 0
maand/data/job.go:49.59,53.16 4 0
maand/data/job.go:53.16,55.3 1 0
maand/data/job.go:56.2,56.20 1 0
maand/data/job.go:59.70,63.16 4 0
maand/data/job.go:63.16,65.3 1 0
maand/data/job.go:66.2,66.28 1 0
maand/data/job.go:69.56,73.16 4 0
maand/data/job.go:73.16,75.3 1 0
maand/data/job.go:76.2,76.17 1 0
maand/data/job.go:79.60,83.16 4 0
maand/data/job.go:83.16,85.3 1 0
maand/data/job.go:86.2,86.21 1 0
maand/data/job.go:89.68,94.16 2 0
maand/data/job.go:94.16,96.3 1 0
maand/data/job.go:97.2,97.15 1 0
maand/data/job.go:97.15,99.3 1 0
maand/data/job.go:101.2,102.18 2 0
maand/data/job.go:102.18,104.46 2 0
maand/data/job.go:104.46,106.4 1 0
maand/data/job.go:107.3,107.42 1 0
maand/data/job.go:109.2,109.38 1 0
maand/data/job.go:109.38,111.3 1 0
maand/data/job.go:112.2,112.23 1 0
maand/data/job.go:116.86,124.16 3 0
maand/data/job.go:124.16,126.3 1 0
maand/data/job.go:127.2,127.15 1 0
maand/data/job.go:127.15,129.3 1 0
maand/data/job.go:131.2,132.18 2 0
maand/data/job.go:132.18,134.56 2 0
maand/data/job.go:134.56,136.4 1 0
maand/data/job.go:137.3,138.60 2 0
maand/data/job.go:138.60,140.4 1 0
maand/data/job.go:141.3,141.68 1 0
maand/data/job.go:141.68,143.4 1 0
maand/data/job.go:144.3,144.11 1 0
maand/data/job.go:146.2,146.38 1 0
maand/data/job.go:146.38,148.3 1 0
maand/data/job.go:149.2,149.17 1 0
maand/data/job.go:149.17,151.3 1 0
maand/data/job.go:152.2,152.12 1 0
maand/data/job.go:155.65,160.16 2 0
maand/data/job.go:160.16,162.3 1 0
maand/data/job.go:163.2,163.15 1 0
maand/data/job.go:163.15,165.3 1 0
maand/data/job.go:167.2,167.18 1 0
maand/data/job.go:167.18,172.17 5 0
maand/data/job.go:172.17,174.4 1 0
maand/data/job.go:176.3,176.12 1 0
maand/data/job.go:176.12,178.18 2 0
maand/data/job.go:178.18,180.5 1 0
maand/data/job.go:181.4,181.12 1 0
maand/data/job.go:183.3,184.17 2 0
maand/data/job.go:184.17,186.4 1 0
maand/data/job.go:189.2,189.38 1 0
maand/data/job.go:189.38,191.3 1 0
maand/data/job.go:192.2,192.12 1 0
maand/data/job.go:195.72,199.16 4 2
maand/data/job.go:199.16,201.3 1 0
maand/data/job.go:202.2,202.21 1 2
maand/data/job.go:205.70,212.16 2 0
maand/data/job.go:212.16,214.3 1 0
maand/data/job.go:215.2,215.15 1 0
maand/data/job.go:215.15,217.3 1 0
maand/data/job.go:219.2,220.18 2 0
maand/data/job.go:220.18,222.46 2 0
maand/data/job.go:222.46,224.4 1 0
maand/data/job.go:225.3,225.42 1 0
maand/data/job.go:227.2,227.38 1 0
maand/data/job.go:227.38,229.3 1 0
maand/data/job.go:230.2,230.23 1 0
maand/data/job.go:235.84,243.16 2 0
maand/data/job.go:243.16,245.3 1 0
maand/data/job.go:246.2,246.15 1 0
maand/data/job.go:246.15,248.3 1 0
maand/data/job.go:250.2,251.18 2 0
maand/data/job.go:251.18,253.46 2 0
maand/data/job.go:253.46,255.4 1 0
maand/data/job.go:256.3,256.42 1 0
maand/data/job.go:258.2,258.38 1 0
maand/data/job.go:258.38,260.3 1 0
maand/data/job.go:261.2,261.23 1 0
maand/data/job.go:265.74,273.16 2 1
maand/data/job.go:273.16,275.3 1 0
maand/data/job.go:276.2,276.15 1 1
maand/data/job.go:276.15,278.3 1 1
maand/data/job.go:280.2,281.18 2 1
maand/data/job.go:281.18,283.46 2 1
maand/data/job.go:283.46,285.4 1 0
maand/data/job.go:286.3,286.42 1 1
maand/data/job.go:288.2,288.38 1 1
maand/data/job.go:288.38,290.3 1 0
maand/data/job.go:291.2,291.23 1 1
maand/data/job.go:294.70,296.16 2 0
maand/data/job.go:296.16,298.3 1 0
maand/data/job.go:299.2,299.15 1 0
maand/data/job.go:299.15,301.3 1 0
maand/data/job.go:303.2,304.18 2 0
maand/data/job.go:304.18,307.17 3 0
maand/data/job.go:307.17,309.4 1 0
maand/data/job.go:311.3,311.39 1 0
maand/data/job.go:313.2,313.38 1 0
maand/data/job.go:313.38,315.3 1 0
maand/data/job.go:316.2,316.22 1 0
maand/data/job.go:319.66,323.16 4 0
maand/data/job.go:323.16,325.3 1 0
maand/data/job.go:326.2,326.33 1 0
maand/data/job.go:329.78,337.16 2 1
maand/data/job.go:337.16,339.3 1 0
maand/data/job.go:340.2,340.15 1 1
maand/data/job.go:340.15,342.3 1 1
maand/data/job.go:344.2,345.18 2 1
maand/data/job.go:345.18,347.45 2 1
maand/data/job.go:347.45,349.4 1 0
maand/data/job.go:350.3,350.39 1 1
maand/data/job.go:352.2,352.38 1 1
maand/data/job.go:352.38,354.3 1 0
maand/data/job.go:355.2,355.22 1 1
maand/data/job.go:358.56,360.16 2 0
maand/data/job.go:360.16,362.3 1 0
maand/data/job.go:363.2,363.15 1 0
maand/data/job.go:363.15,365.3 1 0
maand/data/job.go:367.2,368.18 2 0
maand/data/job.go:368.18,370.45 2 0
maand/data/job.go:370.45,372.4 1 0
maand/data/job.go:373.3,373.39 1 0
maand/data/job.go:375.2,375.38 1 0
maand/data/job.go:375.38,377.3 1 0
maand/data/job.go:378.2,378.22 1 0
maand/data/job_health.go:17.92,20.26 3 0
maand/data/job_health.go:20.26,22.3 1 0
maand/data/job_health.go:23.2,23.16 1 0
maand/data/job_health.go:23.16,25.3 1 0
maand/data/job_health.go:26.2,26.36 1 0
maand/data/job_health.go:26.36,28.3 1 0
maand/data/job_health.go:30.2,31.66 2 0
maand/data/job_health.go:31.66,33.3 1 0
maand/data/job_health.go:34.2,34.27 1 0
maand/data/job_health.go:34.27,36.3 1 0
maand/data/job_health.go:37.2,37.19 1 0
maand/data/job_health.go:41.74,47.26 3 0
maand/data/job_health.go:47.26,49.3 1 0
maand/data/job_health.go:50.2,50.16 1 0
maand/data/job_health.go:50.16,52.3 1 0
maand/data/job_health.go:53.2,53.18 1 0
maand/data/ports.go:18.71,24.16 2 0
maand/data/ports.go:24.16,26.3 1 0
maand/data/ports.go:27.2,27.15 1 0
maand/data/ports.go:27.15,29.3 1 0
maand/data/ports.go:31.2,32.18 2 0
maand/data/ports.go:32.18,35.63 3 0
maand/data/ports.go:35.63,37.4 1 0
maand/data/ports.go:38.3,38.34 1 0
maand/data/ports.go:38.34,40.4 1 0
maand/data/ports.go:41.3,41.40 1 0
maand/data/ports.go:43.2,43.38 1 0
maand/data/ports.go:43.38,45.3 1 0
maand/data/ports.go:46.2,46.25 1 0
maand/data/ports.go:50.75,55.16 2 0
maand/data/ports.go:55.16,57.3 1 0
maand/data/ports.go:58.2,58.15 1 0
maand/data/ports.go:58.15,60.3 1 0
maand/data/ports.go:62.2,63.18 2 0
maand/data/ports.go:63.18,66.49 3 0
maand/data/ports.go:66.49,68.4 1 0
maand/data/ports.go:69.3,69.35 1 0
maand/data/ports.go:71.2,71.38 1 0
maand/data/ports.go:71.38,73.3 1 0
maand/data/ports.go:74.2,74.19 1 0
maand/data/rows.go:13.38,14.17 1 0
maand/data/rows.go:14.17,16.3 1 0
maand/data/rows.go:17.2,17.37 1 0
maand/data/rows.go:17.37,19.3 1 0
maand/data/rows.go:20.2,20.35 1 0
maand/data/rows.go:20.35,22.3 1 0
maand/data/rows.go:23.2,23.12 1 0
maand/data/rows.go:27.36,29.2 1 0
maand/data/rows.go:31.36,32.17 1 9
maand/data/rows.go:32.17,34.3 1 0
maand/data/rows.go:35.2,35.35 1 9
maand/data/rows.go:35.35,37.3 1 0
maand/data/rows.go:38.2,38.12 1 9
maand/data/schema.go:19.38,20.59 1 3
maand/data/schema.go:20.59,22.3 1 0
maand/data/schema.go:24.2,25.16 2 3
maand/data/schema.go:25.16,27.3 1 0
maand/data/schema.go:29.2,29.79 1 3
maand/data/schema.go:29.79,30.59 1 3
maand/data/schema.go:30.59,32.4 1 0
maand/data/schema.go:33.3,33.57 1 3
maand/data/schema.go:33.57,35.4 1 0
maand/data/schema.go:37.2,37.12 1 3
maand/data/schema.go:40.49,45.16 3 3
maand/data/schema.go:45.16,47.3 1 0
maand/data/schema.go:48.2,48.21 1 3
maand/data/schema.go:48.21,50.3 1 3
maand/data/schema.go:52.2,54.26 3 0
maand/data/schema.go:54.26,56.3 1 0
maand/data/schema.go:57.2,57.16 1 0
maand/data/schema.go:57.16,59.3 1 0
maand/data/schema.go:60.2,60.21 1 0
maand/data/schema.go:63.56,69.16 2 3
maand/data/schema.go:69.16,71.3 1 0
maand/data/schema.go:72.2,72.12 1 3
maand/data/schema.go:75.58,76.17 1 3
maand/data/schema.go:77.9,78.25 1 3
maand/data/schema.go:79.10,80.62 1 0
maand/data/schema.go:84.36,90.17 1 3
maand/data/schema.go:90.17,92.3 1 0
maand/data/schema.go:93.2,93.131 1 3
maand/data/schema.go:93.131,95.3 1 0
maand/data/schema.go:96.2,96.125 1 3
maand/data/schema.go:96.125,98.3 1 0
maand/data/schema.go:99.2,99.117 1 3
maand/data/schema.go:99.117,101.3 1 0
maand/data/schema.go:102.2,102.33 1 3
maand/data/schema.go:105.74,111.16 3 9
maand/data/schema.go:111.16,113.3 1 0
maand/data/schema.go:114.2,114.21 1 9
maand/data/schema.go:114.21,116.3 1 6
maand/data/schema.go:117.2,118.16 2 3
maand/data/schema.go:118.16,120.3 1 0
maand/data/schema.go:121.2,121.12 1 3
maand/data/schema.go:124.30,192.2 1 3
maand/data/schema.go:194.45,228.2 2 3
maand/data/schema.go:230.60,231.39 1 9
maand/data/schema.go:231.39,232.47 1 72
maand/data/schema.go:232.47,234.4 1 0
maand/data/schema.go:236.2,236.12 1 9
maand/data/stopped_allocations.go:22.70,27.16 2 0
maand/data/stopped_allocations.go:27.16,29.3 1 0
maand/data/stopped_allocations.go:30.2,30.15 1 0
maand/data/stopped_allocations.go:30.15,32.3 1 0
maand/data/stopped_allocations.go:34.2,35.18 2 0
maand/data/stopped_allocations.go:35.18,38.85 3 0
maand/data/stopped_allocations.go:38.85,40.4 1 0
maand/data/stopped_allocations.go:41.3,43.33 3 0
maand/data/stopped_allocations.go:45.2,45.38 1 0
maand/data/stopped_allocations.go:45.38,47.3 1 0
maand/data/stopped_allocations.go:48.2,48.20 1 0
maand/data/validate.go:24.42,26.2 1 2
maand/data/validate.go:30.86,32.16 2 0
maand/data/validate.go:32.16,34.3 1 0
maand/data/validate.go:36.2,37.16 2 0
maand/data/validate.go:37.16,39.3 1 0
maand/data/validate.go:41.2,47.35 2 0
maand/data/validate.go:47.35,49.17 2 0
maand/data/validate.go:49.17,51.4 1 0
maand/data/validate.go:53.3,54.40 2 0
maand/data/validate.go:54.40,61.18 4 0
maand/data/validate.go:61.18,65.5 3 0
maand/data/validate.go:68.2,71.34 3 0
maand/data/validate.go:71.34,72.64 1 0
maand/data/validate.go:72.64,74.4 1 0
maand/data/validate.go:76.2,76.35 1 0
maand/data/validate.go:79.56,81.30 2 0
maand/data/validate.go:81.30,82.29 1 0
maand/data/validate.go:83.10,84.77 1 0
maand/data/validate.go:85.10,86.77 1 0
maand/data/validate.go:87.10,88.78 1 0
maand/data/validate.go:91.2,91.51 1 0
maand/data/version.go:16.48,18.52 2 14
maand/data/version.go:18.52,20.3 1 3
maand/data/version.go:21.2,21.12 1 11
maand/data/version.go:25.63,27.16 2 0
maand/data/version.go:27.16,29.3 1 0
maand/data/version.go:30.2,30.45 1 0
maand/data/version.go:39.58,40.18 1 10
maand/data/version.go:40.18,42.3 1 1
maand/data/version.go:43.2,43.45 1 9
maand/data/worker.go:15.64,18.41 2 0
maand/data/worker.go:18.41,19.16 1 0
maand/data/worker.go:19.16,21.4 1 0
maand/data/worker.go:22.3,22.19 1 0
maand/data/worker.go:22.19,24.47 2 0
maand/data/worker.go:24.47,26.5 1 0
maand/data/worker.go:27.4,27.39 1 0
maand/data/worker.go:29.3,29.23 1 0
maand/data/worker.go:32.2,32.22 1 0
maand/data/worker.go:32.22,34.17 2 0
maand/data/worker.go:34.17,36.4 1 0
maand/data/worker.go:37.3,37.40 1 0
maand/data/worker.go:37.40,39.4 1 0
maand/data/worker.go:42.2,42.21 1 0
maand/data/worker.go:42.21,50.17 3 0
maand/data/worker.go:50.17,52.4 1 0
maand/data/worker.go:53.3,53.40 1 0
maand/data/worker.go:53.40,55.4 1 0
maand/data/worker.go:58.2,58.21 1 0
maand/data/worker.go:61.63,64.44 3 0
maand/data/worker.go:64.44,66.3 1 0
maand/data/worker.go:67.2,67.22 1 0
maand/data/worker.go:70.69,72.16 2 0
maand/data/worker.go:72.16,74.3 1 0
maand/data/worker.go:75.2,75.15 1 0
maand/data/worker.go:75.15,77.3 1 0
maand/data/worker.go:79.2,80.18 2 0
maand/data/worker.go:80.18,83.17 3 0
maand/data/worker.go:83.17,85.4 1 0
maand/data/worker.go:86.3,86.33 1 0
maand/data/worker.go:88.2,88.38 1 0
maand/data/worker.go:88.38,90.3 1 0
maand/data/worker.go:91.2,91.20 1 0
maand/data/worker.go:94.46,96.16 2 0
maand/data/worker.go:96.16,98.3 1 0
maand/data/worker.go:99.2,99.15 1 0
maand/data/worker.go:99.15,101.3 1 0
maand/data/worker.go:103.2,104.18 2 0
maand/data/worker.go:104.18,107.17 3 0
maand/data/worker.go:107.17,109.4 1 0
maand/data/worker.go:110.3,110.33 1 0
maand/data/worker.go:112.2,112.38 1 0
maand/data/worker.go:112.38,114.3 1 0
maand/data/worker.go:115.2,115.20 1 0
maand/data/worker.go:118.76,120.16 2 0
maand/data/worker.go:120.16,122.3 1 0
maand/data/worker.go:123.2,123.15 1 0
maand/data/worker.go:123.15,125.3 1 0
maand/data/worker.go:127.2,128.18 2 0
maand/data/worker.go:128.18,131.17 3 0
maand/data/worker.go:131.17,133.4 1 0
maand/data/worker.go:134.3,134.20 1 0
maand/data/worker.go:136.2,136.38 1 0
maand/data/worker.go:136.38,138.3 1 0
maand/data/worker.go:139.2,139.18 1 0
maand/data/worker.go:142.58,144.16 2 0
maand/data/worker.go:144.16,146.3 1 0
maand/data/worker.go:147.2,147.15 1 0
maand/data/worker.go:147.15,149.3 1 0
maand/data/worker.go:151.2,152.18 2 0
maand/data/worker.go:152.18,154.46 2 0
maand/data/worker.go:154.46,156.4 1 0
maand/data/worker.go:157.3,157.38 1 0
maand/data/worker.go:159.2,159.38 1 0
maand/data/worker.go:159.38,161.3 1 0
maand/data/worker.go:162.2,162.21 1 0
maand/data/worker.go:165.50,168.16 3 0
maand/data/worker.go:168.16,170.3 1 0
maand/data/worker.go:171.2,171.15 1 0
maand/data/worker.go:171.15,173.3 1 0
maand/data/worker.go:175.2,175.18 1 0
maand/data/worker.go:175.18,178.17 3 0
maand/data/worker.go:178.17,180.4 1 0
maand/data/worker.go:181.3,181.38 1 0
maand/data/worker.go:183.2,183.38 1 0
maand/data/worker.go:183.38,185.3 1 0
maand/data/worker.go:186.2,186.21 1 0
maand/data/worker.go:189.64,193.16 4 0
maand/data/worker.go:193.16,195.3 1 0
maand/data/worker.go:196.2,196.29 1 0
maand/data/worker.go:199.67,203.16 4 0
maand/data/worker.go:203.16,205.3 1 0
maand/data/worker.go:206.2,206.31 1 0
maand/data/worker.go:209.70,211.16 2 0
maand/data/worker.go:211.16,213.3 1 0
maand/data/worker.go:215.2,216.15 2 0
maand/data/worker.go:216.15,218.3 1 0
maand/data/worker.go:219.2,219.18 1 0
maand/data/worker.go:219.18,222.17 3 0
maand/data/worker.go:222.17,224.4 1 0
maand/data/worker.go:225.3,225.45 1 0
maand/data/worker.go:227.2,227.38 1 0
maand/data/worker.go:227.38,229.3 1 0
maand/data/worker.go:230.2,230.27 1 0
maand/data/worker.go:233.76,235.16 2 0
maand/data/worker.go:235.16,237.3 1 0
maand/data/worker.go:239.2,240.15 2 0
maand/data/worker.go:240.15,242.3 1 0
maand/data/worker.go:243.2,243.18 1 0
maand/data/worker.go:243.18,246.17 3 0
maand/data/worker.go:246.17,248.4 1 0
maand/data/worker.go:249.3,249.45 1 0
maand/data/worker.go:251.2,251.38 1 0
maand/data/worker.go:251.38,253.3 1 0
maand/data/worker.go:254.2,254.27 1 0
maand/data/worker.go:257.68,259.16 2 0
maand/data/worker.go:259.16,261.3 1 0
maand/data/worker.go:263.2,264.15 2 0
maand/data/worker.go:264.15,266.3 1 0
maand/data/worker.go:267.2,267.18 1 0
maand/data/worker.go:267.18,270.17 3 0
maand/data/worker.go:270.17,272.4 1 0
maand/data/worker.go:273.3,273.56 1 0
maand/data/worker.go:275.2,275.38 1 0
maand/data/worker.go:275.38,277.3 1 0
maand/data/worker.go:278.2,278.30 1 0
maand/data/worker.go:281.74,285.16 4 0
maand/data/worker.go:285.16,287.3 1 0
maand/data/worker.go:288.2,288.22 1 0
maand/data/worker.go:291.73,295.16 4 0
maand/data/worker.go:295.16,297.3 1 0
maand/data/worker.go:298.2,298.21 1 0
maand/data/worker.go:302.76,311.16 2 0
maand/data/worker.go:311.16,313.3 1 0
maand/data/worker.go:314.2,314.15 1 0
maand/data/worker.go:314.15,316.3 1 0
maand/data/worker.go:318.2,319.18 2 0
maand/data/worker.go:319.18,321.46 2 0
maand/data/worker.go:321.46,323.4 1 0
maand/data/worker.go:324.3,324.38 1 0
maand/data/worker.go:326.2,326.38 1 0
maand/data/worker.go:326.38,328.3 1 0
maand/data/worker.go:329.2,329.21 1 0
maand/data/worker.go:332.66,335.16 3 0
maand/data/worker.go:335.16,337.3 1 0
maand/data/worker.go:338.2,338.22 1 0
maand/data/worker.go:341.69,344.16 3 0
maand/data/worker.go:344.16,346.3 1 0
maand/data/worker.go:347.2,347.35 1 0
maand/data/worker.go:347.35,349.17 2 0
maand/data/worker.go:349.17,351.4 1 0
maand/data/worker.go:353.3,354.17 2 0
maand/data/worker.go:354.17,356.4 1 0
maand/data/worker.go:358.3,358.45 1 0
maand/data/worker.go:358.45,359.12 1 0
maand/data/worker.go:362.3,362.50 1 0
maand/data/worker.go:364.2,364.27 1 0
maand/data/worker.go:368.68,370.16 2 0
maand/data/worker.go:370.16,372.3 1 0
maand/data/worker.go:373.2,373.36 1 0
maand/data/worker.go:377.73,382.16 2 3
maand/data/worker.go:382.16,384.3 1 0
maand/data/worker.go:385.2,385.15 1 3
maand/data/worker.go:385.15,387.3 1 3
maand/data/worker.go:389.2,390.18 2 3
maand/data/worker.go:390.18,392.46 2 4
maand/data/worker.go:392.46,394.4 1 0
maand/data/worker.go:395.3,395.38 1 4
maand/data/worker.go:397.2,397.38 1 3
maand/data/worker.go:397.38,399.3 1 0
maand/data/worker.go:400.2,400.21 1 3
maand/data/worker.go:404.72,406.16 2 0
maand/data/worker.go:406.16,408.3 1 0
maand/data/worker.go:409.2,409.30 1 0
maand/data/worker_catalog.go:13.57,15.37 2 1
maand/data/worker_catalog.go:15.37,17.3 1 1
maand/data/worker_catalog.go:18.2,18.16 1 1
maand/data/worker_catalog.go:22.59,24.16 2 0
maand/data/worker_catalog.go:24.16,26.3 1 0
maand/data/worker_catalog.go:27.2,27.41 1 0
maand/data/worker_catalog.go:31.55,32.14 1 2
maand/data/worker_catalog.go:32.14,34.3 1 0
maand/data/worker_catalog.go:35.2,36.11 2 2
maand/runcommand/errors.go:26.42,28.37 2 0
maand/runcommand/errors.go:28.37,30.3 1 0
maand/runcommand/errors.go:31.2,31.37 1 0
maand/runcommand/errors.go:34.49,36.2 1 0
maand/runcommand/errors.go:38.63,39.24 1 0
maand/runcommand/errors.go:39.24,41.3 1 0
maand/runcommand/errors.go:43.2,44.9 2 0
maand/runcommand/errors.go:45.51,46.63 1 0
maand/runcommand/errors.go:47.49,48.84 1 0
maand/runcommand/errors.go:49.60,50.78 1 0
maand/runcommand/errors.go:51.10,52.69 1 0
maand/runcommand/errors.go:56.58,57.24 1 0
maand/runcommand/errors.go:57.24,59.3 1 0
maand/runcommand/errors.go:61.2,62.38 2 0
maand/runcommand/errors.go:62.38,67.3 1 0
maand/runcommand/errors.go:69.2,69.66 1 0
maand/runcommand/errors.go:72.35,74.2 1 0
maand/runcommand/errors.go:76.33,78.2 1 0
maand/runcommand/errors.go:80.30,82.2 1 0
maand/runcommand/errors.go:84.42,86.2 1 0
maand/runcommand/errors.go:88.50,90.2 1 0
maand/runcommand/errors.go:92.33,94.2 1 0
maand/runcommand/execute.go:39.106,40.19 1 0
maand/runcommand/execute.go:40.19,42.3 1 0
maand/runcommand/execute.go:43.2,43.39 1 0
maand/runcommand/execute.go:43.39,45.3 1 0
maand/runcommand/execute.go:47.2,48.16 2 0
maand/runcommand/execute.go:48.16,50.3 1 0
maand/runcommand/execute.go:51.2,51.15 1 0
maand/runcommand/execute.go:51.15,53.3 1 0
maand/runcommand/execute.go:55.2,56.16 2 0
maand/runcommand/execute.go:56.16,58.3 1 0
maand/runcommand/execute.go:59.2,59.15 1 0
maand/runcommand/execute.go:59.15,61.3 1 0
maand/runcommand/execute.go:63.2,64.16 2 0
maand/runcommand/execute.go:64.16,66.3 1 0
maand/runcommand/execute.go:68.2,69.16 2 0
maand/runcommand/execute.go:69.16,71.3 1 0
maand/runcommand/execute.go:72.2,72.31 1 0
maand/runcommand/execute.go:72.31,74.3 1 0
maand/runcommand/execute.go:76.2,76.54 1 0
maand/runcommand/execute.go:76.54,78.3 1 0
maand/runcommand/execute.go:80.2,81.16 2 0
maand/runcommand/execute.go:81.16,83.3 1 0
maand/runcommand/execute.go:84.2,84.91 1 0
maand/runcommand/execute.go:84.91,86.3 1 0
maand/runcommand/execute.go:88.2,89.16 2 0
maand/runcommand/execute.go:89.16,91.3 1 0
maand/runcommand/execute.go:93.2,93.70 1 0
maand/runcommand/execute.go:93.70,95.3 1 0
maand/runcommand/execute.go:97.2,98.16 2 0
maand/runcommand/execute.go:98.16,100.3 1 0
maand/runcommand/execute.go:101.2,101.15 1 0
maand/runcommand/execute.go:101.15,103.3 1 0
maand/runcommand/execute.go:105.2,107.21 3 0
maand/runcommand/execute.go:107.21,109.17 2 0
maand/runcommand/execute.go:109.17,111.4 1 0
maand/runcommand/execute.go:112.3,113.17 2 0
maand/runcommand/execute.go:113.17,115.4 1 0
maand/runcommand/execute.go:116.3,116.28 1 0
maand/runcommand/execute.go:119.2,120.40 2 0
maand/runcommand/execute.go:120.40,122.15 2 0
maand/runcommand/execute.go:122.15,123.9 1 0
maand/runcommand/execute.go:126.3,126.90 1 0
maand/runcommand/execute.go:126.90,128.4 1 0
maand/runcommand/execute.go:130.3,130.22 1 0
maand/runcommand/execute.go:130.22,132.86 2 0
maand/runcommand/execute.go:132.86,134.5 1 0
maand/runcommand/execute.go:138.2,138.12 1 0
maand/runcommand/execute.go:141.87,145.9 3 0
maand/runcommand/execute.go:146.29,148.17 2 0
maand/runcommand/execute.go:148.17,150.4 1 0
maand/runcommand/execute.go:152.3,153.30 2 0
maand/runcommand/execute.go:153.30,155.4 1 0
maand/runcommand/execute.go:156.3,156.41 1 0
maand/runcommand/execute.go:158.28,160.17 2 0
maand/runcommand/execute.go:160.17,162.4 1 0
maand/runcommand/execute.go:163.3,163.38 1 0
maand/runcommand/execute.go:165.10,167.17 2 0
maand/runcommand/execute.go:167.17,169.4 1 0
maand/runcommand/execute.go:170.3,170.38 1 0
maand/runcommand/execute.go:174.40,175.15 1 0
maand/runcommand/execute.go:175.15,177.3 1 0
maand/runcommand/execute.go:179.2,181.29 3 0
maand/runcommand/execute.go:181.29,183.17 2 0
maand/runcommand/execute.go:183.17,185.4 1 0
maand/runcommand/execute.go:187.2,187.15 1 0
maand/runcommand/execute.go:190.59,191.43 1 0
maand/runcommand/execute.go:191.43,193.3 1 0
maand/runcommand/execute.go:195.2,196.52 2 0
maand/runcommand/execute.go:196.52,197.25 1 0
maand/runcommand/execute.go:197.25,199.4 1 0
maand/runcommand/execute.go:200.3,200.42 1 0
maand/runcommand/execute.go:203.2,204.16 2 0
maand/runcommand/execute.go:204.16,206.3 1 0
maand/runcommand/execute.go:207.2,207.50 1 0
maand/runcommand/execute.go:207.50,209.3 1 0
maand/runcommand/execute.go:211.2,211.21 1 0
maand/runcommand/execute.go:216.116,218.27 2 0
maand/runcommand/execute.go:218.27,220.3 1 0
maand/runcommand/execute.go:222.2,226.39 4 0
maand/runcommand/execute.go:226.39,229.34 2 0
maand/runcommand/execute.go:229.34,233.18 3 0
maand/runcommand/execute.go:233.18,238.5 4 0
maand/runcommand/execute.go:239.4,239.17 1 0
maand/runcommand/execute.go:239.17,241.5 1 0
maand/runcommand/execute.go:243.4,248.98 2 0
maand/runcommand/execute.go:248.98,252.5 3 0
maand/runcommand/execute.go:256.2,257.37 2 0
maand/runcommand/execute.go:260.96,271.81 5 0
maand/runcommand/execute.go:271.81,273.3 1 0
maand/runcommand/execute.go:275.2,275.28 1 0
maand/runcommand/execute.go:278.58,281.2 2 0
maand/gc/allocations.go:19.70,21.16 2 0
maand/gc/allocations.go:21.16,23.3 1 0
maand/gc/allocations.go:24.2,24.15 1 0
maand/gc/allocations.go:24.15,26.3 1 0
maand/gc/allocations.go:28.2,29.18 2 0
maand/gc/allocations.go:29.18,31.64 2 0
maand/gc/allocations.go:31.64,33.4 1 0
maand/gc/allocations.go:34.3,34.33 1 0
maand/gc/allocations.go:36.2,36.35 1 0
maand/gc/allocations.go:36.35,38.3 1 0
maand/gc/allocations.go:39.2,39.20 1 0
maand/gc/allocations.go:42.48,44.16 2 1
maand/gc/allocations.go:44.16,46.3 1 0
maand/gc/allocations.go:47.2,47.15 1 1
maand/gc/allocations.go:47.15,49.3 1 1
maand/gc/allocations.go:51.2,51.18 1 1
maand/gc/allocations.go:51.18,53.60 2 1
maand/gc/allocations.go:53.60,55.4 1 0
maand/gc/allocations.go:57.3,58.113 2 1
maand/gc/allocations.go:58.113,60.4 1 0
maand/gc/allocations.go:63.2,63.35 1 1
maand/gc/allocations.go:63.35,65.3 1 0
maand/gc/allocations.go:67.2,68.16 2 1
maand/gc/allocations.go:68.16,70.3 1 0
maand/gc/allocations.go:71.2,71.12 1 1
maand/gc/execute.go:18.36,20.16 2 0
maand/gc/execute.go:20.16,22.3 1 0
maand/gc/execute.go:23.2,23.15 1 0
maand/gc/execute.go:23.15,25.3 1 0
maand/gc/execute.go:27.2,28.16 2 0
maand/gc/execute.go:28.16,30.3 1 0
maand/gc/execute.go:31.2,31.15 1 0
maand/gc/execute.go:31.15,33.3 1 0
maand/gc/execute.go:35.2,35.42 1 0
maand/gc/execute.go:35.42,37.3 1 0
maand/gc/execute.go:39.2,40.16 2 0
maand/gc/execute.go:40.16,42.3 1 0
maand/gc/execute.go:44.2,45.16 2 0
maand/gc/execute.go:45.16,47.3 1 0
maand/gc/execute.go:49.2,50.16 2 0
maand/gc/execute.go:50.16,52.3 1 0
maand/gc/execute.go:53.2,53.15 1 0
maand/gc/execute.go:53.15,55.3 1 0
maand/gc/execute.go:57.2,57.28 1 0
maand/gc/execute.go:57.28,58.91 1 0
maand/gc/execute.go:58.91,60.4 1 0
maand/gc/execute.go:63.2,64.16 2 0
maand/gc/execute.go:64.16,66.3 1 0
maand/gc/execute.go:68.2,68.28 1 0
maand/gc/execute.go:68.28,69.84 1 0
maand/gc/execute.go:69.84,71.4 1 0
maand/gc/execute.go:74.2,74.52 1 0
maand/gc/execute.go:74.52,76.3 1 0
maand/gc/execute.go:78.2,78.65 1 0
maand/gc/execute.go:78.65,80.3 1 0
maand/gc/execute.go:82.2,82.20 1 0
maand/gc/execute.go:86.22,88.2 1 0
maand/gc/references.go:19.9,20.22 1 1
maand/gc/references.go:20.22,22.3 1 0
maand/gc/references.go:24.2,25.16 2 1
maand/gc/references.go:25.16,27.3 1 0
maand/gc/references.go:29.2,30.31 2 1
maand/gc/references.go:30.31,32.40 2 1
maand/gc/references.go:32.40,34.4 1 1
maand/gc/references.go:37.2,37.42 1 1
maand/gc/references.go:37.42,40.3 2 1
maand/gc/references.go:42.2,42.69 1 1
maand/gc/references.go:42.69,44.3 1 0
maand/gc/references.go:46.2,46.43 1 1
maand/gc/references.go:49.95,51.31 2 3
maand/gc/references.go:51.31,52.35 1 4
maand/gc/references.go:52.35,53.12 1 1
maand/gc/references.go:55.3,58.17 3 3
maand/gc/references.go:58.17,60.4 1 0
maand/gc/references.go:61.3,61.13 1 3
maand/gc/references.go:61.13,62.12 1 1
maand/gc/references.go:65.3,65.61 1 2
maand/gc/references.go:65.61,67.4 1 8
maand/gc/references.go:69.2,69.12 1 3
maand/gc/workers.go:20.9,22.16 2 0
maand/gc/workers.go:22.16,24.3 1 0
maand/gc/workers.go:26.2,26.31 1 0
maand/gc/workers.go:26.31,27.39 1 0
maand/gc/workers.go:27.39,28.88 1 0
maand/gc/workers.go:28.88,30.5 1 0
maand/gc/workers.go:31.4,31.12 1 0
maand/gc/workers.go:33.3,33.76 1 0
maand/gc/workers.go:35.2,35.12 1 0
maand/jobcontrol/commands.go:27.29,29.16 2 0
maand/jobcontrol/commands.go:29.16,31.3 1 0
maand/jobcontrol/commands.go:32.2,32.24 1 0
maand/jobcontrol/commands.go:32.24,34.3 1 0
maand/jobcontrol/commands.go:36.2,37.16 2 0
maand/jobcontrol/commands.go:37.16,39.3 1 0
maand/jobcontrol/commands.go:41.2,42.24 2 0
maand/jobcontrol/commands.go:42.24,44.3 1 0
maand/jobcontrol/commands.go:46.2,47.35 2 0
maand/jobcontrol/commands.go:47.35,57.17 1 0
maand/jobcontrol/commands.go:57.17,59.4 1 0
maand/jobcontrol/commands.go:62.2,62.17 1 0
maand/jobcontrol/commands.go:62.17,63.84 1 0
maand/jobcontrol/commands.go:63.84,65.4 1 0
maand/jobcontrol/commands.go:68.2,68.18 1 0
maand/jobcontrol/errors.go:19.45,25.2 1 0
maand/jobcontrol/errors.go:33.45,35.2 1 0
maand/jobcontrol/errors.go:51.38,52.18 1 4
maand/jobcontrol/errors.go:52.18,54.3 1 4
maand/jobcontrol/errors.go:55.2,56.37 2 0
maand/jobcontrol/errors.go:56.37,58.3 1 0
maand/jobcontrol/errors.go:59.2,59.98 1 0
maand/jobcontrol/errors.go:62.38,63.18 1 0
maand/jobcontrol/errors.go:63.18,65.3 1 0
maand/jobcontrol/errors.go:66.2,66.26 1 0
maand/jobcontrol/errors.go:66.26,68.3 1 0
maand/jobcontrol/errors.go:69.2,69.29 1 0
maand/jobcontrol/errors.go:72.45,74.2 1 1
maand/jobcontrol/errors.go:81.39,83.37 2 2
maand/jobcontrol/errors.go:83.37,85.3 1 4
maand/jobcontrol/errors.go:86.2,86.37 1 2
maand/jobcontrol/errors.go:89.39,90.26 1 0
maand/jobcontrol/errors.go:90.26,92.3 1 0
maand/jobcontrol/errors.go:93.2,93.29 1 0
maand/jobcontrol/errors.go:96.46,98.2 1 0
maand/jobcontrol/errors.go:100.52,101.24 1 1
maand/jobcontrol/errors.go:101.24,103.3 1 0
maand/jobcontrol/errors.go:104.2,104.42 1 1
maand/jobcontrol/execute.go:28.74,30.16 2 0
maand/jobcontrol/execute.go:30.16,32.3 1 0
maand/jobcontrol/execute.go:33.2,38.4 1 0
maand/jobcontrol/execute.go:42.40,44.16 2 0
maand/jobcontrol/execute.go:44.16,46.3 1 0
maand/jobcontrol/execute.go:47.2,47.15 1 0
maand/jobcontrol/execute.go:47.15,49.3 1 0
maand/jobcontrol/execute.go:51.2,52.16 2 0
maand/jobcontrol/execute.go:52.16,54.3 1 0
maand/jobcontrol/execute.go:55.2,55.15 1 0
maand/jobcontrol/execute.go:55.15,57.3 1 0
maand/jobcontrol/execute.go:59.2,59.28 1 0
maand/jobcontrol/execute.go:62.48,66.16 3 0
maand/jobcontrol/execute.go:66.16,68.3 1 0
maand/jobcontrol/execute.go:69.2,70.16 2 0
maand/jobcontrol/execute.go:70.16,72.3 1 0
maand/jobcontrol/execute.go:73.2,73.69 1 0
maand/jobcontrol/execute.go:73.69,75.3 1 0
maand/jobcontrol/execute.go:77.2,78.16 2 0
maand/jobcontrol/execute.go:78.16,80.3 1 0
maand/jobcontrol/execute.go:82.2,83.16 2 0
maand/jobcontrol/execute.go:83.16,85.3 1 0
maand/jobcontrol/execute.go:86.2,86.15 1 0
maand/jobcontrol/execute.go:86.15,88.3 1 0
maand/jobcontrol/execute.go:90.2,91.16 2 0
maand/jobcontrol/execute.go:91.16,93.3 1 0
maand/jobcontrol/execute.go:94.2,97.16 3 0
maand/jobcontrol/execute.go:97.16,99.3 1 0
maand/jobcontrol/execute.go:100.2,100.70 1 0
maand/jobcontrol/execute.go:100.70,102.3 1 0
maand/jobcontrol/execute.go:104.2,105.16 2 0
maand/jobcontrol/execute.go:105.16,107.3 1 0
maand/jobcontrol/execute.go:109.2,111.82 2 0
maand/jobcontrol/execute.go:111.82,113.17 2 0
maand/jobcontrol/execute.go:113.17,115.4 1 0
maand/jobcontrol/execute.go:117.3,119.52 3 0
maand/jobcontrol/execute.go:122.2,122.37 1 0
maand/jobcontrol/execute.go:132.17,133.20 1 0
maand/jobcontrol/execute.go:133.20,135.3 1 0
maand/jobcontrol/execute.go:137.2,143.27 2 0
maand/jobcontrol/execute.go:143.27,145.27 2 0
maand/jobcontrol/execute.go:145.27,147.83 2 0
maand/jobcontrol/execute.go:147.83,149.31 2 0
maand/jobcontrol/execute.go:149.31,154.6 4 0
maand/jobcontrol/execute.go:155.5,157.16 3 0
maand/jobcontrol/execute.go:162.2,163.17 2 0
maand/jobcontrol/execute.go:172.9,181.16 2 0
maand/jobcontrol/execute.go:181.16,183.3 1 0
maand/jobcontrol/execute.go:184.2,184.13 1 0
maand/jobcontrol/execute.go:184.13,186.3 1 0
maand/jobcontrol/execute.go:187.2,195.3 1 0
maand/jobcontrol/execute.go:198.53,199.16 1 0
maand/jobcontrol/execute.go:199.16,201.3 1 0
maand/jobcontrol/execute.go:202.2,202.42 1 0
maand/jobcontrol/execute.go:202.42,205.3 2 0
maand/jobcontrol/execute.go:206.2,206.14 1 0
maand/jobcontrol/filters.go:20.55,25.2 1 1
maand/jobcontrol/filters.go:27.36,28.34 1 2
maand/jobcontrol/filters.go:28.34,30.3 1 0
maand/jobcontrol/filters.go:31.2,33.29 3 2
maand/jobcontrol/filters.go:33.29,35.17 2 5
maand/jobcontrol/filters.go:35.17,37.4 1 5
maand/jobcontrol/filters.go:39.2,39.30 1 2
maand/jobcontrol/filters.go:42.70,43.61 1 1
maand/jobcontrol/filters.go:43.61,45.3 1 1
maand/jobcontrol/filters.go:46.2,46.70 1 0
maand/jobcontrol/filters.go:46.70,48.3 1 0
maand/jobcontrol/filters.go:49.2,49.12 1 0
maand/jobcontrol/filters.go:52.57,53.25 1 1
maand/jobcontrol/filters.go:53.25,57.3 3 0
maand/jobcontrol/filters.go:58.2,59.32 2 1
maand/jobcontrol/filters.go:59.32,60.31 1 3
maand/jobcontrol/filters.go:60.31,62.4 1 1
maand/jobcontrol/filters.go:64.2,64.17 1 1
maand/jobcontrol/filters.go:67.66,69.2 1 2
maand/jobcontrol/filters.go:71.40,73.2 1 1
maand/jobcontrol/filters.go:75.52,76.31 1 4
maand/jobcontrol/filters.go:76.31,77.22 1 4
maand/jobcontrol/filters.go:77.22,79.4 1 1
maand/jobcontrol/filters.go:81.2,81.14 1 3
maand/jobcontrol/runner.go:18.71,23.2 1 1
maand/jobcontrol/runner.go:33.9,35.16 2 0
maand/jobcontrol/runner.go:35.16,37.3 1 0
maand/jobcontrol/runner.go:39.2,40.24 2 0
maand/jobcontrol/runner.go:40.24,42.3 1 0
maand/jobcontrol/runner.go:44.2,45.16 2 0
maand/jobcontrol/runner.go:45.16,47.3 1 0
maand/jobcontrol/runner.go:48.2,48.28 1 0
maand/jobcontrol/runner.go:48.28,50.3 1 0
maand/jobcontrol/runner.go:52.2,55.55 3 0
maand/jobcontrol/runner.go:55.55,57.24 2 0
maand/jobcontrol/runner.go:57.24,59.4 1 0
maand/jobcontrol/runner.go:60.3,62.60 2 0
maand/jobcontrol/runner.go:62.60,64.4 1 0
maand/jobcontrol/runner.go:66.3,66.18 1 0
maand/jobcontrol/runner.go:66.18,67.85 1 0
maand/jobcontrol/runner.go:67.85,69.5 1 0
maand/jobcontrol/runner.go:73.2,73.12 1 0
maand/jobcontrol/runner.go:76.61,77.28 1 0
maand/jobcontrol/runner.go:77.28,81.3 3 0
maand/jobcontrol/runner.go:82.2,83.35 2 0
maand/jobcontrol/runner.go:83.35,84.45 1 0
maand/jobcontrol/runner.go:84.45,86.4 1 0
maand/jobcontrol/runner.go:88.2,88.17 1 0
maand/jobcontrol/runner.go:91.93,98.37 2 0
maand/jobcontrol/runner.go:98.37,100.22 2 0
maand/jobcontrol/runner.go:100.22,102.80 2 0
maand/jobcontrol/runner.go:102.80,106.5 3 0
maand/jobcontrol/runner.go:110.2,111.17 2 0
maand/jobcontrol/target.go:27.30,29.40 2 0
maand/jobcontrol/target.go:29.40,31.3 1 0
maand/jobcontrol/target.go:32.2,32.14 1 0
maand/jobcontrol/target.go:37.46,39.19 2 12
maand/jobcontrol/target.go:39.19,41.3 1 2
maand/jobcontrol/target.go:43.2,44.41 2 10
maand/jobcontrol/target.go:44.41,45.31 1 34
maand/jobcontrol/target.go:45.31,47.4 1 3
maand/jobcontrol/target.go:50.2,50.40 1 7
maand/jobcontrol/target.go:50.40,52.3 1 3
maand/jobcontrol/target.go:54.2,54.29 1 4
maand/kv/encrypt.go:27.42,29.2 1 4
maand/kv/encrypt.go:32.57,34.16 2 2
maand/kv/encrypt.go:34.16,36.3 1 0
maand/kv/encrypt.go:38.2,39.16 2 2
maand/kv/encrypt.go:39.16,41.3 1 0
maand/kv/encrypt.go:43.2,44.16 2 2
maand/kv/encrypt.go:44.16,46.3 1 0
maand/kv/encrypt.go:48.2,49.59 2 2
maand/kv/encrypt.go:49.59,51.3 1 0
maand/kv/encrypt.go:53.2,54.82 2 2
maand/kv/encrypt.go:58.56,59.31 1 2
maand/kv/encrypt.go:59.31,61.3 1 0
maand/kv/encrypt.go:63.2,64.16 2 2
maand/kv/encrypt.go:64.16,66.3 1 0
maand/kv/encrypt.go:68.2,69.16 2 2
maand/kv/encrypt.go:69.16,71.3 1 0
maand/kv/encrypt.go:73.2,74.16 2 2
maand/kv/encrypt.go:74.16,76.3 1 0
maand/kv/encrypt.go:78.2,79.16 2 2
maand/kv/encrypt.go:79.16,81.3 1 0
maand/kv/encrypt.go:83.2,84.26 2 2
maand/kv/encrypt.go:84.26,86.3 1 0
maand/kv/encrypt.go:88.2,90.16 3 2
maand/kv/encrypt.go:90.16,92.3 1 0
maand/kv/encrypt.go:93.2,93.31 1 2
maand/kv/key.go:26.34,28.44 2 2
maand/kv/key.go:28.44,30.3 1 0
maand/kv/key.go:30.8,30.32 1 2
maand/kv/key.go:30.32,32.3 1 0
maand/kv/key.go:34.2,35.42 2 2
maand/kv/key.go:35.42,37.3 1 0
maand/kv/key.go:38.2,38.58 1 2
maand/kv/key.go:38.58,40.3 1 0
maand/kv/key.go:41.2,41.12 1 2
maand/kv/key.go:44.42,48.31 3 4
maand/kv/key.go:48.31,49.55 1 2
maand/kv/key.go:49.55,51.4 1 0
maand/kv/key.go:52.3,52.37 1 2
maand/kv/key.go:55.2,57.16 3 2
maand/kv/key.go:57.16,58.25 1 0
maand/kv/key.go:58.25,60.4 1 0
maand/kv/key.go:61.3,61.42 1 0
maand/kv/key.go:63.2,63.35 1 2
maand/kv/key.go:63.35,65.3 1 0
maand/kv/key.go:67.2,69.17 3 2
maand/kv/key.go:73.39,78.2 4 4
maand/kv/persist.go:25.54,29.16 3 5
maand/kv/persist.go:29.16,31.3 1 0
maand/kv/persist.go:32.2,32.15 1 5
maand/kv/persist.go:32.15,34.3 1 5
maand/kv/persist.go:36.2,39.18 3 5
maand/kv/persist.go:39.18,43.99 4 3
maand/kv/persist.go:43.99,45.4 1 0
maand/kv/persist.go:47.3,55.4 2 3
maand/kv/persist.go:57.2,57.35 1 5
maand/kv/persist.go:57.35,59.3 1 0
maand/kv/persist.go:61.2,61.19 1 5
maand/kv/persist.go:65.59,71.48 4 3
maand/kv/persist.go:71.48,72.32 1 3
maand/kv/persist.go:72.32,73.22 1 3
maand/kv/persist.go:73.22,74.13 1 0
maand/kv/persist.go:76.4,81.18 2 3
maand/kv/persist.go:81.18,83.5 1 0
maand/kv/persist.go:84.4,85.38 2 3
maand/kv/persist.go:88.2,88.12 1 3
maand/kv/persist.go:92.51,94.2 1 0
maand/kv/persist.go:97.56,99.2 1 0
maand/kv/persist.go:103.52,105.16 2 1
maand/kv/persist.go:105.16,107.3 1 0
maand/kv/persist.go:108.2,108.32 1 1
maand/kv/persist.go:108.32,110.3 1 0
maand/kv/persist.go:111.2,111.40 1 1
maand/kv/persist.go:117.29,119.16 2 1
maand/kv/persist.go:119.16,121.3 1 0
maand/kv/persist.go:122.2,122.32 1 1
maand/kv/persist.go:122.32,124.3 1 0
maand/kv/persist.go:126.2,127.16 2 1
maand/kv/persist.go:127.16,129.3 1 0
maand/kv/persist.go:130.2,130.15 1 1
maand/kv/persist.go:130.15,132.3 1 1
maand/kv/persist.go:134.2,135.16 2 1
maand/kv/persist.go:135.16,137.3 1 0
maand/kv/persist.go:138.2,138.15 1 1
maand/kv/persist.go:138.15,140.3 1 1
maand/kv/persist.go:142.2,142.56 1 1
maand/kv/persist.go:142.56,144.3 1 0
maand/kv/persist.go:145.2,145.20 1 1
maand/kv/purge.go:33.70,34.20 1 1
maand/kv/purge.go:34.20,36.3 1 0
maand/kv/purge.go:37.2,38.16 2 1
maand/kv/purge.go:38.16,40.3 1 0
maand/kv/purge.go:41.2,41.12 1 1
maand/kv/purge.go:45.54,47.2 1 0
maand/kv/secret.go:13.44,15.2 1 1
maand/kv/secret.go:18.47,20.2 1 0
maand/kv/secret.go:23.76,25.16 2 1
maand/kv/secret.go:25.16,27.3 1 0
maand/kv/secret.go:28.2,29.12 2 1
maand/kv/secret.go:33.66,35.16 2 1
maand/kv/secret.go:35.16,37.3 1 0
maand/kv/secret.go:38.2,38.40 1 1
maand/kv/session.go:12.35,14.16 2 0
maand/kv/session.go:14.16,16.3 1 0
maand/kv/session.go:17.2,18.12 2 0
maand/kv/session.go:22.24,24.2 1 0
maand/kv/session.go:27.37,28.25 1 3
maand/kv/session.go:28.25,30.3 1 1
maand/kv/session.go:31.2,31.26 1 2
maand/kv/session.go:35.26,37.2 1 0
maand/kv/store.go:24.24,28.2 1 12
maand/kv/store.go:30.66,32.9 2 14
maand/kv/store.go:32.9,35.3 2 11
maand/kv/store.go:36.2,36.11 1 14
maand/kv/store.go:40.60,42.2 1 10
maand/kv/store.go:44.81,48.15 3 11
maand/kv/store.go:48.15,50.3 1 10
maand/kv/store.go:51.2,54.13 3 11
maand/kv/store.go:54.13,63.3 2 8
maand/kv/store.go:64.2,64.24 1 3
maand/kv/store.go:64.24,71.3 6 1
maand/kv/store.go:73.2,74.22 2 2
maand/kv/store.go:74.22,77.3 2 0
maand/kv/store.go:78.2,78.26 1 2
maand/kv/store.go:78.26,81.3 2 2
maand/kv/store.go:82.2,82.13 1 2
maand/kv/store.go:82.13,85.3 2 2
maand/kv/store.go:89.53,94.9 4 2
maand/kv/store.go:94.9,96.3 1 0
maand/kv/store.go:98.2,99.9 2 2
maand/kv/store.go:99.9,101.3 1 0
maand/kv/store.go:103.2,106.12 4 2
maand/kv/store.go:110.59,115.9 4 10
maand/kv/store.go:115.9,117.3 1 0
maand/kv/store.go:119.2,120.31 2 10
maand/kv/store.go:120.31,122.3 1 1
maand/kv/store.go:124.2,124.20 1 9
maand/kv/store.go:128.61,133.9 4 1
maand/kv/store.go:133.9,135.3 1 0
maand/kv/store.go:137.2,138.29 2 1
maand/kv/store.go:138.29,139.25 1 1
maand/kv/store.go:139.25,141.4 1 0
maand/kv/store.go:143.2,143.18 1 1
maand/kv/store.go:147.50,152.9 4 0
maand/kv/store.go:152.9,154.3 1 0
maand/kv/store.go:155.2,155.27 1 0
maand/kv/store.go:155.27,156.25 1 0
maand/kv/store.go:156.25,157.12 1 0
maand/kv/store.go:159.3,161.18 3 0
maand/kv/store.go:166.42,170.36 3 6
maand/kv/store.go:170.36,171.30 1 5
maand/kv/store.go:171.30,172.21 1 5
maand/kv/store.go:172.21,174.5 1 4
maand/kv/store.go:177.2,177.14 1 2
maand/kv/store.go:181.43,186.33 4 0
maand/kv/store.go:186.33,188.3 1 0
maand/kv/store.go:189.2,189.19 1 0
maand/kv/store.go:193.42,195.2 1 0
maand/deploy/allocations.go:17.80,19.35 2 23
maand/deploy/allocations.go:19.35,21.17 2 26
maand/deploy/allocations.go:21.17,23.4 1 0
maand/deploy/allocations.go:24.3,24.9 1 26
maand/deploy/allocations.go:24.9,26.4 1 25
maand/deploy/allocations.go:28.2,28.20 1 23
maand/deploy/allocations.go:31.87,33.16 2 23
maand/deploy/allocations.go:33.16,35.3 1 0
maand/deploy/allocations.go:36.2,36.30 1 23
maand/deploy/allocations.go:36.30,38.3 1 4
maand/deploy/allocations.go:40.2,41.16 2 19
maand/deploy/allocations.go:41.16,43.3 1 0
maand/deploy/allocations.go:45.2,46.80 2 19
maand/deploy/allocations.go:46.80,48.17 2 19
maand/deploy/allocations.go:48.17,50.4 1 0
maand/deploy/allocations.go:51.3,51.65 1 19
maand/deploy/allocations.go:52.17,54.3 1 1
maand/deploy/allocations.go:56.2,57.12 2 18
maand/deploy/allocations.go:60.86,61.12 1 24
maand/deploy/allocations.go:61.12,63.17 2 23
maand/deploy/allocations.go:63.17,65.4 1 0
maand/deploy/allocations.go:66.3,67.17 2 23
maand/deploy/allocations.go:67.17,69.4 1 0
maand/deploy/allocations.go:70.3,70.63 1 23
maand/deploy/allocations.go:72.2,73.16 2 1
maand/deploy/allocations.go:73.16,75.3 1 0
maand/deploy/allocations.go:76.2,77.16 2 1
maand/deploy/allocations.go:77.16,79.3 1 0
maand/deploy/allocations.go:80.2,80.54 1 1
maand/deploy/allocations.go:83.103,85.16 2 22
maand/deploy/allocations.go:85.16,87.3 1 0
maand/deploy/allocations.go:88.2,88.34 1 22
maand/deploy/allocations.go:88.34,90.3 1 19
maand/deploy/allocations.go:92.2,93.16 2 3
maand/deploy/allocations.go:93.16,95.3 1 0
maand/deploy/allocations.go:97.2,98.16 2 3
maand/deploy/allocations.go:98.16,100.3 1 0
maand/deploy/allocations.go:102.2,103.78 2 3
maand/deploy/allocations.go:103.78,105.17 2 5
maand/deploy/allocations.go:105.17,107.4 1 0
maand/deploy/allocations.go:108.3,108.67 1 5
maand/deploy/allocations.go:109.17,111.3 1 0
maand/deploy/allocations.go:113.2,114.12 2 3
maand/deploy/allocations.go:117.101,119.27 2 2
maand/deploy/allocations.go:119.27,121.3 1 2
maand/deploy/allocations.go:123.2,124.16 2 2
maand/deploy/allocations.go:124.16,126.3 1 0
maand/deploy/allocations.go:128.2,128.32 1 2
maand/deploy/allocations.go:128.32,129.41 1 2
maand/deploy/allocations.go:129.41,130.12 1 0
maand/deploy/allocations.go:132.3,132.84 1 2
maand/deploy/allocations.go:132.84,134.4 1 0
maand/deploy/allocations.go:136.2,136.12 1 2
maand/deploy/allocations.go:145.9,148.16 3 7
maand/deploy/allocations.go:148.16,150.3 1 0
maand/deploy/allocations.go:152.2,153.16 2 7
maand/deploy/allocations.go:153.16,155.3 1 0
maand/deploy/allocations.go:157.2,157.24 1 7
maand/deploy/allocations.go:157.24,159.17 2 5
maand/deploy/allocations.go:159.17,161.4 1 2
maand/deploy/allocations.go:161.9,161.93 1 3
maand/deploy/allocations.go:161.93,163.4 1 0
maand/deploy/allocations.go:164.3,164.20 1 5
maand/deploy/allocations.go:164.20,165.114 1 4
maand/deploy/allocations.go:165.114,167.5 1 0
maand/deploy/allocations.go:171.2,171.19 1 7
maand/deploy/allocations.go:171.19,172.75 1 5
maand/deploy/allocations.go:172.75,174.4 1 0
maand/deploy/allocations.go:177.2,177.12 1 7
maand/deploy/allocations.go:191.9,193.16 2 22
maand/deploy/allocations.go:193.16,195.3 1 0
maand/deploy/allocations.go:197.2,198.16 2 22
maand/deploy/allocations.go:198.16,200.3 1 0
maand/deploy/allocations.go:202.2,205.32 3 22
maand/deploy/allocations.go:205.32,207.17 2 5
maand/deploy/allocations.go:207.17,209.4 1 0
maand/deploy/allocations.go:211.3,213.89 2 5
maand/deploy/allocations.go:213.89,215.4 1 0
maand/deploy/allocations.go:217.3,217.17 1 5
maand/deploy/allocations.go:217.17,219.4 1 3
maand/deploy/allocations.go:221.3,221.78 1 5
maand/deploy/allocations.go:221.78,223.4 1 2
maand/deploy/allocations.go:226.2,226.42 1 22
maand/deploy/allocations.go:226.42,228.17 2 3
maand/deploy/allocations.go:228.17,230.4 1 0
maand/deploy/allocations.go:231.3,231.22 1 3
maand/deploy/allocations.go:231.22,232.85 1 0
maand/deploy/allocations.go:232.85,234.5 1 0
maand/deploy/allocations.go:238.2,238.42 1 22
maand/deploy/allocations.go:238.42,239.78 1 2
maand/deploy/allocations.go:239.78,241.4 1 0
maand/deploy/allocations.go:244.2,244.54 1 22
maand/deploy/allocations.go:247.76,250.16 3 5
maand/deploy/allocations.go:250.16,252.3 1 0
maand/deploy/allocations.go:253.2,254.16 2 5
maand/deploy/allocations.go:254.16,256.3 1 0
maand/deploy/allocations.go:257.2,257.32 1 5
maand/deploy/allocations.go:260.66,262.16 2 4
maand/deploy/allocations.go:262.16,264.3 1 0
maand/deploy/allocations.go:265.2,265.26 1 4
maand/deploy/certs.go:17.58,19.18 2 67
maand/deploy/certs.go:19.18,21.3 1 0
maand/deploy/certs.go:23.2,30.16 4 67
maand/deploy/certs.go:30.16,32.3 1 0
maand/deploy/certs.go:33.2,33.15 1 67
maand/deploy/certs.go:33.15,35.3 1 67
maand/deploy/certs.go:37.2,38.53 2 67
maand/deploy/certs.go:38.53,40.3 1 0
maand/deploy/certs.go:42.2,44.18 2 67
maand/deploy/certs.go:44.18,46.42 2 2
maand/deploy/certs.go:46.42,48.4 1 0
maand/deploy/certs.go:50.3,51.17 2 2
maand/deploy/certs.go:51.17,53.4 1 0
maand/deploy/certs.go:54.3,54.102 1 2
maand/deploy/certs.go:54.102,56.4 1 0
maand/deploy/certs.go:58.3,59.17 2 2
maand/deploy/certs.go:59.17,61.4 1 0
maand/deploy/certs.go:62.3,62.102 1 2
maand/deploy/certs.go:62.102,64.4 1 0
maand/deploy/certs.go:66.2,66.35 1 67
maand/deploy/certs.go:66.35,68.3 1 0
maand/deploy/certs.go:70.2,71.16 2 67
maand/deploy/certs.go:71.16,73.3 1 0
maand/deploy/certs.go:74.2,74.81 1 67
maand/deploy/commands.go:15.81,16.27 1 1
maand/deploy/commands.go:16.27,17.66 1 2
maand/deploy/commands.go:17.66,19.4 1 0
maand/deploy/commands.go:21.2,21.12 1 1
maand/deploy/commands.go:24.84,26.16 2 24
maand/deploy/commands.go:26.16,28.3 1 0
maand/deploy/commands.go:29.2,29.35 1 24
maand/deploy/commands.go:29.35,30.97 1 0
maand/deploy/commands.go:30.97,32.4 1 0
maand/deploy/commands.go:34.2,34.12 1 24
maand/deploy/commands.go:37.79,39.16 2 23
maand/deploy/commands.go:39.16,41.3 1 0
maand/deploy/commands.go:42.2,42.35 1 23
maand/deploy/commands.go:42.35,43.98 1 0
maand/deploy/commands.go:43.98,45.4 1 0
maand/deploy/commands.go:47.2,47.12 1 23
maand/deploy/dead_worker.go:18.3,19.70 1 6
maand/deploy/dead_worker.go:19.70,21.3 1 3
maand/deploy/dead_worker.go:24.84,25.16 1 4
maand/deploy/dead_worker.go:25.16,27.3 1 4
maand/deploy/dead_worker.go:28.2,28.16 1 0
maand/deploy/dead_worker.go:28.16,31.3 2 0
maand/deploy/dead_worker.go:32.2,32.12 1 0
maand/deploy/dry_run.go:49.68,53.16 3 5
maand/deploy/dry_run.go:53.16,55.3 1 0
maand/deploy/dry_run.go:56.2,56.15 1 5
maand/deploy/dry_run.go:56.15,58.3 1 5
maand/deploy/dry_run.go:60.2,60.58 1 5
maand/deploy/dry_run.go:60.58,62.3 1 0
maand/deploy/dry_run.go:63.2,63.15 1 5
maand/deploy/dry_run.go:63.15,65.3 1 5
maand/deploy/dry_run.go:67.2,68.16 2 5
maand/deploy/dry_run.go:68.16,70.3 1 0
maand/deploy/dry_run.go:71.2,71.15 1 5
maand/deploy/dry_run.go:71.15,73.3 1 5
maand/deploy/dry_run.go:75.2,75.42 1 5
maand/deploy/dry_run.go:75.42,77.3 1 0
maand/deploy/dry_run.go:79.2,80.16 2 5
maand/deploy/dry_run.go:80.16,82.3 1 0
maand/deploy/dry_run.go:84.2,85.16 2 5
maand/deploy/dry_run.go:85.16,87.3 1 0
maand/deploy/dry_run.go:89.2,91.82 2 5
maand/deploy/dry_run.go:91.82,93.17 2 5
maand/deploy/dry_run.go:93.17,95.4 1 0
maand/deploy/dry_run.go:96.3,97.21 2 5
maand/deploy/dry_run.go:97.21,98.12 1 0
maand/deploy/dry_run.go:101.3,101.58 1 5
maand/deploy/dry_run.go:101.58,103.4 1 0
maand/deploy/dry_run.go:104.3,104.60 1 5
maand/deploy/dry_run.go:104.60,106.4 1 0
maand/deploy/dry_run.go:108.3,108.28 1 5
maand/deploy/dry_run.go:108.28,110.18 2 5
maand/deploy/dry_run.go:110.18,112.5 1 0
maand/deploy/dry_run.go:113.4,114.25 2 5
maand/deploy/dry_run.go:114.25,116.5 1 4
maand/deploy/dry_run.go:120.2,120.20 1 5
maand/deploy/dry_run.go:123.93,130.16 3 5
maand/deploy/dry_run.go:130.16,132.3 1 0
maand/deploy/dry_run.go:133.2,133.29 1 5
maand/deploy/dry_run.go:133.29,136.3 2 0
maand/deploy/dry_run.go:138.2,139.41 2 5
maand/deploy/dry_run.go:139.41,141.17 2 5
maand/deploy/dry_run.go:141.17,143.4 1 0
maand/deploy/dry_run.go:145.3,146.17 2 5
maand/deploy/dry_run.go:146.17,148.4 1 0
maand/deploy/dry_run.go:150.3,151.10 2 5
maand/deploy/dry_run.go:152.12,154.28 2 0
maand/deploy/dry_run.go:155.23,158.28 3 2
maand/deploy/dry_run.go:159.28,163.28 4 1
maand/deploy/dry_run.go:164.14,168.28 4 1
maand/deploy/dry_run.go:169.11,171.18 2 1
maand/deploy/dry_run.go:171.18,173.5 1 0
maand/deploy/dry_run.go:174.4,174.20 1 1
maand/deploy/dry_run.go:174.20,179.5 4 0
maand/deploy/dry_run.go:179.10,183.5 3 1
maand/deploy/dry_run.go:185.3,185.50 1 5
maand/deploy/dry_run.go:188.2,188.24 1 5
maand/deploy/dry_run.go:188.24,190.3 1 1
maand/deploy/dry_run.go:191.2,191.18 1 5
maand/deploy/dry_run.go:195.39,196.27 1 1
maand/deploy/dry_run.go:196.27,199.3 2 0
maand/deploy/dry_run.go:201.2,201.21 1 1
maand/deploy/dry_run.go:201.21,203.3 1 1
maand/deploy/dry_run.go:203.8,205.3 1 0
maand/deploy/dry_run.go:206.2,209.34 3 1
maand/deploy/dry_run.go:209.34,210.38 1 1
maand/deploy/dry_run.go:210.38,213.4 2 1
maand/deploy/dry_run.go:215.3,215.23 1 1
maand/deploy/dry_run.go:215.23,217.42 2 1
maand/deploy/dry_run.go:217.42,219.5 1 1
maand/deploy/dry_run.go:220.4,220.12 1 1
maand/deploy/dry_run.go:223.3,224.19 2 0
maand/deploy/dry_run.go:224.19,226.4 1 0
maand/deploy/dry_run.go:227.3,227.55 1 0
maand/deploy/dry_run.go:231.48,232.22 1 1
maand/deploy/dry_run.go:233.26,234.30 1 0
maand/deploy/dry_run.go:234.30,236.4 1 0
maand/deploy/dry_run.go:236.9,238.4 1 0
maand/deploy/dry_run.go:239.28,243.4 1 1
maand/deploy/dry_run.go:244.25,245.77 1 0
maand/deploy/dry_run.go:246.10,247.59 1 0
maand/deploy/errors.go:18.35,20.2 1 3
maand/deploy/errors.go:22.35,24.2 1 1
maand/deploy/errors.go:26.52,27.20 1 92
maand/deploy/errors.go:27.20,29.3 1 88
maand/deploy/errors.go:30.2,31.27 2 4
maand/deploy/errors.go:31.27,33.3 1 5
maand/deploy/errors.go:34.2,34.18 1 4
maand/deploy/errors.go:34.18,36.3 1 2
maand/deploy/errors.go:37.2,37.68 1 2
maand/deploy/execute.go:44.34,46.16 2 25
maand/deploy/execute.go:46.16,48.3 1 0
maand/deploy/execute.go:49.2,49.15 1 25
maand/deploy/execute.go:49.15,51.3 1 25
maand/deploy/execute.go:53.2,54.16 2 25
maand/deploy/execute.go:54.16,56.3 1 0
maand/deploy/execute.go:57.2,57.65 1 25
maand/deploy/execute.go:57.65,59.3 1 0
maand/deploy/execute.go:60.2,60.20 1 25
maand/deploy/execute.go:66.53,68.16 2 23
maand/deploy/execute.go:68.16,70.3 1 0
maand/deploy/execute.go:71.2,71.15 1 23
maand/deploy/execute.go:71.15,73.3 1 23
maand/deploy/execute.go:75.2,75.58 1 23
maand/deploy/execute.go:75.58,77.3 1 0
maand/deploy/execute.go:78.2,78.15 1 23
maand/deploy/execute.go:78.15,80.3 1 23
maand/deploy/execute.go:82.2,82.38 1 23
maand/deploy/execute.go:82.38,84.3 1 0
maand/deploy/execute.go:86.2,87.16 2 23
maand/deploy/execute.go:87.16,89.3 1 0
maand/deploy/execute.go:90.2,90.15 1 23
maand/deploy/execute.go:90.15,92.3 1 23
maand/deploy/execute.go:94.2,94.42 1 23
maand/deploy/execute.go:94.42,96.3 1 0
maand/deploy/execute.go:98.2,99.16 2 23
maand/deploy/execute.go:99.16,101.3 1 0
maand/deploy/execute.go:103.2,104.16 2 23
maand/deploy/execute.go:104.16,106.3 1 0
maand/deploy/execute.go:108.2,109.16 2 23
maand/deploy/execute.go:109.16,111.3 1 0
maand/deploy/execute.go:113.2,114.16 2 23
maand/deploy/execute.go:114.16,116.3 1 0
maand/deploy/execute.go:117.2,118.15 2 23
maand/deploy/execute.go:118.15,120.16 2 23
maand/deploy/execute.go:120.16,122.4 1 0
maand/deploy/execute.go:125.2,131.58 3 23
maand/deploy/execute.go:131.58,133.3 1 1
maand/deploy/execute.go:135.2,135.81 1 22
maand/deploy/execute.go:135.81,137.3 1 0
maand/deploy/execute.go:139.2,139.82 1 22
maand/deploy/execute.go:139.82,141.17 2 26
maand/deploy/execute.go:141.17,143.4 1 0
maand/deploy/execute.go:144.3,145.21 2 26
maand/deploy/execute.go:145.21,146.12 1 4
maand/deploy/execute.go:149.3,149.58 1 22
maand/deploy/execute.go:149.58,151.4 1 0
maand/deploy/execute.go:153.3,153.60 1 22
maand/deploy/execute.go:153.60,155.4 1 0
maand/deploy/execute.go:157.3,158.28 2 22
maand/deploy/execute.go:158.28,159.14 1 24
maand/deploy/execute.go:159.14,161.19 2 23
maand/deploy/execute.go:161.19,163.6 1 0
maand/deploy/execute.go:164.5,164.22 1 23
maand/deploy/execute.go:164.22,166.14 2 3
maand/deploy/execute.go:170.4,171.69 2 21
maand/deploy/execute.go:171.69,173.5 1 0
maand/deploy/execute.go:174.4,174.21 1 21
maand/deploy/execute.go:174.21,176.13 2 0
maand/deploy/execute.go:178.4,178.42 1 21
maand/deploy/execute.go:181.3,181.28 1 22
maand/deploy/execute.go:181.28,182.12 1 2
maand/deploy/execute.go:185.3,185.35 1 20
maand/deploy/execute.go:185.35,186.62 1 21
maand/deploy/execute.go:186.62,188.5 1 0
maand/deploy/execute.go:189.4,189.82 1 21
maand/deploy/execute.go:189.82,191.5 1 0
maand/deploy/execute.go:192.4,192.66 1 21
maand/deploy/execute.go:192.66,194.5 1 0
maand/deploy/execute.go:196.4,197.69 2 21
maand/deploy/execute.go:197.69,199.5 1 0
maand/deploy/execute.go:200.4,200.24 1 21
maand/deploy/execute.go:200.24,202.13 2 1
maand/deploy/execute.go:204.4,204.44 1 20
maand/deploy/execute.go:208.2,208.27 1 22
maand/deploy/execute.go:208.27,209.79 1 16
maand/deploy/execute.go:209.79,211.4 1 0
maand/deploy/execute.go:214.2,214.36 1 22
maand/deploy/execute.go:214.36,216.3 1 0
maand/deploy/execute.go:217.2,217.52 1 22
maand/deploy/filters.go:13.55,14.26 1 62
maand/deploy/filters.go:14.26,16.3 1 58
maand/deploy/filters.go:17.2,17.33 1 4
maand/deploy/filters.go:20.71,22.26 2 33
maand/deploy/filters.go:22.26,26.3 3 31
maand/deploy/filters.go:28.2,30.33 3 2
maand/deploy/filters.go:30.33,32.3 1 2
maand/deploy/filters.go:33.2,33.36 1 2
maand/deploy/filters.go:33.36,34.34 1 5
maand/deploy/filters.go:34.34,36.4 1 2
maand/deploy/filters.go:38.2,38.17 1 2
maand/deploy/filters.go:41.44,43.19 2 2
maand/deploy/filters.go:43.19,45.3 1 1
maand/deploy/filters.go:46.2,48.29 3 1
maand/deploy/filters.go:48.29,50.17 2 4
maand/deploy/filters.go:50.17,52.4 1 3
maand/deploy/filters.go:54.2,54.26 1 1
maand/deploy/final_sync.go:22.9,25.35 2 17
maand/deploy/final_sync.go:25.35,27.17 2 21
maand/deploy/final_sync.go:27.17,29.4 1 0
maand/deploy/final_sync.go:30.3,30.24 1 21
maand/deploy/final_sync.go:30.24,31.12 1 0
maand/deploy/final_sync.go:34.3,34.36 1 21
maand/deploy/final_sync.go:34.36,35.34 1 24
maand/deploy/final_sync.go:35.34,36.13 1 4
maand/deploy/final_sync.go:38.4,38.62 1 20
maand/deploy/final_sync.go:38.62,40.5 1 0
maand/deploy/final_sync.go:41.4,41.37 1 20
maand/deploy/final_sync.go:44.3,44.81 1 21
maand/deploy/final_sync.go:44.81,46.4 1 0
maand/deploy/final_sync.go:48.2,48.12 1 17
maand/deploy/hashes.go:17.60,18.27 1 55
maand/deploy/hashes.go:18.27,19.60 1 57
maand/deploy/hashes.go:19.60,21.4 1 0
maand/deploy/hashes.go:23.2,23.12 1 55
maand/deploy/hashes.go:26.62,28.16 2 57
maand/deploy/hashes.go:28.16,30.3 1 0
maand/deploy/hashes.go:32.2,34.35 2 57
maand/deploy/hashes.go:34.35,39.17 4 62
maand/deploy/hashes.go:39.17,41.4 1 0
maand/deploy/hashes.go:43.3,44.17 2 62
maand/deploy/hashes.go:44.17,46.4 1 0
maand/deploy/hashes.go:47.3,47.80 1 62
maand/deploy/hashes.go:47.80,49.4 1 0
maand/deploy/hashes.go:51.3,52.17 2 62
maand/deploy/hashes.go:52.17,54.4 1 0
maand/deploy/hashes.go:55.3,55.74 1 62
maand/deploy/hashes.go:55.74,57.4 1 0
maand/deploy/hashes.go:59.2,59.12 1 57
maand/deploy/hashes.go:62.58,64.16 2 25
maand/deploy/hashes.go:64.16,66.3 1 0
maand/deploy/hashes.go:68.2,69.35 2 25
maand/deploy/hashes.go:69.35,71.17 2 28
maand/deploy/hashes.go:71.17,73.4 1 0
maand/deploy/hashes.go:75.3,75.77 1 28
maand/deploy/hashes.go:75.77,77.4 1 0
maand/deploy/hashes.go:78.3,79.17 2 28
maand/deploy/hashes.go:79.17,81.4 1 0
maand/deploy/hashes.go:82.3,82.74 1 28
maand/deploy/hashes.go:82.74,84.4 1 0
maand/deploy/hashes.go:86.2,86.12 1 25
maand/deploy/hooks.go:23.33,25.2 1 29
maand/deploy/hooks.go:28.23,30.2 1 80
maand/deploy/hooks.go:45.107,46.31 1 49
maand/deploy/hooks.go:46.31,48.3 1 49
maand/deploy/hooks.go:49.2,49.12 1 49
maand/deploy/hooks.go:53.72,55.31 2 11
maand/deploy/hooks.go:55.31,56.50 1 25
maand/deploy/hooks.go:56.50,58.4 1 8
maand/deploy/hooks.go:60.2,60.14 1 3
maand/deploy/hooks.go:63.99,64.56 1 83
maand/deploy/hooks.go:64.56,66.3 1 83
maand/deploy/hooks.go:67.2,67.59 1 0
maand/deploy/hooks.go:70.68,71.48 1 48
maand/deploy/hooks.go:71.48,73.3 1 48
maand/deploy/hooks.go:74.2,74.38 1 0
maand/deploy/hooks.go:77.67,78.55 1 23
maand/deploy/hooks.go:78.55,80.3 1 23
maand/deploy/hooks.go:81.2,81.38 1 0
maand/deploy/job_deploy.go:20.88,22.16 2 23
maand/deploy/job_deploy.go:22.16,24.3 1 0
maand/deploy/job_deploy.go:26.2,26.23 1 23
maand/deploy/job_deploy.go:26.23,28.3 1 0
maand/deploy/job_deploy.go:30.2,30.68 1 23
maand/deploy/job_deploy.go:30.68,32.3 1 1
maand/deploy/job_deploy.go:33.2,33.79 1 22
maand/deploy/job_deploy.go:33.79,35.3 1 0
maand/deploy/job_deploy.go:37.2,37.39 1 22
maand/deploy/job_deploy.go:40.109,41.12 1 1
maand/deploy/job_deploy.go:41.12,43.17 2 1
maand/deploy/job_deploy.go:43.17,45.4 1 0
maand/deploy/job_deploy.go:46.3,46.20 1 1
maand/deploy/job_deploy.go:46.20,48.4 1 0
maand/deploy/job_deploy.go:51.2,52.16 2 1
maand/deploy/job_deploy.go:52.16,54.3 1 0
maand/deploy/job_deploy.go:56.2,57.16 2 1
maand/deploy/job_deploy.go:57.16,59.3 1 0
maand/deploy/job_deploy.go:60.2,61.16 2 1
maand/deploy/job_deploy.go:61.16,63.3 1 0
maand/deploy/job_deploy.go:65.2,70.35 2 1
maand/deploy/job_deploy.go:70.35,73.17 1 1
maand/deploy/job_deploy.go:73.17,75.4 1 1
maand/deploy/job_deploy.go:78.2,78.83 1 0
maand/deploy/job_deploy.go:78.83,80.3 1 0
maand/deploy/job_deploy.go:81.2,81.39 1 0
maand/deploy/job_deploy.go:85.74,86.60 1 22
maand/deploy/job_deploy.go:86.60,88.3 1 0
maand/deploy/job_deploy.go:89.2,89.39 1 22
maand/deploy/job_kv.go:15.91,16.23 1 25
maand/deploy/job_kv.go:16.23,18.3 1 17
maand/deploy/job_kv.go:20.2,21.16 2 8
maand/deploy/job_kv.go:21.16,23.3 1 0
maand/deploy/job_kv.go:25.2,26.32 2 8
maand/deploy/job_kv.go:26.32,27.35 1 9
maand/deploy/job_kv.go:27.35,28.12 1 1
maand/deploy/job_kv.go:30.3,33.17 3 8
maand/deploy/job_kv.go:33.17,35.4 1 0
maand/deploy/job_kv.go:36.3,36.15 1 8
maand/deploy/job_kv.go:36.15,37.12 1 3
maand/deploy/job_kv.go:40.3,40.61 1 5
maand/deploy/job_kv.go:40.61,42.4 1 20
maand/deploy/job_kv.go:43.3,44.17 2 5
maand/deploy/job_kv.go:44.17,46.4 1 0
maand/deploy/job_kv.go:47.3,47.38 1 5
maand/deploy/job_kv.go:47.38,49.4 1 6
maand/deploy/job_kv.go:52.2,52.43 1 8
maand/deploy/kv_checkpoint.go:16.56,17.59 1 43
maand/deploy/kv_checkpoint.go:17.59,19.3 1 0
maand/deploy/kv_checkpoint.go:20.2,20.12 1 43
maand/deploy/parallel.go:11.100,12.25 1 26
maand/deploy/parallel.go:12.25,14.3 1 0
maand/deploy/parallel.go:15.2,15.21 1 26
maand/deploy/parallel.go:15.21,17.3 1 0
maand/deploy/parallel.go:18.2,18.34 1 26
maand/deploy/parallel.go:18.34,20.3 1 0
maand/deploy/parallel.go:22.2,29.37 2 26
maand/deploy/parallel.go:29.37,32.22 3 29
maand/deploy/parallel.go:32.22,34.17 2 29
maand/deploy/parallel.go:34.17,34.26 1 29
maand/deploy/parallel.go:36.4,36.33 1 29
maand/deploy/parallel.go:36.33,40.5 3 2
maand/deploy/parallel.go:44.2,45.29 2 26
maand/deploy/parallel.go:49.96,50.19 1 4
maand/deploy/parallel.go:50.19,52.3 1 0
maand/deploy/parallel.go:53.2,53.49 1 4
maand/deploy/parallel.go:53.49,55.27 2 6
maand/deploy/parallel.go:55.27,57.4 1 2
maand/deploy/parallel.go:58.3,58.73 1 6
maand/deploy/parallel.go:58.73,60.4 1 0
maand/deploy/parallel.go:62.2,62.12 1 4
maand/deploy/plan_hash.go:17.64,18.20 1 29
maand/deploy/plan_hash.go:18.20,20.3 1 0
maand/deploy/plan_hash.go:22.2,22.64 1 29
maand/deploy/plan_hash.go:22.64,24.3 1 0
maand/deploy/plan_hash.go:26.2,26.51 1 29
maand/deploy/plan_hash.go:26.51,28.3 1 0
maand/deploy/plan_hash.go:29.2,29.39 1 29
maand/deploy/prepare.go:18.69,20.16 2 53
maand/deploy/prepare.go:20.16,22.3 1 0
maand/deploy/prepare.go:24.2,25.16 2 53
maand/deploy/prepare.go:25.16,27.3 1 0
maand/deploy/prepare.go:29.2,30.16 2 53
maand/deploy/prepare.go:30.16,32.3 1 0
maand/deploy/prepare.go:34.2,35.16 2 53
maand/deploy/prepare.go:35.16,37.3 1 0
maand/deploy/prepare.go:39.2,45.8 1 53
maand/deploy/prepare.go:48.62,49.35 1 27
maand/deploy/prepare.go:49.35,50.61 1 30
maand/deploy/prepare.go:50.61,52.4 1 0
maand/deploy/prepare.go:54.2,54.12 1 27
maand/deploy/prepare.go:57.63,59.58 2 51
maand/deploy/prepare.go:59.58,61.3 1 0
maand/deploy/prepare.go:63.2,64.16 2 51
maand/deploy/prepare.go:64.16,66.3 1 0
maand/deploy/prepare.go:68.2,69.16 2 51
maand/deploy/prepare.go:69.16,71.3 1 0
maand/deploy/prepare.go:72.2,72.97 1 51
maand/deploy/prepare.go:72.97,74.3 1 0
maand/deploy/prepare.go:76.2,77.16 2 51
maand/deploy/prepare.go:77.16,79.3 1 0
maand/deploy/prepare.go:81.2,82.16 2 51
maand/deploy/prepare.go:82.16,84.3 1 0
maand/deploy/prepare.go:85.2,85.99 1 51
maand/deploy/prepare.go:85.99,87.3 1 0
maand/deploy/prepare.go:89.2,89.76 1 51
maand/deploy/prepare.go:89.76,91.3 1 0
maand/deploy/prepare.go:92.2,92.100 1 51
maand/deploy/prepare.go:92.100,94.3 1 0
maand/deploy/prepare.go:95.2,95.100 1 51
maand/deploy/prepare.go:95.100,97.3 1 0
maand/deploy/prepare.go:99.2,99.61 1 51
maand/deploy/prepare.go:102.56,103.27 1 58
maand/deploy/prepare.go:103.27,105.17 2 60
maand/deploy/prepare.go:105.17,107.4 1 0
maand/deploy/prepare.go:108.3,108.36 1 60
maand/deploy/prepare.go:108.36,109.64 1 66
maand/deploy/prepare.go:109.64,111.5 1 0
maand/deploy/prepare.go:114.2,114.12 1 58
maand/deploy/prepare.go:117.65,120.85 2 66
maand/deploy/prepare.go:120.85,122.3 1 0
maand/deploy/prepare.go:124.2,125.46 2 66
maand/deploy/prepare.go:125.46,126.99 1 0
maand/deploy/prepare.go:126.99,128.4 1 0
maand/deploy/prepare.go:129.3,129.99 1 0
maand/deploy/prepare.go:129.99,131.4 1 0
maand/deploy/prepare.go:134.2,134.53 1 66
maand/deploy/prepare.go:134.53,136.3 1 0
maand/deploy/prepare.go:137.2,137.39 1 66
maand/deploy/prerequisites.go:13.55,14.22 1 23
maand/deploy/prerequisites.go:14.22,15.48 1 23
maand/deploy/prerequisites.go:15.48,17.4 1 17
maand/deploy/prerequisites.go:18.3,18.13 1 6
maand/deploy/prerequisites.go:21.2,22.16 2 0
maand/deploy/prerequisites.go:22.16,24.3 1 0
maand/deploy/prerequisites.go:25.2,25.58 1 0
maand/deploy/prerequisites.go:25.58,27.3 1 0
maand/deploy/prerequisites.go:29.2,30.16 2 0
maand/deploy/prerequisites.go:30.16,32.3 1 0
maand/deploy/prerequisites.go:33.2,33.57 1 0
maand/deploy/prune_workers.go:20.9,23.16 3 4
maand/deploy/prune_workers.go:23.16,25.3 1 2
maand/deploy/prune_workers.go:25.8,27.3 1 2
maand/deploy/prune_workers.go:28.2,28.77 1 4
maand/deploy/prune_workers.go:28.77,30.3 1 0
maand/deploy/prune_workers.go:31.2,32.70 2 4
maand/deploy/prune_workers.go:32.70,34.3 1 0
maand/deploy/prune_workers.go:35.2,35.12 1 4
maand/deploy/prune_workers.go:38.88,47.70 4 2
maand/deploy/prune_workers.go:47.70,49.3 1 0
maand/deploy/prune_workers.go:50.2,50.12 1 2
maand/deploy/rollout.go:20.60,22.16 2 31
maand/deploy/rollout.go:22.16,24.3 1 0
maand/deploy/rollout.go:25.2,26.35 2 31
maand/deploy/rollout.go:26.35,28.17 2 34
maand/deploy/rollout.go:28.17,30.4 1 0
maand/deploy/rollout.go:31.3,36.17 3 34
maand/deploy/rollout.go:36.17,38.4 1 0
maand/deploy/rollout.go:39.3,39.21 1 34
maand/deploy/rollout.go:39.21,41.4 1 2
maand/deploy/rollout.go:44.2,45.16 2 29
maand/deploy/rollout.go:45.16,47.3 1 0
maand/deploy/rollout.go:48.2,48.29 1 29
maand/deploy/rollout.go:48.29,50.3 1 19
maand/deploy/rollout.go:51.2,52.16 2 10
maand/deploy/rollout.go:52.16,54.3 1 0
maand/deploy/rollout.go:55.2,55.33 1 10
maand/deploy/rollout.go:55.33,57.3 1 5
maand/deploy/rollout.go:59.2,60.16 2 5
maand/deploy/rollout.go:60.16,62.3 1 0
maand/deploy/rollout.go:63.2,63.37 1 5
maand/deploy/rsync.go:18.65,20.16 2 0
maand/deploy/rsync.go:20.16,22.3 1 0
maand/deploy/rsync.go:24.2,25.16 2 0
maand/deploy/rsync.go:25.16,27.3 1 0
maand/deploy/rsync.go:28.2,29.19 2 0
maand/deploy/rsync.go:29.19,31.3 1 0
maand/deploy/rsync.go:32.2,33.16 2 0
maand/deploy/rsync.go:33.16,35.3 1 0
maand/deploy/rsync.go:37.2,37.51 1 0
maand/deploy/rsync.go:37.51,39.3 1 0
maand/deploy/rsync.go:41.2,42.18 2 0
maand/deploy/rsync.go:42.18,44.3 1 0
maand/deploy/rsync.go:46.2,47.16 2 0
[...]
maand/initialize/execute.go:55.2,56.16 2 167
maand/initialize/execute.go:56.16,58.3 1 0
maand/initialize/execute.go:60.2,61.41 2 167
maand/initialize/execute.go:61.41,63.63 2 162
maand/initialize/execute.go:63.63,65.4 1 0
maand/initialize/execute.go:66.3,66.52 1 162
maand/initialize/execute.go:66.52,68.4 1 0
maand/initialize/execute.go:69.8,71.17 2 5
maand/initialize/execute.go:71.17,73.4 1 0
maand/initialize/execute.go:76.2,76.47 1 167
maand/initialize/execute.go:76.47,78.3 1 0
maand/initialize/execute.go:79.2,79.43 1 167
maand/initialize/execute.go:79.43,81.3 1 1
maand/initialize/execute.go:82.2,82.49 1 166
maand/initialize/execute.go:82.49,84.3 1 0
maand/initialize/execute.go:85.2,85.36 1 166
maand/initialize/execute.go:85.36,87.3 1 0
maand/initialize/execute.go:89.2,89.41 1 166
maand/initialize/execute.go:89.41,91.3 1 161
maand/initialize/execute.go:91.8,93.3 1 5
maand/initialize/execute.go:94.2,94.12 1 166
maand/initialize/execute.go:97.38,105.27 2 167
maand/initialize/execute.go:105.27,106.49 1 835
maand/initialize/execute.go:106.49,108.4 1 0
maand/initialize/execute.go:110.2,110.12 1 167
maand/initialize/execute.go:113.35,115.56 2 167
maand/initialize/execute.go:115.56,116.72 1 159
maand/initialize/execute.go:116.72,118.4 1 0
maand/initialize/execute.go:121.2,122.55 2 167
maand/initialize/execute.go:122.55,123.93 1 159
maand/initialize/execute.go:123.93,125.4 1 0
maand/initialize/execute.go:127.2,127.12 1 167
maand/initialize/execute.go:130.39,137.53 2 162
maand/initialize/execute.go:137.53,139.3 1 0
maand/initialize/execute.go:140.2,140.12 1 162
maand/initialize/execute.go:143.38,150.31 7 167
maand/initialize/execute.go:150.31,152.3 1 160
maand/initialize/execute.go:153.2,153.31 1 7
maand/initialize/execute.go:153.31,155.3 1 1
maand/initialize/execute.go:156.2,156.20 1 6
maand/initialize/execute.go:156.20,158.3 1 0
maand/initialize/execute.go:159.2,159.19 1 6
maand/initialize/execute.go:159.19,161.3 1 0
maand/initialize/execute.go:162.2,162.12 1 6
maand/initialize/execute.go:165.74,167.16 2 160
maand/initialize/execute.go:167.16,169.3 1 0
maand/initialize/execute.go:171.2,183.16 4 160
maand/initialize/execute.go:183.16,185.3 1 0
maand/initialize/execute.go:187.2,188.16 2 160
maand/initialize/execute.go:188.16,190.3 1 0
maand/initialize/execute.go:192.2,193.16 2 160
maand/initialize/execute.go:193.16,195.3 1 0
maand/initialize/execute.go:196.2,196.15 1 160
maand/initialize/execute.go:196.15,198.3 1 160
maand/initialize/execute.go:200.2,200.96 1 160
maand/initialize/execute.go:200.96,202.3 1 0
maand/initialize/execute.go:204.2,205.16 2 160
maand/initialize/execute.go:205.16,207.3 1 0
maand/initialize/execute.go:208.2,208.15 1 160
maand/initialize/execute.go:208.15,210.3 1 160
maand/initialize/execute.go:212.2,212.113 1 160
maand/tests/harness.go:22.32,25.2 2 56
maand/tests/harness.go:28.36,32.2 3 52
maand/tests/harness.go:35.34,38.2 2 2
maand/tests/harness.go:40.53,44.2 3 42
maand/tests/harness.go:46.62,52.2 5 26
maand/tests/harness.go:54.43,60.2 5 3
maand/tests/harness.go:62.45,67.2 4 6
maand/tests/harness.go:69.59,76.2 3 2
maand/tests/harness.go:78.57,85.2 3 5
maand/tests/harness.go:87.40,90.2 2 4
maand/tests/harness.go:92.29,95.2 2 20
maand/tests/harness.go:97.55,100.88 3 6
maand/tests/harness.go:100.88,101.19 1 6
maand/tests/harness.go:101.19,104.58 3 15
maand/tests/harness.go:104.58,106.5 1 0
maand/tests/harness.go:107.4,107.32 1 15
maand/tests/harness.go:109.3,109.20 1 6
maand/tests/harness.go:111.2,111.16 1 6
maand/tests/utils.go:21.49,23.16 2 159
maand/tests/utils.go:23.16,25.3 1 0
maand/tests/utils.go:26.2,26.15 1 159
maand/tests/utils.go:26.15,28.3 1 159
maand/tests/utils.go:29.2,29.15 1 159
maand/tests/utils.go:33.60,35.45 2 13
maand/tests/utils.go:35.45,37.3 1 13
maand/tests/utils.go:38.2,38.16 1 13
maand/tests/utils.go:38.16,40.3 1 0
maand/tests/utils.go:44.66,47.45 3 16
maand/tests/utils.go:47.45,49.3 1 16
maand/tests/utils.go:50.2,50.16 1 16
maand/tests/utils.go:50.16,52.3 1 0
maand/tests/utils.go:53.2,53.14 1 16
maand/tests/utils.go:57.91,59.45 2 7
maand/tests/utils.go:59.45,61.17 2 7
maand/tests/utils.go:61.17,63.4 1 0
maand/tests/utils.go:64.3,64.16 1 7
maand/tests/utils.go:64.16,66.4 1 7
maand/tests/utils.go:67.3,67.22 1 7
maand/tests/utils.go:69.2,69.16 1 7
maand/tests/utils.go:69.16,71.3 1 0
maand/tests/utils.go:75.36,77.45 2 61
maand/tests/utils.go:77.45,79.3 1 61
maand/tests/utils.go:80.2,80.16 1 61
maand/tests/utils.go:80.16,81.13 1 0
maand/tests/utils.go:83.2,83.14 1 61
maand/tests/utils.go:87.46,88.45 1 44
maand/tests/utils.go:88.45,90.3 1 44
maand/tests/utils.go:91.2,91.16 1 44
maand/tests/utils.go:91.16,92.13 1 0
maand/tests/utils.go:97.45,99.18 2 139
maand/tests/utils.go:99.18,101.3 1 0
maand/tests/utils.go:102.2,103.16 2 139
maand/tests/utils.go:103.16,105.3 1 11
maand/tests/utils.go:106.2,106.24 1 128
maand/tests/utils.go:109.29,113.2 3 6
maand/tests/utils.go:115.24,135.2 1 42
maand/initialize/execute.go:28.22,29.50 1 32
maand/initialize/execute.go:29.50,31.3 1 0
maand/initialize/execute.go:33.2,36.16 3 32
maand/initialize/execute.go:36.16,38.3 1 0
maand/initialize/execute.go:39.2,39.15 1 32
maand/initialize/execute.go:39.15,41.3 1 32
maand/initialize/execute.go:43.2,44.16 2 32
maand/initialize/execute.go:44.16,46.3 1 0
maand/initialize/execute.go:47.2,47.15 1 32
maand/initialize/execute.go:47.15,49.3 1 32
maand/initialize/execute.go:51.2,51.47 1 32
maand/initialize/execute.go:51.47,53.3 1 0
maand/initialize/execute.go:55.2,56.16 2 32
maand/initialize/execute.go:56.16,58.3 1 0
maand/initialize/execute.go:60.2,61.41 2 32
maand/initialize/execute.go:61.41,63.63 2 32
maand/initialize/execute.go:63.63,65.4 1 0
maand/initialize/execute.go:66.3,66.52 1 32
maand/initialize/execute.go:66.52,68.4 1 0
maand/initialize/execute.go:69.8,71.17 2 0
maand/initialize/execute.go:71.17,73.4 1 0
maand/initialize/execute.go:76.2,76.47 1 32
maand/initialize/execute.go:76.47,78.3 1 0
maand/initialize/execute.go:79.2,79.43 1 32
maand/initialize/execute.go:79.43,81.3 1 0
maand/initialize/execute.go:82.2,82.49 1 32
maand/initialize/execute.go:82.49,84.3 1 0
maand/initialize/execute.go:85.2,85.36 1 32
maand/initialize/execute.go:85.36,87.3 1 0
maand/initialize/execute.go:89.2,89.41 1 32
maand/initialize/execute.go:89.41,91.3 1 32
maand/initialize/execute.go:91.8,93.3 1 0
maand/initialize/execute.go:94.2,94.12 1 32
maand/initialize/execute.go:97.38,105.27 2 32
maand/initialize/execute.go:105.27,106.49 1 160
maand/initialize/execute.go:106.49,108.4 1 0
maand/initialize/execute.go:110.2,110.12 1 32
maand/initialize/execute.go:113.35,115.56 2 32
maand/initialize/execute.go:115.56,116.72 1 32
maand/initialize/execute.go:116.72,118.4 1 0
maand/initialize/execute.go:121.2,122.55 2 32
maand/initialize/execute.go:122.55,123.93 1 32
maand/initialize/execute.go:123.93,125.4 1 0
maand/initialize/execute.go:127.2,127.12 1 32
maand/initialize/execute.go:130.39,137.53 2 32
maand/initialize/execute.go:137.53,139.3 1 0
maand/initialize/execute.go:140.2,140.12 1 32
maand/initialize/execute.go:143.38,150.31 7 32
maand/initialize/execute.go:150.31,152.3 1 32
maand/initialize/execute.go:153.2,153.31 1 0
maand/initialize/execute.go:153.31,155.3 1 0
maand/initialize/execute.go:156.2,156.20 1 0
maand/initialize/execute.go:156.20,158.3 1 0
maand/initialize/execute.go:159.2,159.19 1 0
maand/initialize/execute.go:159.19,161.3 1 0
maand/initialize/execute.go:162.2,162.12 1 0
maand/initialize/execute.go:165.74,167.16 2 32
maand/initialize/execute.go:167.16,169.3 1 0
maand/initialize/execute.go:171.2,183.16 4 32
maand/initialize/execute.go:183.16,185.3 1 0
maand/initialize/execute.go:187.2,188.16 2 32
maand/initialize/execute.go:188.16,190.3 1 0
maand/initialize/execute.go:192.2,193.16 2 32
maand/initialize/execute.go:193.16,195.3 1 0
maand/initialize/execute.go:196.2,196.15 1 32
maand/initialize/execute.go:196.15,198.3 1 32
maand/initialize/execute.go:200.2,200.96 1 32
maand/initialize/execute.go:200.96,202.3 1 0
maand/initialize/execute.go:204.2,205.16 2 32
maand/initialize/execute.go:205.16,207.3 1 0
maand/initialize/execute.go:208.2,208.15 1 32
maand/initialize/execute.go:208.15,210.3 1 32
maand/initialize/execute.go:212.2,212.113 1 32
maand/runcommand/errors.go:26.42,28.37 2 0
maand/runcommand/errors.go:28.37,30.3 1 0
maand/runcommand/errors.go:31.2,31.37 1 0
maand/runcommand/errors.go:34.49,36.2 1 0
maand/runcommand/errors.go:38.63,39.24 1 0
maand/runcommand/errors.go:39.24,41.3 1 0
maand/runcommand/errors.go:43.2,44.9 2 0
maand/runcommand/errors.go:45.51,46.63 1 0
maand/runcommand/errors.go:47.49,48.84 1 0
maand/runcommand/errors.go:49.60,50.78 1 0
maand/runcommand/errors.go:51.10,52.69 1 0
maand/runcommand/errors.go:56.58,57.24 1 15
maand/runcommand/errors.go:57.24,59.3 1 15
maand/runcommand/errors.go:61.2,62.38 2 0
maand/runcommand/errors.go:62.38,67.3 1 0
maand/runcommand/errors.go:69.2,69.66 1 0
maand/runcommand/errors.go:72.35,74.2 1 0
maand/runcommand/errors.go:76.33,78.2 1 0
maand/runcommand/errors.go:80.30,82.2 1 0
maand/runcommand/errors.go:84.42,86.2 1 0
maand/runcommand/errors.go:88.50,90.2 1 0
maand/runcommand/errors.go:92.33,94.2 1 0
maand/runcommand/execute.go:39.106,40.19 1 7
maand/runcommand/execute.go:40.19,42.3 1 0
maand/runcommand/execute.go:43.2,43.39 1 7
maand/runcommand/execute.go:43.39,45.3 1 0
maand/runcommand/execute.go:47.2,48.16 2 7
maand/runcommand/execute.go:48.16,50.3 1 0
maand/runcommand/execute.go:51.2,51.15 1 7
maand/runcommand/execute.go:51.15,53.3 1 7
maand/runcommand/execute.go:55.2,56.16 2 7
maand/runcommand/execute.go:56.16,58.3 1 0
maand/runcommand/execute.go:59.2,59.15 1 7
maand/runcommand/execute.go:59.15,61.3 1 7
maand/runcommand/execute.go:63.2,64.16 2 7
maand/runcommand/execute.go:64.16,66.3 1 0
maand/runcommand/execute.go:68.2,69.16 2 7
maand/runcommand/execute.go:69.16,71.3 1 0
maand/runcommand/execute.go:72.2,72.31 1 7
maand/runcommand/execute.go:72.31,74.3 1 0
maand/runcommand/execute.go:76.2,76.54 1 7
maand/runcommand/execute.go:76.54,78.3 1 0
maand/runcommand/execute.go:80.2,81.16 2 7
maand/runcommand/execute.go:81.16,83.3 1 0
maand/runcommand/execute.go:84.2,84.91 1 7
maand/runcommand/execute.go:84.91,86.3 1 0
maand/runcommand/execute.go:88.2,89.16 2 7
maand/runcommand/execute.go:89.16,91.3 1 0
maand/runcommand/execute.go:93.2,93.70 1 7
maand/runcommand/execute.go:93.70,95.3 1 0
maand/runcommand/execute.go:97.2,98.16 2 7
maand/runcommand/execute.go:98.16,100.3 1 0
maand/runcommand/execute.go:101.2,101.15 1 7
maand/runcommand/execute.go:101.15,103.3 1 7
maand/runcommand/execute.go:105.2,107.21 3 7
maand/runcommand/execute.go:107.21,109.17 2 1
maand/runcommand/execute.go:109.17,111.4 1 0
maand/runcommand/execute.go:112.3,113.17 2 1
maand/runcommand/execute.go:113.17,115.4 1 0
maand/runcommand/execute.go:116.3,116.28 1 1
maand/runcommand/execute.go:119.2,120.40 2 7
maand/runcommand/execute.go:120.40,122.15 2 22
maand/runcommand/execute.go:122.15,123.9 1 7
maand/runcommand/execute.go:126.3,126.90 1 15
maand/runcommand/execute.go:126.90,128.4 1 0
maand/runcommand/execute.go:130.3,130.22 1 15
maand/runcommand/execute.go:130.22,132.86 2 3
maand/runcommand/execute.go:132.86,134.5 1 0
maand/runcommand/execute.go:138.2,138.12 1 7
maand/runcommand/execute.go:141.87,145.9 3 7
maand/runcommand/execute.go:146.29,148.17 2 3
maand/runcommand/execute.go:148.17,150.4 1 0
maand/runcommand/execute.go:152.3,153.30 2 3
maand/runcommand/execute.go:153.30,155.4 1 0
maand/runcommand/execute.go:156.3,156.41 1 3
maand/runcommand/execute.go:158.28,160.17 2 1
maand/runcommand/execute.go:160.17,162.4 1 0
maand/runcommand/execute.go:163.3,163.38 1 1
maand/runcommand/execute.go:165.10,167.17 2 3
maand/runcommand/execute.go:167.17,169.4 1 0
maand/runcommand/execute.go:170.3,170.38 1 3
maand/runcommand/execute.go:174.40,175.15 1 14
maand/runcommand/execute.go:175.15,177.3 1 10
maand/runcommand/execute.go:179.2,181.29 3 4
maand/runcommand/execute.go:181.29,183.17 2 4
maand/runcommand/execute.go:183.17,185.4 1 4
maand/runcommand/execute.go:187.2,187.15 1 4
maand/runcommand/execute.go:190.59,191.43 1 7
maand/runcommand/execute.go:191.43,193.3 1 7
maand/runcommand/execute.go:195.2,196.52 2 0
maand/runcommand/execute.go:196.52,197.25 1 0
maand/runcommand/execute.go:197.25,199.4 1 0
maand/runcommand/execute.go:200.3,200.42 1 0
maand/runcommand/execute.go:203.2,204.16 2 0
maand/runcommand/execute.go:204.16,206.3 1 0
maand/runcommand/execute.go:207.2,207.50 1 0
maand/runcommand/execute.go:207.50,209.3 1 0
maand/runcommand/execute.go:211.2,211.21 1 0
maand/runcommand/execute.go:216.116,218.27 2 15
maand/runcommand/execute.go:218.27,220.3 1 0
maand/runcommand/execute.go:222.2,226.39 4 15
maand/runcommand/execute.go:226.39,229.34 2 15
maand/runcommand/execute.go:229.34,233.18 3 15
maand/runcommand/execute.go:233.18,238.5 4 0
maand/runcommand/execute.go:239.4,239.17 1 15
maand/runcommand/execute.go:239.17,241.5 1 15
maand/runcommand/execute.go:243.4,248.98 2 15
maand/runcommand/execute.go:248.98,252.5 3 0
maand/runcommand/execute.go:256.2,257.37 2 15
maand/runcommand/execute.go:260.96,271.81 5 15
maand/runcommand/execute.go:271.81,273.3 1 0
maand/runcommand/execute.go:275.2,275.28 1 15
maand/runcommand/execute.go:278.58,281.2 2 15
maand/tests/integration/cleanup.go:16.40,18.2 1 0
maand/tests/integration/cleanup.go:20.41,21.77 1 0
maand/tests/integration/cleanup.go:21.77,23.3 1 0
maand/tests/integration/harness.go:31.36,35.6 4 69
maand/tests/integration/harness.go:35.6,36.66 1 207
maand/tests/integration/harness.go:36.66,38.4 1 69
maand/tests/integration/harness.go:39.3,41.15 3 138
maand/tests/integration/harness.go:45.37,47.61 2 69
maand/tests/integration/harness.go:47.61,49.3 1 0
maand/tests/integration/harness.go:50.2,50.45 1 69
maand/tests/integration/harness.go:53.45,56.76 3 35
maand/tests/integration/harness.go:56.76,58.42 2 105
maand/tests/integration/harness.go:58.42,60.4 1 0
maand/tests/integration/harness.go:64.43,67.2 2 32
maand/tests/integration/harness.go:69.64,73.15 4 93
maand/tests/integration/harness.go:73.15,73.33 1 93
maand/tests/integration/harness.go:75.2,78.15 4 93
maand/tests/integration/harness.go:78.15,78.34 1 93
maand/tests/integration/harness.go:80.2,82.32 3 93
maand/tests/integration/harness.go:85.34,91.2 5 31
maand/tests/integration/harness.go:93.40,99.2 5 15
maand/tests/integration/harness.go:101.35,119.2 1 25
maand/tests/integration/harness.go:122.46,129.2 6 15
maand/tests/integration/harness.go:132.43,136.2 3 14
maand/tests/integration/harness.go:140.51,146.2 5 1
maand/tests/integration/harness.go:148.48,156.2 5 1
maand/tests/integration/harness.go:159.47,167.2 7 8
maand/tests/integration/harness.go:169.39,173.15 4 19
maand/tests/integration/harness.go:173.15,173.33 1 19
maand/tests/integration/harness.go:175.2,177.15 3 19
maand/tests/integration/harness.go:177.15,177.36 1 19
maand/tests/integration/harness.go:179.2,182.12 4 19
maand/tests/integration/harness.go:185.55,189.2 3 1
maand/tests/integration/harness.go:191.55,195.15 4 5
maand/tests/integration/harness.go:195.15,195.33 1 5
maand/tests/integration/harness.go:197.2,199.15 3 5
maand/tests/integration/harness.go:199.15,199.36 1 5
maand/tests/integration/harness.go:201.2,202.13 2 5
maand/tests/integration/harness.go:202.13,204.3 1 3
maand/tests/integration/harness.go:205.2,210.14 3 5
maand/tests/integration/harness.go:213.40,217.15 4 25
maand/tests/integration/harness.go:217.15,217.33 1 25
maand/tests/integration/harness.go:219.2,221.15 3 25
maand/tests/integration/harness.go:221.15,221.36 1 25
maand/tests/integration/harness.go:223.2,226.17 4 25
maand/tests/integration/harness.go:229.44,324.34 8 8
maand/tests/integration/harness.go:324.34,326.3 1 48
maand/tests/integration/harness.go:329.61,333.15 4 3
maand/tests/integration/harness.go:333.15,333.33 1 3
maand/tests/integration/harness.go:335.2,337.15 3 3
maand/tests/integration/harness.go:337.15,337.36 1 3
maand/tests/integration/harness.go:339.2,344.14 4 3
maand/tests/integration/harness.go:347.65,351.15 4 7
maand/tests/integration/harness.go:351.15,351.33 1 7
maand/tests/integration/harness.go:353.2,355.15 3 7
maand/tests/integration/harness.go:355.15,355.36 1 7
maand/tests/integration/harness.go:357.2,359.23 3 7
maand/tests/integration/harness.go:359.23,361.3 1 0
maand/tests/integration/harness.go:363.2,364.35 2 7
maand/tests/integration/harness.go:364.35,373.17 5 21
maand/tests/integration/harness.go:373.17,375.4 1 0
maand/tests/integration/harness.go:376.3,376.53 1 21
maand/tests/integration/harness.go:376.53,378.4 1 0
maand/tests/integration/harness.go:379.3,379.71 1 21
maand/tests/integration/harness.go:379.71,381.4 1 0
maand/tests/integration/harness.go:383.2,383.13 1 7
maand/tests/integration/harness.go:386.67,393.2 6 2
maand/tests/integration/harness.go:395.70,403.2 7 2
maand/tests/integration/harness.go:405.59,409.15 4 2
maand/tests/integration/harness.go:409.15,409.33 1 2
maand/tests/integration/harness.go:411.2,413.15 3 2
maand/tests/integration/harness.go:413.15,413.36 1 2
maand/tests/integration/harness.go:415.2,417.14 3 2
maand/tests/integration/harness.go:420.64,424.35 4 4
maand/tests/integration/harness.go:424.35,425.22 1 4
maand/tests/integration/harness.go:425.22,427.4 1 4
maand/tests/integration/harness.go:429.2,430.25 2 0
maand/tests/integration/harness.go:433.67,444.2 7 18
maand/tests/integration/harness.go:446.71,451.2 4 28
maand/tests/integration/harness.go:453.39,475.2 1 7
maand/tests/integration/harness.go:477.65,483.19 5 7
maand/tests/integration/harness.go:483.19,485.3 1 6
maand/tests/integration/harness.go:486.2,488.111 3 7
maand/tests/integration/harness.go:491.66,499.2 7 5
maand/tests/integration/harness.go:501.64,505.15 4 9
maand/tests/integration/harness.go:505.15,505.33 1 9
maand/tests/integration/harness.go:507.2,517.14 6 9
maand/tests/integration/harness.go:520.57,524.15 4 2
maand/tests/integration/harness.go:524.15,524.33 1 2
maand/tests/integration/harness.go:526.2,528.16 3 2
maand/tests/integration/harness.go:531.101,535.15 4 16
maand/tests/integration/harness.go:535.15,535.33 1 16
maand/tests/integration/harness.go:537.2,539.15 3 16
maand/tests/integration/harness.go:539.15,539.36 1 16
maand/tests/integration/harness.go:541.2,558.43 10 16
maand/tests/integration/harness.go:558.43,560.3 1 16
maand/tests/integration/harness.go:560.8,562.3 1 0
maand/tests/integration/harness.go:563.2,563.41 1 16
maand/tests/integration/harness.go:563.41,565.3 1 16
maand/tests/integration/harness.go:565.8,567.3 1 0
maand/tests/integration/harness.go:568.2,568.35 1 16
maand/tests/integration/harness.go:571.67,573.40 2 4
maand/tests/integration/harness.go:573.40,575.24 2 12
maand/tests/integration/harness.go:575.24,577.4 1 0
maand/tests/integration/harness.go:579.2,579.13 1 4
maand/tests/integration/harness.go:582.69,590.2 4 6
maand/tests/integration/monitoring_harness.go:29.43,32.44 3 1
maand/tests/integration/monitoring_harness.go:32.44,36.52 2 3
maand/tests/integration/monitoring_harness.go:36.52,38.4 1 0
maand/tests/integration/monitoring_harness.go:42.41,45.16 3 1
maand/tests/integration/monitoring_harness.go:45.16,47.3 1 0
maand/tests/integration/monitoring_harness.go:50.40,54.2 3 1
maand/tests/integration/monitoring_harness.go:56.41,77.2 9 1
maand/tests/integration/monitoring_harness.go:79.39,108.2 10 1
maand/tests/integration/monitoring_harness.go:110.53,118.2 7 1
maand/tests/integration/monitoring_harness.go:120.53,124.15 4 2
maand/tests/integration/monitoring_harness.go:124.15,124.33 1 2
maand/tests/integration/monitoring_harness.go:126.2,131.12 3 2
maand/tests/integration/monitoring_harness.go:134.65,138.15 4 7
maand/tests/integration/monitoring_harness.go:138.15,138.33 1 7
maand/tests/integration/monitoring_harness.go:140.2,147.13 4 7
maand/tests/integration/monitoring_harness.go:150.36,173.2 1 1
maand/tests/integration/monitoring_harness.go:175.34,197.2 1 1
maand/tests/integration/monitoring_harness.go:199.35,216.2 1 1
maand/tests/integration/monitoring_harness.go:218.33,231.2 1 1
maand/tests/integration/monitoring_harness.go:233.38,251.2 1 1
